
this is traceback message: 
current time: 2021-11-20 07:56:42
Traceback (most recent call last):
  File "autocreatereport.py", line 369, in <module>
    pdf_add_pswd(input_file, output_file, pswd)
  File "autocreatereport.py", line 28, in pdf_add_pswd
    in_file = open(input_file, "rb")
FileNotFoundError: [Errno 2] No such file or directory: '/var/www/html/pdf_reports/2021-11-20/QH211120001_A101166482.pdf'
Stopped at:
公曆 20廿一年 十一月 廿日 週六 十五時57分十秒
Sleep for 5sec

this is traceback message: 
current time: 2021-12-06 07:11:08
Traceback (most recent call last):
  File "autocreatereport.py", line 286, in <module>
    if int(inspectime.strftime('%Y%m%d%H%M%S')) > int(tdat.replace('-', '').replace(':', '').replace(' ', '')):
ValueError: invalid literal for int() with base 10: 'None'
Stopped at:
公曆 20廿一年 十二月 六日 週一 十五時十一分廿四秒
Sleep for 5sec

this is traceback message: 
current time: 2021-12-06 07:11:30
Traceback (most recent call last):
  File "autocreatereport.py", line 286, in <module>
    if int(inspectime.strftime('%Y%m%d%H%M%S')) > int(tdat.replace('-', '').replace(':', '').replace(' ', '')):
ValueError: invalid literal for int() with base 10: 'None'
Stopped again at:
公曆 20廿一年 十二月 六日 週一 十五時十一分卅一秒

this is traceback message: 
current time: 2021-12-06 07:12:47
Traceback (most recent call last):
  File "autocreatereport.py", line 286, in <module>
    if int(inspectime.strftime('%Y%m%d%H%M%S')) > int(tdat.replace('-', '').replace(':', '').replace(' ', '')):
ValueError: invalid literal for int() with base 10: 'None'
Stopped at:
公曆 20廿一年 十二月 六日 週一 十五時十二分47秒
Sleep for 5sec

this is traceback message: 
current time: 2021-12-06 07:12:54
Traceback (most recent call last):
  File "autocreatereport.py", line 286, in <module>
    if int(inspectime.strftime('%Y%m%d%H%M%S')) > int(tdat.replace('-', '').replace(':', '').replace(' ', '')):
ValueError: invalid literal for int() with base 10: 'None'
Stopped again at:
公曆 20廿一年 十二月 六日 週一 十五時十二分54秒

this is traceback message: 
current time: 2021-12-11 06:23:41
Traceback (most recent call last):
  File "autocreatereport.py", line 369, in <module>
    pdf_add_pswd(input_file, output_file, pswd)
  File "autocreatereport.py", line 28, in pdf_add_pswd
    in_file = open(input_file, "rb")
FileNotFoundError: [Errno 2] No such file or directory: '/var/www/html/pdf_reports/2021-12-11/QH211211001_F126171448.pdf'

this is traceback message: 
current time: 2021-12-11 06:23:43
Traceback (most recent call last):
  File "autocreatereport.py", line 369, in <module>
    pdf_add_pswd(input_file, output_file, pswd)
  File "autocreatereport.py", line 28, in pdf_add_pswd
    in_file = open(input_file, "rb")
FileNotFoundError: [Errno 2] No such file or directory: '/var/www/html/pdf_reports/2021-12-11/QH211211002_H122631409.pdf'
Stopped at:
公曆 20廿一年 十二月 十一日 週六 十四時廿四分五秒
Sleep for 5sec

this is traceback message: 
current time: 2021-12-25 07:05:33
Traceback (most recent call last):
  File "autocreatereport.py", line 369, in <module>
    pdf_add_pswd(input_file, output_file, pswd)
  File "autocreatereport.py", line 28, in pdf_add_pswd
    in_file = open(input_file, "rb")
FileNotFoundError: [Errno 2] No such file or directory: '/var/www/html/pdf_reports/2021-12-25/QH211225001_A224159987.pdf'

this is traceback message: 
current time: 2021-12-25 07:05:35
Traceback (most recent call last):
  File "autocreatereport.py", line 369, in <module>
    pdf_add_pswd(input_file, output_file, pswd)
  File "autocreatereport.py", line 28, in pdf_add_pswd
    in_file = open(input_file, "rb")
FileNotFoundError: [Errno 2] No such file or directory: '/var/www/html/pdf_reports/2021-12-25/QH211225002_A170228171.pdf'
Stopped at:
公曆 20廿一年 十二月 廿五日 週六 十五時五分57秒
Sleep for 5sec

this is traceback message: 
current time: 2022-01-01 02:53:37
Traceback (most recent call last):
  File "autocreatereport.py", line 369, in <module>
    pdf_add_pswd(input_file, output_file, pswd)
  File "autocreatereport.py", line 28, in pdf_add_pswd
    in_file = open(input_file, "rb")
FileNotFoundError: [Errno 2] No such file or directory: '/var/www/html/pdf_reports/2022-01-01/Q220101001_F120692895.pdf'
Stopped at:
公曆 20廿二年 一月 一日 週六 十時53分46秒
Sleep for 5sec

this is ex message: 
current time: 2022-02-04 22:36:06
(2003, "Can't connect to MySQL server on 'localhost' ([Errno 111] Connection refused)")Stopped at:
公曆 20廿二年 二月 五日 週六 六時36分九秒
Sleep for 5sec

this is ex message: 
current time: 2022-02-04 22:36:15
(2013, 'Lost connection to MySQL server during query ([Errno 104] Connection reset by peer)')Stopped again at:
公曆 20廿二年 二月 五日 週六 六時36分十五秒

this is traceback message: 
current time: 2022-03-02 09:12:44
Traceback (most recent call last):
  File "autocreatereport.py", line 364, in <module>
    doc.save('/var/www/html/pdf_reports/' + tdate + '/' + name + '.docx')
  File "/usr/local/lib/python3.8/dist-packages/docx/document.py", line 135, in save
    self._part.save(path_or_stream)
  File "/usr/local/lib/python3.8/dist-packages/docx/parts/document.py", line 111, in save
    self.package.save(path_or_stream)
  File "/usr/local/lib/python3.8/dist-packages/docx/opc/package.py", line 172, in save
    PackageWriter.write(pkg_file, self.rels, self.parts)
  File "/usr/local/lib/python3.8/dist-packages/docx/opc/pkgwriter.py", line 32, in write
    phys_writer = PhysPkgWriter(pkg_file)
  File "/usr/local/lib/python3.8/dist-packages/docx/opc/phys_pkg.py", line 141, in __init__
    self._zipf = ZipFile(pkg_file, 'w', compression=ZIP_DEFLATED)
  File "/usr/lib/python3.8/zipfile.py", line 1251, in __init__
    self.fp = io.open(file, filemode)
PermissionError: [Errno 13] Permission denied: '/var/www/html/pdf_reports/2022-03-02/Q220302015_F229082468.docx'

this is traceback message: 
current time: 2022-03-02 09:12:47
Traceback (most recent call last):
  File "autocreatereport.py", line 364, in <module>
    doc.save('/var/www/html/pdf_reports/' + tdate + '/' + name + '.docx')
  File "/usr/local/lib/python3.8/dist-packages/docx/document.py", line 135, in save
    self._part.save(path_or_stream)
  File "/usr/local/lib/python3.8/dist-packages/docx/parts/document.py", line 111, in save
    self.package.save(path_or_stream)
  File "/usr/local/lib/python3.8/dist-packages/docx/opc/package.py", line 172, in save
    PackageWriter.write(pkg_file, self.rels, self.parts)
  File "/usr/local/lib/python3.8/dist-packages/docx/opc/pkgwriter.py", line 32, in write
    phys_writer = PhysPkgWriter(pkg_file)
  File "/usr/local/lib/python3.8/dist-packages/docx/opc/phys_pkg.py", line 141, in __init__
    self._zipf = ZipFile(pkg_file, 'w', compression=ZIP_DEFLATED)
  File "/usr/lib/python3.8/zipfile.py", line 1251, in __init__
    self.fp = io.open(file, filemode)
PermissionError: [Errno 13] Permission denied: '/var/www/html/pdf_reports/2022-03-02/Q220302014_A229212603.docx'

this is traceback message: 
current time: 2022-03-02 09:12:47
Traceback (most recent call last):
  File "autocreatereport.py", line 364, in <module>
    doc.save('/var/www/html/pdf_reports/' + tdate + '/' + name + '.docx')
  File "/usr/local/lib/python3.8/dist-packages/docx/document.py", line 135, in save
    self._part.save(path_or_stream)
  File "/usr/local/lib/python3.8/dist-packages/docx/parts/document.py", line 111, in save
    self.package.save(path_or_stream)
  File "/usr/local/lib/python3.8/dist-packages/docx/opc/package.py", line 172, in save
    PackageWriter.write(pkg_file, self.rels, self.parts)
  File "/usr/local/lib/python3.8/dist-packages/docx/opc/pkgwriter.py", line 32, in write
    phys_writer = PhysPkgWriter(pkg_file)
  File "/usr/local/lib/python3.8/dist-packages/docx/opc/phys_pkg.py", line 141, in __init__
    self._zipf = ZipFile(pkg_file, 'w', compression=ZIP_DEFLATED)
  File "/usr/lib/python3.8/zipfile.py", line 1251, in __init__
    self.fp = io.open(file, filemode)
PermissionError: [Errno 13] Permission denied: '/var/www/html/pdf_reports/2022-03-02/Q220302016_A223977356.docx'

this is traceback message: 
current time: 2022-03-02 09:12:49
Traceback (most recent call last):
  File "autocreatereport.py", line 364, in <module>
    doc.save('/var/www/html/pdf_reports/' + tdate + '/' + name + '.docx')
  File "/usr/local/lib/python3.8/dist-packages/docx/document.py", line 135, in save
    self._part.save(path_or_stream)
  File "/usr/local/lib/python3.8/dist-packages/docx/parts/document.py", line 111, in save
    self.package.save(path_or_stream)
  File "/usr/local/lib/python3.8/dist-packages/docx/opc/package.py", line 172, in save
    PackageWriter.write(pkg_file, self.rels, self.parts)
  File "/usr/local/lib/python3.8/dist-packages/docx/opc/pkgwriter.py", line 32, in write
    phys_writer = PhysPkgWriter(pkg_file)
  File "/usr/local/lib/python3.8/dist-packages/docx/opc/phys_pkg.py", line 141, in __init__
    self._zipf = ZipFile(pkg_file, 'w', compression=ZIP_DEFLATED)
  File "/usr/lib/python3.8/zipfile.py", line 1251, in __init__
    self.fp = io.open(file, filemode)
PermissionError: [Errno 13] Permission denied: '/var/www/html/pdf_reports/2022-03-02/Q220302017_A126479524.docx'
Stopped at:
公曆 20廿二年 三月 二日 週三 十七時十三分32秒
Sleep for 5sec

this is traceback message: 
current time: 2022-03-02 09:13:38
Traceback (most recent call last):
  File "autocreatereport.py", line 364, in <module>
    doc.save('/var/www/html/pdf_reports/' + tdate + '/' + name + '.docx')
  File "/usr/local/lib/python3.8/dist-packages/docx/document.py", line 135, in save
    self._part.save(path_or_stream)
  File "/usr/local/lib/python3.8/dist-packages/docx/parts/document.py", line 111, in save
    self.package.save(path_or_stream)
  File "/usr/local/lib/python3.8/dist-packages/docx/opc/package.py", line 172, in save
    PackageWriter.write(pkg_file, self.rels, self.parts)
  File "/usr/local/lib/python3.8/dist-packages/docx/opc/pkgwriter.py", line 32, in write
    phys_writer = PhysPkgWriter(pkg_file)
  File "/usr/local/lib/python3.8/dist-packages/docx/opc/phys_pkg.py", line 141, in __init__
    self._zipf = ZipFile(pkg_file, 'w', compression=ZIP_DEFLATED)
  File "/usr/lib/python3.8/zipfile.py", line 1251, in __init__
    self.fp = io.open(file, filemode)
PermissionError: [Errno 13] Permission denied: '/var/www/html/pdf_reports/2022-03-02/Q220302017_A126479524.docx'
Stopped again at:
公曆 20廿二年 三月 二日 週三 十七時十三分39秒

this is traceback message: 
current time: 2022-03-03 00:12:08
Traceback (most recent call last):
  File "autocreatereport.py", line 371, in <module>
    pdf_add_pswd(input_file, output_file, pswd)
  File "autocreatereport.py", line 34, in pdf_add_pswd
    out_file = open(output_file, "wb")
PermissionError: [Errno 13] Permission denied: '/var/www/html/pdf_reports/2022-03-02/Q220302017.pdf'

this is traceback message: 
current time: 2022-03-03 00:12:08
Traceback (most recent call last):
  File "autocreatereport.py", line 364, in <module>
    doc.save('/var/www/html/pdf_reports/' + tdate + '/' + name + '.docx')
  File "/usr/local/lib/python3.8/dist-packages/docx/document.py", line 135, in save
    self._part.save(path_or_stream)
  File "/usr/local/lib/python3.8/dist-packages/docx/parts/document.py", line 111, in save
    self.package.save(path_or_stream)
  File "/usr/local/lib/python3.8/dist-packages/docx/opc/package.py", line 172, in save
    PackageWriter.write(pkg_file, self.rels, self.parts)
  File "/usr/local/lib/python3.8/dist-packages/docx/opc/pkgwriter.py", line 32, in write
    phys_writer = PhysPkgWriter(pkg_file)
  File "/usr/local/lib/python3.8/dist-packages/docx/opc/phys_pkg.py", line 141, in __init__
    self._zipf = ZipFile(pkg_file, 'w', compression=ZIP_DEFLATED)
  File "/usr/lib/python3.8/zipfile.py", line 1251, in __init__
    self.fp = io.open(file, filemode)
PermissionError: [Errno 13] Permission denied: '/var/www/html/pdf_reports/2022-03-02/Q220302018_A226485293.docx'

this is traceback message: 
current time: 2022-03-03 00:12:08
Traceback (most recent call last):
  File "autocreatereport.py", line 364, in <module>
    doc.save('/var/www/html/pdf_reports/' + tdate + '/' + name + '.docx')
  File "/usr/local/lib/python3.8/dist-packages/docx/document.py", line 135, in save
    self._part.save(path_or_stream)
  File "/usr/local/lib/python3.8/dist-packages/docx/parts/document.py", line 111, in save
    self.package.save(path_or_stream)
  File "/usr/local/lib/python3.8/dist-packages/docx/opc/package.py", line 172, in save
    PackageWriter.write(pkg_file, self.rels, self.parts)
  File "/usr/local/lib/python3.8/dist-packages/docx/opc/pkgwriter.py", line 32, in write
    phys_writer = PhysPkgWriter(pkg_file)
  File "/usr/local/lib/python3.8/dist-packages/docx/opc/phys_pkg.py", line 141, in __init__
    self._zipf = ZipFile(pkg_file, 'w', compression=ZIP_DEFLATED)
  File "/usr/lib/python3.8/zipfile.py", line 1251, in __init__
    self.fp = io.open(file, filemode)
PermissionError: [Errno 13] Permission denied: '/var/www/html/pdf_reports/2022-03-02/Q220302019_A800064769.docx'

this is traceback message: 
current time: 2022-03-03 00:12:08
Traceback (most recent call last):
  File "autocreatereport.py", line 364, in <module>
    doc.save('/var/www/html/pdf_reports/' + tdate + '/' + name + '.docx')
  File "/usr/local/lib/python3.8/dist-packages/docx/document.py", line 135, in save
    self._part.save(path_or_stream)
  File "/usr/local/lib/python3.8/dist-packages/docx/parts/document.py", line 111, in save
    self.package.save(path_or_stream)
  File "/usr/local/lib/python3.8/dist-packages/docx/opc/package.py", line 172, in save
    PackageWriter.write(pkg_file, self.rels, self.parts)
  File "/usr/local/lib/python3.8/dist-packages/docx/opc/pkgwriter.py", line 32, in write
    phys_writer = PhysPkgWriter(pkg_file)
  File "/usr/local/lib/python3.8/dist-packages/docx/opc/phys_pkg.py", line 141, in __init__
    self._zipf = ZipFile(pkg_file, 'w', compression=ZIP_DEFLATED)
  File "/usr/lib/python3.8/zipfile.py", line 1251, in __init__
    self.fp = io.open(file, filemode)
PermissionError: [Errno 13] Permission denied: '/var/www/html/pdf_reports/2022-03-02/Q220302022_A224402929.docx'

this is traceback message: 
current time: 2022-03-03 00:12:08
Traceback (most recent call last):
  File "autocreatereport.py", line 364, in <module>
    doc.save('/var/www/html/pdf_reports/' + tdate + '/' + name + '.docx')
  File "/usr/local/lib/python3.8/dist-packages/docx/document.py", line 135, in save
    self._part.save(path_or_stream)
  File "/usr/local/lib/python3.8/dist-packages/docx/parts/document.py", line 111, in save
    self.package.save(path_or_stream)
  File "/usr/local/lib/python3.8/dist-packages/docx/opc/package.py", line 172, in save
    PackageWriter.write(pkg_file, self.rels, self.parts)
  File "/usr/local/lib/python3.8/dist-packages/docx/opc/pkgwriter.py", line 32, in write
    phys_writer = PhysPkgWriter(pkg_file)
  File "/usr/local/lib/python3.8/dist-packages/docx/opc/phys_pkg.py", line 141, in __init__
    self._zipf = ZipFile(pkg_file, 'w', compression=ZIP_DEFLATED)
  File "/usr/lib/python3.8/zipfile.py", line 1251, in __init__
    self.fp = io.open(file, filemode)
PermissionError: [Errno 13] Permission denied: '/var/www/html/pdf_reports/2022-03-02/Q220302023_B122561255.docx'

this is traceback message: 
current time: 2022-03-03 00:12:08
Traceback (most recent call last):
  File "autocreatereport.py", line 364, in <module>
    doc.save('/var/www/html/pdf_reports/' + tdate + '/' + name + '.docx')
  File "/usr/local/lib/python3.8/dist-packages/docx/document.py", line 135, in save
    self._part.save(path_or_stream)
  File "/usr/local/lib/python3.8/dist-packages/docx/parts/document.py", line 111, in save
    self.package.save(path_or_stream)
  File "/usr/local/lib/python3.8/dist-packages/docx/opc/package.py", line 172, in save
    PackageWriter.write(pkg_file, self.rels, self.parts)
  File "/usr/local/lib/python3.8/dist-packages/docx/opc/pkgwriter.py", line 32, in write
    phys_writer = PhysPkgWriter(pkg_file)
  File "/usr/local/lib/python3.8/dist-packages/docx/opc/phys_pkg.py", line 141, in __init__
    self._zipf = ZipFile(pkg_file, 'w', compression=ZIP_DEFLATED)
  File "/usr/lib/python3.8/zipfile.py", line 1251, in __init__
    self.fp = io.open(file, filemode)
PermissionError: [Errno 13] Permission denied: '/var/www/html/pdf_reports/2022-03-02/Q220302024_A123362586.docx'

this is traceback message: 
current time: 2022-03-03 00:12:08
Traceback (most recent call last):
  File "autocreatereport.py", line 364, in <module>
    doc.save('/var/www/html/pdf_reports/' + tdate + '/' + name + '.docx')
  File "/usr/local/lib/python3.8/dist-packages/docx/document.py", line 135, in save
    self._part.save(path_or_stream)
  File "/usr/local/lib/python3.8/dist-packages/docx/parts/document.py", line 111, in save
    self.package.save(path_or_stream)
  File "/usr/local/lib/python3.8/dist-packages/docx/opc/package.py", line 172, in save
    PackageWriter.write(pkg_file, self.rels, self.parts)
  File "/usr/local/lib/python3.8/dist-packages/docx/opc/pkgwriter.py", line 32, in write
    phys_writer = PhysPkgWriter(pkg_file)
  File "/usr/local/lib/python3.8/dist-packages/docx/opc/phys_pkg.py", line 141, in __init__
    self._zipf = ZipFile(pkg_file, 'w', compression=ZIP_DEFLATED)
  File "/usr/lib/python3.8/zipfile.py", line 1251, in __init__
    self.fp = io.open(file, filemode)
PermissionError: [Errno 13] Permission denied: '/var/www/html/pdf_reports/2022-03-02/Q220302026_F224196485.docx'

this is traceback message: 
current time: 2022-03-03 00:12:09
Traceback (most recent call last):
  File "autocreatereport.py", line 364, in <module>
    doc.save('/var/www/html/pdf_reports/' + tdate + '/' + name + '.docx')
  File "/usr/local/lib/python3.8/dist-packages/docx/document.py", line 135, in save
    self._part.save(path_or_stream)
  File "/usr/local/lib/python3.8/dist-packages/docx/parts/document.py", line 111, in save
    self.package.save(path_or_stream)
  File "/usr/local/lib/python3.8/dist-packages/docx/opc/package.py", line 172, in save
    PackageWriter.write(pkg_file, self.rels, self.parts)
  File "/usr/local/lib/python3.8/dist-packages/docx/opc/pkgwriter.py", line 32, in write
    phys_writer = PhysPkgWriter(pkg_file)
  File "/usr/local/lib/python3.8/dist-packages/docx/opc/phys_pkg.py", line 141, in __init__
    self._zipf = ZipFile(pkg_file, 'w', compression=ZIP_DEFLATED)
  File "/usr/lib/python3.8/zipfile.py", line 1251, in __init__
    self.fp = io.open(file, filemode)
PermissionError: [Errno 13] Permission denied: '/var/www/html/pdf_reports/2022-03-02/Q220302025_A123789756.docx'

this is traceback message: 
current time: 2022-03-03 00:12:09
Traceback (most recent call last):
  File "autocreatereport.py", line 364, in <module>
    doc.save('/var/www/html/pdf_reports/' + tdate + '/' + name + '.docx')
  File "/usr/local/lib/python3.8/dist-packages/docx/document.py", line 135, in save
    self._part.save(path_or_stream)
  File "/usr/local/lib/python3.8/dist-packages/docx/parts/document.py", line 111, in save
    self.package.save(path_or_stream)
  File "/usr/local/lib/python3.8/dist-packages/docx/opc/package.py", line 172, in save
    PackageWriter.write(pkg_file, self.rels, self.parts)
  File "/usr/local/lib/python3.8/dist-packages/docx/opc/pkgwriter.py", line 32, in write
    phys_writer = PhysPkgWriter(pkg_file)
  File "/usr/local/lib/python3.8/dist-packages/docx/opc/phys_pkg.py", line 141, in __init__
    self._zipf = ZipFile(pkg_file, 'w', compression=ZIP_DEFLATED)
  File "/usr/lib/python3.8/zipfile.py", line 1251, in __init__
    self.fp = io.open(file, filemode)
PermissionError: [Errno 13] Permission denied: '/var/www/html/pdf_reports/2022-03-02/QH220302001_F229131886.docx'

this is traceback message: 
current time: 2022-03-03 00:12:09
Traceback (most recent call last):
  File "autocreatereport.py", line 364, in <module>
    doc.save('/var/www/html/pdf_reports/' + tdate + '/' + name + '.docx')
  File "/usr/local/lib/python3.8/dist-packages/docx/document.py", line 135, in save
    self._part.save(path_or_stream)
  File "/usr/local/lib/python3.8/dist-packages/docx/parts/document.py", line 111, in save
    self.package.save(path_or_stream)
  File "/usr/local/lib/python3.8/dist-packages/docx/opc/package.py", line 172, in save
    PackageWriter.write(pkg_file, self.rels, self.parts)
  File "/usr/local/lib/python3.8/dist-packages/docx/opc/pkgwriter.py", line 32, in write
    phys_writer = PhysPkgWriter(pkg_file)
  File "/usr/local/lib/python3.8/dist-packages/docx/opc/phys_pkg.py", line 141, in __init__
    self._zipf = ZipFile(pkg_file, 'w', compression=ZIP_DEFLATED)
  File "/usr/lib/python3.8/zipfile.py", line 1251, in __init__
    self.fp = io.open(file, filemode)
PermissionError: [Errno 13] Permission denied: '/var/www/html/pdf_reports/2022-03-02/QH220302002_F223197166.docx'

this is traceback message: 
current time: 2022-03-03 00:12:09
Traceback (most recent call last):
  File "autocreatereport.py", line 364, in <module>
    doc.save('/var/www/html/pdf_reports/' + tdate + '/' + name + '.docx')
  File "/usr/local/lib/python3.8/dist-packages/docx/document.py", line 135, in save
    self._part.save(path_or_stream)
  File "/usr/local/lib/python3.8/dist-packages/docx/parts/document.py", line 111, in save
    self.package.save(path_or_stream)
  File "/usr/local/lib/python3.8/dist-packages/docx/opc/package.py", line 172, in save
    PackageWriter.write(pkg_file, self.rels, self.parts)
  File "/usr/local/lib/python3.8/dist-packages/docx/opc/pkgwriter.py", line 32, in write
    phys_writer = PhysPkgWriter(pkg_file)
  File "/usr/local/lib/python3.8/dist-packages/docx/opc/phys_pkg.py", line 141, in __init__
    self._zipf = ZipFile(pkg_file, 'w', compression=ZIP_DEFLATED)
  File "/usr/lib/python3.8/zipfile.py", line 1251, in __init__
    self.fp = io.open(file, filemode)
PermissionError: [Errno 13] Permission denied: '/var/www/html/pdf_reports/2022-03-02/QH220302003_A230416000.docx'

this is traceback message: 
current time: 2022-03-03 00:12:09
Traceback (most recent call last):
  File "autocreatereport.py", line 364, in <module>
    doc.save('/var/www/html/pdf_reports/' + tdate + '/' + name + '.docx')
  File "/usr/local/lib/python3.8/dist-packages/docx/document.py", line 135, in save
    self._part.save(path_or_stream)
  File "/usr/local/lib/python3.8/dist-packages/docx/parts/document.py", line 111, in save
    self.package.save(path_or_stream)
  File "/usr/local/lib/python3.8/dist-packages/docx/opc/package.py", line 172, in save
    PackageWriter.write(pkg_file, self.rels, self.parts)
  File "/usr/local/lib/python3.8/dist-packages/docx/opc/pkgwriter.py", line 32, in write
    phys_writer = PhysPkgWriter(pkg_file)
  File "/usr/local/lib/python3.8/dist-packages/docx/opc/phys_pkg.py", line 141, in __init__
    self._zipf = ZipFile(pkg_file, 'w', compression=ZIP_DEFLATED)
  File "/usr/lib/python3.8/zipfile.py", line 1251, in __init__
    self.fp = io.open(file, filemode)
PermissionError: [Errno 13] Permission denied: '/var/www/html/pdf_reports/2022-03-02/QH220302004_F225595339.docx'

this is traceback message: 
current time: 2022-03-03 00:12:09
Traceback (most recent call last):
  File "autocreatereport.py", line 364, in <module>
    doc.save('/var/www/html/pdf_reports/' + tdate + '/' + name + '.docx')
  File "/usr/local/lib/python3.8/dist-packages/docx/document.py", line 135, in save
    self._part.save(path_or_stream)
  File "/usr/local/lib/python3.8/dist-packages/docx/parts/document.py", line 111, in save
    self.package.save(path_or_stream)
  File "/usr/local/lib/python3.8/dist-packages/docx/opc/package.py", line 172, in save
    PackageWriter.write(pkg_file, self.rels, self.parts)
  File "/usr/local/lib/python3.8/dist-packages/docx/opc/pkgwriter.py", line 32, in write
    phys_writer = PhysPkgWriter(pkg_file)
  File "/usr/local/lib/python3.8/dist-packages/docx/opc/phys_pkg.py", line 141, in __init__
    self._zipf = ZipFile(pkg_file, 'w', compression=ZIP_DEFLATED)
  File "/usr/lib/python3.8/zipfile.py", line 1251, in __init__
    self.fp = io.open(file, filemode)
PermissionError: [Errno 13] Permission denied: '/var/www/html/pdf_reports/2022-03-02/QH220302005_F231792817.docx'

this is traceback message: 
current time: 2022-03-03 00:12:09
Traceback (most recent call last):
  File "autocreatereport.py", line 364, in <module>
    doc.save('/var/www/html/pdf_reports/' + tdate + '/' + name + '.docx')
  File "/usr/local/lib/python3.8/dist-packages/docx/document.py", line 135, in save
    self._part.save(path_or_stream)
  File "/usr/local/lib/python3.8/dist-packages/docx/parts/document.py", line 111, in save
    self.package.save(path_or_stream)
  File "/usr/local/lib/python3.8/dist-packages/docx/opc/package.py", line 172, in save
    PackageWriter.write(pkg_file, self.rels, self.parts)
  File "/usr/local/lib/python3.8/dist-packages/docx/opc/pkgwriter.py", line 32, in write
    phys_writer = PhysPkgWriter(pkg_file)
  File "/usr/local/lib/python3.8/dist-packages/docx/opc/phys_pkg.py", line 141, in __init__
    self._zipf = ZipFile(pkg_file, 'w', compression=ZIP_DEFLATED)
  File "/usr/lib/python3.8/zipfile.py", line 1251, in __init__
    self.fp = io.open(file, filemode)
PermissionError: [Errno 13] Permission denied: '/var/www/html/pdf_reports/2022-03-02/QH220302006_N224927173.docx'

this is traceback message: 
current time: 2022-03-03 00:12:09
Traceback (most recent call last):
  File "autocreatereport.py", line 364, in <module>
    doc.save('/var/www/html/pdf_reports/' + tdate + '/' + name + '.docx')
  File "/usr/local/lib/python3.8/dist-packages/docx/document.py", line 135, in save
    self._part.save(path_or_stream)
  File "/usr/local/lib/python3.8/dist-packages/docx/parts/document.py", line 111, in save
    self.package.save(path_or_stream)
  File "/usr/local/lib/python3.8/dist-packages/docx/opc/package.py", line 172, in save
    PackageWriter.write(pkg_file, self.rels, self.parts)
  File "/usr/local/lib/python3.8/dist-packages/docx/opc/pkgwriter.py", line 32, in write
    phys_writer = PhysPkgWriter(pkg_file)
  File "/usr/local/lib/python3.8/dist-packages/docx/opc/phys_pkg.py", line 141, in __init__
    self._zipf = ZipFile(pkg_file, 'w', compression=ZIP_DEFLATED)
  File "/usr/lib/python3.8/zipfile.py", line 1251, in __init__
    self.fp = io.open(file, filemode)
PermissionError: [Errno 13] Permission denied: '/var/www/html/pdf_reports/2022-03-02/QH220302007_F134666125.docx'

this is traceback message: 
current time: 2022-03-03 00:12:09
Traceback (most recent call last):
  File "autocreatereport.py", line 364, in <module>
    doc.save('/var/www/html/pdf_reports/' + tdate + '/' + name + '.docx')
  File "/usr/local/lib/python3.8/dist-packages/docx/document.py", line 135, in save
    self._part.save(path_or_stream)
  File "/usr/local/lib/python3.8/dist-packages/docx/parts/document.py", line 111, in save
    self.package.save(path_or_stream)
  File "/usr/local/lib/python3.8/dist-packages/docx/opc/package.py", line 172, in save
    PackageWriter.write(pkg_file, self.rels, self.parts)
  File "/usr/local/lib/python3.8/dist-packages/docx/opc/pkgwriter.py", line 32, in write
    phys_writer = PhysPkgWriter(pkg_file)
  File "/usr/local/lib/python3.8/dist-packages/docx/opc/phys_pkg.py", line 141, in __init__
    self._zipf = ZipFile(pkg_file, 'w', compression=ZIP_DEFLATED)
  File "/usr/lib/python3.8/zipfile.py", line 1251, in __init__
    self.fp = io.open(file, filemode)
PermissionError: [Errno 13] Permission denied: '/var/www/html/pdf_reports/2022-03-02/QH220302008_A220232243.docx'

this is traceback message: 
current time: 2022-03-03 00:12:09
Traceback (most recent call last):
  File "autocreatereport.py", line 364, in <module>
    doc.save('/var/www/html/pdf_reports/' + tdate + '/' + name + '.docx')
  File "/usr/local/lib/python3.8/dist-packages/docx/document.py", line 135, in save
    self._part.save(path_or_stream)
  File "/usr/local/lib/python3.8/dist-packages/docx/parts/document.py", line 111, in save
    self.package.save(path_or_stream)
  File "/usr/local/lib/python3.8/dist-packages/docx/opc/package.py", line 172, in save
    PackageWriter.write(pkg_file, self.rels, self.parts)
  File "/usr/local/lib/python3.8/dist-packages/docx/opc/pkgwriter.py", line 32, in write
    phys_writer = PhysPkgWriter(pkg_file)
  File "/usr/local/lib/python3.8/dist-packages/docx/opc/phys_pkg.py", line 141, in __init__
    self._zipf = ZipFile(pkg_file, 'w', compression=ZIP_DEFLATED)
  File "/usr/lib/python3.8/zipfile.py", line 1251, in __init__
    self.fp = io.open(file, filemode)
PermissionError: [Errno 13] Permission denied: '/var/www/html/pdf_reports/2022-03-02/QH220302009_A123508724.docx'

this is traceback message: 
current time: 2022-03-03 00:12:09
Traceback (most recent call last):
  File "autocreatereport.py", line 364, in <module>
    doc.save('/var/www/html/pdf_reports/' + tdate + '/' + name + '.docx')
  File "/usr/local/lib/python3.8/dist-packages/docx/document.py", line 135, in save
    self._part.save(path_or_stream)
  File "/usr/local/lib/python3.8/dist-packages/docx/parts/document.py", line 111, in save
    self.package.save(path_or_stream)
  File "/usr/local/lib/python3.8/dist-packages/docx/opc/package.py", line 172, in save
    PackageWriter.write(pkg_file, self.rels, self.parts)
  File "/usr/local/lib/python3.8/dist-packages/docx/opc/pkgwriter.py", line 32, in write
    phys_writer = PhysPkgWriter(pkg_file)
  File "/usr/local/lib/python3.8/dist-packages/docx/opc/phys_pkg.py", line 141, in __init__
    self._zipf = ZipFile(pkg_file, 'w', compression=ZIP_DEFLATED)
  File "/usr/lib/python3.8/zipfile.py", line 1251, in __init__
    self.fp = io.open(file, filemode)
PermissionError: [Errno 13] Permission denied: '/var/www/html/pdf_reports/2022-03-02/QH220302010_G221502026.docx'

this is traceback message: 
current time: 2022-03-03 00:12:09
Traceback (most recent call last):
  File "autocreatereport.py", line 364, in <module>
    doc.save('/var/www/html/pdf_reports/' + tdate + '/' + name + '.docx')
  File "/usr/local/lib/python3.8/dist-packages/docx/document.py", line 135, in save
    self._part.save(path_or_stream)
  File "/usr/local/lib/python3.8/dist-packages/docx/parts/document.py", line 111, in save
    self.package.save(path_or_stream)
  File "/usr/local/lib/python3.8/dist-packages/docx/opc/package.py", line 172, in save
    PackageWriter.write(pkg_file, self.rels, self.parts)
  File "/usr/local/lib/python3.8/dist-packages/docx/opc/pkgwriter.py", line 32, in write
    phys_writer = PhysPkgWriter(pkg_file)
  File "/usr/local/lib/python3.8/dist-packages/docx/opc/phys_pkg.py", line 141, in __init__
    self._zipf = ZipFile(pkg_file, 'w', compression=ZIP_DEFLATED)
  File "/usr/lib/python3.8/zipfile.py", line 1251, in __init__
    self.fp = io.open(file, filemode)
PermissionError: [Errno 13] Permission denied: '/var/www/html/pdf_reports/2022-03-02/QH220302011_F134890363.docx'

this is traceback message: 
current time: 2022-03-03 00:12:09
Traceback (most recent call last):
  File "autocreatereport.py", line 364, in <module>
    doc.save('/var/www/html/pdf_reports/' + tdate + '/' + name + '.docx')
  File "/usr/local/lib/python3.8/dist-packages/docx/document.py", line 135, in save
    self._part.save(path_or_stream)
  File "/usr/local/lib/python3.8/dist-packages/docx/parts/document.py", line 111, in save
    self.package.save(path_or_stream)
  File "/usr/local/lib/python3.8/dist-packages/docx/opc/package.py", line 172, in save
    PackageWriter.write(pkg_file, self.rels, self.parts)
  File "/usr/local/lib/python3.8/dist-packages/docx/opc/pkgwriter.py", line 32, in write
    phys_writer = PhysPkgWriter(pkg_file)
  File "/usr/local/lib/python3.8/dist-packages/docx/opc/phys_pkg.py", line 141, in __init__
    self._zipf = ZipFile(pkg_file, 'w', compression=ZIP_DEFLATED)
  File "/usr/lib/python3.8/zipfile.py", line 1251, in __init__
    self.fp = io.open(file, filemode)
PermissionError: [Errno 13] Permission denied: '/var/www/html/pdf_reports/2022-03-02/QH220302012_F227535279.docx'

this is traceback message: 
current time: 2022-03-03 00:12:09
Traceback (most recent call last):
  File "autocreatereport.py", line 364, in <module>
    doc.save('/var/www/html/pdf_reports/' + tdate + '/' + name + '.docx')
  File "/usr/local/lib/python3.8/dist-packages/docx/document.py", line 135, in save
    self._part.save(path_or_stream)
  File "/usr/local/lib/python3.8/dist-packages/docx/parts/document.py", line 111, in save
    self.package.save(path_or_stream)
  File "/usr/local/lib/python3.8/dist-packages/docx/opc/package.py", line 172, in save
    PackageWriter.write(pkg_file, self.rels, self.parts)
  File "/usr/local/lib/python3.8/dist-packages/docx/opc/pkgwriter.py", line 32, in write
    phys_writer = PhysPkgWriter(pkg_file)
  File "/usr/local/lib/python3.8/dist-packages/docx/opc/phys_pkg.py", line 141, in __init__
    self._zipf = ZipFile(pkg_file, 'w', compression=ZIP_DEFLATED)
  File "/usr/lib/python3.8/zipfile.py", line 1251, in __init__
    self.fp = io.open(file, filemode)
PermissionError: [Errno 13] Permission denied: '/var/www/html/pdf_reports/2022-03-02/QH220302013_H226566932.docx'

this is traceback message: 
current time: 2022-03-03 00:12:09
Traceback (most recent call last):
  File "autocreatereport.py", line 364, in <module>
    doc.save('/var/www/html/pdf_reports/' + tdate + '/' + name + '.docx')
  File "/usr/local/lib/python3.8/dist-packages/docx/document.py", line 135, in save
    self._part.save(path_or_stream)
  File "/usr/local/lib/python3.8/dist-packages/docx/parts/document.py", line 111, in save
    self.package.save(path_or_stream)
  File "/usr/local/lib/python3.8/dist-packages/docx/opc/package.py", line 172, in save
    PackageWriter.write(pkg_file, self.rels, self.parts)
  File "/usr/local/lib/python3.8/dist-packages/docx/opc/pkgwriter.py", line 32, in write
    phys_writer = PhysPkgWriter(pkg_file)
  File "/usr/local/lib/python3.8/dist-packages/docx/opc/phys_pkg.py", line 141, in __init__
    self._zipf = ZipFile(pkg_file, 'w', compression=ZIP_DEFLATED)
  File "/usr/lib/python3.8/zipfile.py", line 1251, in __init__
    self.fp = io.open(file, filemode)
PermissionError: [Errno 13] Permission denied: '/var/www/html/pdf_reports/2022-03-02/QH220302014_F226436437.docx'

this is traceback message: 
current time: 2022-03-03 00:12:09
Traceback (most recent call last):
  File "autocreatereport.py", line 364, in <module>
    doc.save('/var/www/html/pdf_reports/' + tdate + '/' + name + '.docx')
  File "/usr/local/lib/python3.8/dist-packages/docx/document.py", line 135, in save
    self._part.save(path_or_stream)
  File "/usr/local/lib/python3.8/dist-packages/docx/parts/document.py", line 111, in save
    self.package.save(path_or_stream)
  File "/usr/local/lib/python3.8/dist-packages/docx/opc/package.py", line 172, in save
    PackageWriter.write(pkg_file, self.rels, self.parts)
  File "/usr/local/lib/python3.8/dist-packages/docx/opc/pkgwriter.py", line 32, in write
    phys_writer = PhysPkgWriter(pkg_file)
  File "/usr/local/lib/python3.8/dist-packages/docx/opc/phys_pkg.py", line 141, in __init__
    self._zipf = ZipFile(pkg_file, 'w', compression=ZIP_DEFLATED)
  File "/usr/lib/python3.8/zipfile.py", line 1251, in __init__
    self.fp = io.open(file, filemode)
PermissionError: [Errno 13] Permission denied: '/var/www/html/pdf_reports/2022-03-02/QH220302015_F233733209.docx'

this is traceback message: 
current time: 2022-03-03 00:12:09
Traceback (most recent call last):
  File "autocreatereport.py", line 364, in <module>
    doc.save('/var/www/html/pdf_reports/' + tdate + '/' + name + '.docx')
  File "/usr/local/lib/python3.8/dist-packages/docx/document.py", line 135, in save
    self._part.save(path_or_stream)
  File "/usr/local/lib/python3.8/dist-packages/docx/parts/document.py", line 111, in save
    self.package.save(path_or_stream)
  File "/usr/local/lib/python3.8/dist-packages/docx/opc/package.py", line 172, in save
    PackageWriter.write(pkg_file, self.rels, self.parts)
  File "/usr/local/lib/python3.8/dist-packages/docx/opc/pkgwriter.py", line 32, in write
    phys_writer = PhysPkgWriter(pkg_file)
  File "/usr/local/lib/python3.8/dist-packages/docx/opc/phys_pkg.py", line 141, in __init__
    self._zipf = ZipFile(pkg_file, 'w', compression=ZIP_DEFLATED)
  File "/usr/lib/python3.8/zipfile.py", line 1251, in __init__
    self.fp = io.open(file, filemode)
PermissionError: [Errno 13] Permission denied: '/var/www/html/pdf_reports/2022-03-02/QH220302016_H223444322.docx'

this is traceback message: 
current time: 2022-03-03 00:12:10
Traceback (most recent call last):
  File "autocreatereport.py", line 364, in <module>
    doc.save('/var/www/html/pdf_reports/' + tdate + '/' + name + '.docx')
  File "/usr/local/lib/python3.8/dist-packages/docx/document.py", line 135, in save
    self._part.save(path_or_stream)
  File "/usr/local/lib/python3.8/dist-packages/docx/parts/document.py", line 111, in save
    self.package.save(path_or_stream)
  File "/usr/local/lib/python3.8/dist-packages/docx/opc/package.py", line 172, in save
    PackageWriter.write(pkg_file, self.rels, self.parts)
  File "/usr/local/lib/python3.8/dist-packages/docx/opc/pkgwriter.py", line 32, in write
    phys_writer = PhysPkgWriter(pkg_file)
  File "/usr/local/lib/python3.8/dist-packages/docx/opc/phys_pkg.py", line 141, in __init__
    self._zipf = ZipFile(pkg_file, 'w', compression=ZIP_DEFLATED)
  File "/usr/lib/python3.8/zipfile.py", line 1251, in __init__
    self.fp = io.open(file, filemode)
PermissionError: [Errno 13] Permission denied: '/var/www/html/pdf_reports/2022-03-02/QH220302017_F134858856.docx'

this is traceback message: 
current time: 2022-03-03 00:12:10
Traceback (most recent call last):
  File "autocreatereport.py", line 364, in <module>
    doc.save('/var/www/html/pdf_reports/' + tdate + '/' + name + '.docx')
  File "/usr/local/lib/python3.8/dist-packages/docx/document.py", line 135, in save
    self._part.save(path_or_stream)
  File "/usr/local/lib/python3.8/dist-packages/docx/parts/document.py", line 111, in save
    self.package.save(path_or_stream)
  File "/usr/local/lib/python3.8/dist-packages/docx/opc/package.py", line 172, in save
    PackageWriter.write(pkg_file, self.rels, self.parts)
  File "/usr/local/lib/python3.8/dist-packages/docx/opc/pkgwriter.py", line 32, in write
    phys_writer = PhysPkgWriter(pkg_file)
  File "/usr/local/lib/python3.8/dist-packages/docx/opc/phys_pkg.py", line 141, in __init__
    self._zipf = ZipFile(pkg_file, 'w', compression=ZIP_DEFLATED)
  File "/usr/lib/python3.8/zipfile.py", line 1251, in __init__
    self.fp = io.open(file, filemode)
PermissionError: [Errno 13] Permission denied: '/var/www/html/pdf_reports/2022-03-02/QH220302018_N125039607.docx'

this is traceback message: 
current time: 2022-03-03 00:12:10
Traceback (most recent call last):
  File "autocreatereport.py", line 364, in <module>
    doc.save('/var/www/html/pdf_reports/' + tdate + '/' + name + '.docx')
  File "/usr/local/lib/python3.8/dist-packages/docx/document.py", line 135, in save
    self._part.save(path_or_stream)
  File "/usr/local/lib/python3.8/dist-packages/docx/parts/document.py", line 111, in save
    self.package.save(path_or_stream)
  File "/usr/local/lib/python3.8/dist-packages/docx/opc/package.py", line 172, in save
    PackageWriter.write(pkg_file, self.rels, self.parts)
  File "/usr/local/lib/python3.8/dist-packages/docx/opc/pkgwriter.py", line 32, in write
    phys_writer = PhysPkgWriter(pkg_file)
  File "/usr/local/lib/python3.8/dist-packages/docx/opc/phys_pkg.py", line 141, in __init__
    self._zipf = ZipFile(pkg_file, 'w', compression=ZIP_DEFLATED)
  File "/usr/lib/python3.8/zipfile.py", line 1251, in __init__
    self.fp = io.open(file, filemode)
PermissionError: [Errno 13] Permission denied: '/var/www/html/pdf_reports/2022-03-02/QH220302019_F135106539.docx'

this is traceback message: 
current time: 2022-03-03 00:12:10
Traceback (most recent call last):
  File "autocreatereport.py", line 364, in <module>
    doc.save('/var/www/html/pdf_reports/' + tdate + '/' + name + '.docx')
  File "/usr/local/lib/python3.8/dist-packages/docx/document.py", line 135, in save
    self._part.save(path_or_stream)
  File "/usr/local/lib/python3.8/dist-packages/docx/parts/document.py", line 111, in save
    self.package.save(path_or_stream)
  File "/usr/local/lib/python3.8/dist-packages/docx/opc/package.py", line 172, in save
    PackageWriter.write(pkg_file, self.rels, self.parts)
  File "/usr/local/lib/python3.8/dist-packages/docx/opc/pkgwriter.py", line 32, in write
    phys_writer = PhysPkgWriter(pkg_file)
  File "/usr/local/lib/python3.8/dist-packages/docx/opc/phys_pkg.py", line 141, in __init__
    self._zipf = ZipFile(pkg_file, 'w', compression=ZIP_DEFLATED)
  File "/usr/lib/python3.8/zipfile.py", line 1251, in __init__
    self.fp = io.open(file, filemode)
PermissionError: [Errno 13] Permission denied: '/var/www/html/pdf_reports/2022-03-02/QH220302020_F233612296.docx'

this is traceback message: 
current time: 2022-03-03 00:12:10
Traceback (most recent call last):
  File "autocreatereport.py", line 364, in <module>
    doc.save('/var/www/html/pdf_reports/' + tdate + '/' + name + '.docx')
  File "/usr/local/lib/python3.8/dist-packages/docx/document.py", line 135, in save
    self._part.save(path_or_stream)
  File "/usr/local/lib/python3.8/dist-packages/docx/parts/document.py", line 111, in save
    self.package.save(path_or_stream)
  File "/usr/local/lib/python3.8/dist-packages/docx/opc/package.py", line 172, in save
    PackageWriter.write(pkg_file, self.rels, self.parts)
  File "/usr/local/lib/python3.8/dist-packages/docx/opc/pkgwriter.py", line 32, in write
    phys_writer = PhysPkgWriter(pkg_file)
  File "/usr/local/lib/python3.8/dist-packages/docx/opc/phys_pkg.py", line 141, in __init__
    self._zipf = ZipFile(pkg_file, 'w', compression=ZIP_DEFLATED)
  File "/usr/lib/python3.8/zipfile.py", line 1251, in __init__
    self.fp = io.open(file, filemode)
PermissionError: [Errno 13] Permission denied: '/var/www/html/pdf_reports/2022-03-02/QH220302021_F227040113.docx'

this is traceback message: 
current time: 2022-03-03 00:12:10
Traceback (most recent call last):
  File "autocreatereport.py", line 364, in <module>
    doc.save('/var/www/html/pdf_reports/' + tdate + '/' + name + '.docx')
  File "/usr/local/lib/python3.8/dist-packages/docx/document.py", line 135, in save
    self._part.save(path_or_stream)
  File "/usr/local/lib/python3.8/dist-packages/docx/parts/document.py", line 111, in save
    self.package.save(path_or_stream)
  File "/usr/local/lib/python3.8/dist-packages/docx/opc/package.py", line 172, in save
    PackageWriter.write(pkg_file, self.rels, self.parts)
  File "/usr/local/lib/python3.8/dist-packages/docx/opc/pkgwriter.py", line 32, in write
    phys_writer = PhysPkgWriter(pkg_file)
  File "/usr/local/lib/python3.8/dist-packages/docx/opc/phys_pkg.py", line 141, in __init__
    self._zipf = ZipFile(pkg_file, 'w', compression=ZIP_DEFLATED)
  File "/usr/lib/python3.8/zipfile.py", line 1251, in __init__
    self.fp = io.open(file, filemode)
PermissionError: [Errno 13] Permission denied: '/var/www/html/pdf_reports/2022-03-02/QH220302023_F233890352.docx'

this is traceback message: 
current time: 2022-03-03 00:12:10
Traceback (most recent call last):
  File "autocreatereport.py", line 364, in <module>
    doc.save('/var/www/html/pdf_reports/' + tdate + '/' + name + '.docx')
  File "/usr/local/lib/python3.8/dist-packages/docx/document.py", line 135, in save
    self._part.save(path_or_stream)
  File "/usr/local/lib/python3.8/dist-packages/docx/parts/document.py", line 111, in save
    self.package.save(path_or_stream)
  File "/usr/local/lib/python3.8/dist-packages/docx/opc/package.py", line 172, in save
    PackageWriter.write(pkg_file, self.rels, self.parts)
  File "/usr/local/lib/python3.8/dist-packages/docx/opc/pkgwriter.py", line 32, in write
    phys_writer = PhysPkgWriter(pkg_file)
  File "/usr/local/lib/python3.8/dist-packages/docx/opc/phys_pkg.py", line 141, in __init__
    self._zipf = ZipFile(pkg_file, 'w', compression=ZIP_DEFLATED)
  File "/usr/lib/python3.8/zipfile.py", line 1251, in __init__
    self.fp = io.open(file, filemode)
PermissionError: [Errno 13] Permission denied: '/var/www/html/pdf_reports/2022-03-02/QH220302024_F225771240.docx'

this is traceback message: 
current time: 2022-03-03 00:12:10
Traceback (most recent call last):
  File "autocreatereport.py", line 364, in <module>
    doc.save('/var/www/html/pdf_reports/' + tdate + '/' + name + '.docx')
  File "/usr/local/lib/python3.8/dist-packages/docx/document.py", line 135, in save
    self._part.save(path_or_stream)
  File "/usr/local/lib/python3.8/dist-packages/docx/parts/document.py", line 111, in save
    self.package.save(path_or_stream)
  File "/usr/local/lib/python3.8/dist-packages/docx/opc/package.py", line 172, in save
    PackageWriter.write(pkg_file, self.rels, self.parts)
  File "/usr/local/lib/python3.8/dist-packages/docx/opc/pkgwriter.py", line 32, in write
    phys_writer = PhysPkgWriter(pkg_file)
  File "/usr/local/lib/python3.8/dist-packages/docx/opc/phys_pkg.py", line 141, in __init__
    self._zipf = ZipFile(pkg_file, 'w', compression=ZIP_DEFLATED)
  File "/usr/lib/python3.8/zipfile.py", line 1251, in __init__
    self.fp = io.open(file, filemode)
PermissionError: [Errno 13] Permission denied: '/var/www/html/pdf_reports/2022-03-02/QH220302025_N123720187.docx'

this is traceback message: 
current time: 2022-03-03 00:12:10
Traceback (most recent call last):
  File "autocreatereport.py", line 364, in <module>
    doc.save('/var/www/html/pdf_reports/' + tdate + '/' + name + '.docx')
  File "/usr/local/lib/python3.8/dist-packages/docx/document.py", line 135, in save
    self._part.save(path_or_stream)
  File "/usr/local/lib/python3.8/dist-packages/docx/parts/document.py", line 111, in save
    self.package.save(path_or_stream)
  File "/usr/local/lib/python3.8/dist-packages/docx/opc/package.py", line 172, in save
    PackageWriter.write(pkg_file, self.rels, self.parts)
  File "/usr/local/lib/python3.8/dist-packages/docx/opc/pkgwriter.py", line 32, in write
    phys_writer = PhysPkgWriter(pkg_file)
  File "/usr/local/lib/python3.8/dist-packages/docx/opc/phys_pkg.py", line 141, in __init__
    self._zipf = ZipFile(pkg_file, 'w', compression=ZIP_DEFLATED)
  File "/usr/lib/python3.8/zipfile.py", line 1251, in __init__
    self.fp = io.open(file, filemode)
PermissionError: [Errno 13] Permission denied: '/var/www/html/pdf_reports/2022-03-02/QH220302026_A232615403.docx'

this is traceback message: 
current time: 2022-03-03 00:12:10
Traceback (most recent call last):
  File "autocreatereport.py", line 364, in <module>
    doc.save('/var/www/html/pdf_reports/' + tdate + '/' + name + '.docx')
  File "/usr/local/lib/python3.8/dist-packages/docx/document.py", line 135, in save
    self._part.save(path_or_stream)
  File "/usr/local/lib/python3.8/dist-packages/docx/parts/document.py", line 111, in save
    self.package.save(path_or_stream)
  File "/usr/local/lib/python3.8/dist-packages/docx/opc/package.py", line 172, in save
    PackageWriter.write(pkg_file, self.rels, self.parts)
  File "/usr/local/lib/python3.8/dist-packages/docx/opc/pkgwriter.py", line 32, in write
    phys_writer = PhysPkgWriter(pkg_file)
  File "/usr/local/lib/python3.8/dist-packages/docx/opc/phys_pkg.py", line 141, in __init__
    self._zipf = ZipFile(pkg_file, 'w', compression=ZIP_DEFLATED)
  File "/usr/lib/python3.8/zipfile.py", line 1251, in __init__
    self.fp = io.open(file, filemode)
PermissionError: [Errno 13] Permission denied: '/var/www/html/pdf_reports/2022-03-02/QH220302027_A225872863.docx'

this is traceback message: 
current time: 2022-03-03 00:12:10
Traceback (most recent call last):
  File "autocreatereport.py", line 364, in <module>
    doc.save('/var/www/html/pdf_reports/' + tdate + '/' + name + '.docx')
  File "/usr/local/lib/python3.8/dist-packages/docx/document.py", line 135, in save
    self._part.save(path_or_stream)
  File "/usr/local/lib/python3.8/dist-packages/docx/parts/document.py", line 111, in save
    self.package.save(path_or_stream)
  File "/usr/local/lib/python3.8/dist-packages/docx/opc/package.py", line 172, in save
    PackageWriter.write(pkg_file, self.rels, self.parts)
  File "/usr/local/lib/python3.8/dist-packages/docx/opc/pkgwriter.py", line 32, in write
    phys_writer = PhysPkgWriter(pkg_file)
  File "/usr/local/lib/python3.8/dist-packages/docx/opc/phys_pkg.py", line 141, in __init__
    self._zipf = ZipFile(pkg_file, 'w', compression=ZIP_DEFLATED)
  File "/usr/lib/python3.8/zipfile.py", line 1251, in __init__
    self.fp = io.open(file, filemode)
PermissionError: [Errno 13] Permission denied: '/var/www/html/pdf_reports/2022-03-02/QH220302028_F134110600.docx'

this is traceback message: 
current time: 2022-03-03 00:12:10
Traceback (most recent call last):
  File "autocreatereport.py", line 364, in <module>
    doc.save('/var/www/html/pdf_reports/' + tdate + '/' + name + '.docx')
  File "/usr/local/lib/python3.8/dist-packages/docx/document.py", line 135, in save
    self._part.save(path_or_stream)
  File "/usr/local/lib/python3.8/dist-packages/docx/parts/document.py", line 111, in save
    self.package.save(path_or_stream)
  File "/usr/local/lib/python3.8/dist-packages/docx/opc/package.py", line 172, in save
    PackageWriter.write(pkg_file, self.rels, self.parts)
  File "/usr/local/lib/python3.8/dist-packages/docx/opc/pkgwriter.py", line 32, in write
    phys_writer = PhysPkgWriter(pkg_file)
  File "/usr/local/lib/python3.8/dist-packages/docx/opc/phys_pkg.py", line 141, in __init__
    self._zipf = ZipFile(pkg_file, 'w', compression=ZIP_DEFLATED)
  File "/usr/lib/python3.8/zipfile.py", line 1251, in __init__
    self.fp = io.open(file, filemode)
PermissionError: [Errno 13] Permission denied: '/var/www/html/pdf_reports/2022-03-02/QH220302029_D220918689.docx'

this is traceback message: 
current time: 2022-03-03 00:12:10
Traceback (most recent call last):
  File "autocreatereport.py", line 364, in <module>
    doc.save('/var/www/html/pdf_reports/' + tdate + '/' + name + '.docx')
  File "/usr/local/lib/python3.8/dist-packages/docx/document.py", line 135, in save
    self._part.save(path_or_stream)
  File "/usr/local/lib/python3.8/dist-packages/docx/parts/document.py", line 111, in save
    self.package.save(path_or_stream)
  File "/usr/local/lib/python3.8/dist-packages/docx/opc/package.py", line 172, in save
    PackageWriter.write(pkg_file, self.rels, self.parts)
  File "/usr/local/lib/python3.8/dist-packages/docx/opc/pkgwriter.py", line 32, in write
    phys_writer = PhysPkgWriter(pkg_file)
  File "/usr/local/lib/python3.8/dist-packages/docx/opc/phys_pkg.py", line 141, in __init__
    self._zipf = ZipFile(pkg_file, 'w', compression=ZIP_DEFLATED)
  File "/usr/lib/python3.8/zipfile.py", line 1251, in __init__
    self.fp = io.open(file, filemode)
PermissionError: [Errno 13] Permission denied: '/var/www/html/pdf_reports/2022-03-02/QH220302030_F128856159.docx'

this is traceback message: 
current time: 2022-03-03 00:12:10
Traceback (most recent call last):
  File "autocreatereport.py", line 364, in <module>
    doc.save('/var/www/html/pdf_reports/' + tdate + '/' + name + '.docx')
  File "/usr/local/lib/python3.8/dist-packages/docx/document.py", line 135, in save
    self._part.save(path_or_stream)
  File "/usr/local/lib/python3.8/dist-packages/docx/parts/document.py", line 111, in save
    self.package.save(path_or_stream)
  File "/usr/local/lib/python3.8/dist-packages/docx/opc/package.py", line 172, in save
    PackageWriter.write(pkg_file, self.rels, self.parts)
  File "/usr/local/lib/python3.8/dist-packages/docx/opc/pkgwriter.py", line 32, in write
    phys_writer = PhysPkgWriter(pkg_file)
  File "/usr/local/lib/python3.8/dist-packages/docx/opc/phys_pkg.py", line 141, in __init__
    self._zipf = ZipFile(pkg_file, 'w', compression=ZIP_DEFLATED)
  File "/usr/lib/python3.8/zipfile.py", line 1251, in __init__
    self.fp = io.open(file, filemode)
PermissionError: [Errno 13] Permission denied: '/var/www/html/pdf_reports/2022-03-02/QH220302031_F126315986.docx'

this is traceback message: 
current time: 2022-03-03 00:12:10
Traceback (most recent call last):
  File "autocreatereport.py", line 364, in <module>
    doc.save('/var/www/html/pdf_reports/' + tdate + '/' + name + '.docx')
  File "/usr/local/lib/python3.8/dist-packages/docx/document.py", line 135, in save
    self._part.save(path_or_stream)
  File "/usr/local/lib/python3.8/dist-packages/docx/parts/document.py", line 111, in save
    self.package.save(path_or_stream)
  File "/usr/local/lib/python3.8/dist-packages/docx/opc/package.py", line 172, in save
    PackageWriter.write(pkg_file, self.rels, self.parts)
  File "/usr/local/lib/python3.8/dist-packages/docx/opc/pkgwriter.py", line 32, in write
    phys_writer = PhysPkgWriter(pkg_file)
  File "/usr/local/lib/python3.8/dist-packages/docx/opc/phys_pkg.py", line 141, in __init__
    self._zipf = ZipFile(pkg_file, 'w', compression=ZIP_DEFLATED)
  File "/usr/lib/python3.8/zipfile.py", line 1251, in __init__
    self.fp = io.open(file, filemode)
PermissionError: [Errno 13] Permission denied: '/var/www/html/pdf_reports/2022-03-02/QH220302032_F135022047.docx'

this is traceback message: 
current time: 2022-03-03 00:12:10
Traceback (most recent call last):
  File "autocreatereport.py", line 364, in <module>
    doc.save('/var/www/html/pdf_reports/' + tdate + '/' + name + '.docx')
  File "/usr/local/lib/python3.8/dist-packages/docx/document.py", line 135, in save
    self._part.save(path_or_stream)
  File "/usr/local/lib/python3.8/dist-packages/docx/parts/document.py", line 111, in save
    self.package.save(path_or_stream)
  File "/usr/local/lib/python3.8/dist-packages/docx/opc/package.py", line 172, in save
    PackageWriter.write(pkg_file, self.rels, self.parts)
  File "/usr/local/lib/python3.8/dist-packages/docx/opc/pkgwriter.py", line 32, in write
    phys_writer = PhysPkgWriter(pkg_file)
  File "/usr/local/lib/python3.8/dist-packages/docx/opc/phys_pkg.py", line 141, in __init__
    self._zipf = ZipFile(pkg_file, 'w', compression=ZIP_DEFLATED)
  File "/usr/lib/python3.8/zipfile.py", line 1251, in __init__
    self.fp = io.open(file, filemode)
PermissionError: [Errno 13] Permission denied: '/var/www/html/pdf_reports/2022-03-02/QH220302033_N224067449.docx'

this is traceback message: 
current time: 2022-03-03 00:12:10
Traceback (most recent call last):
  File "autocreatereport.py", line 364, in <module>
    doc.save('/var/www/html/pdf_reports/' + tdate + '/' + name + '.docx')
  File "/usr/local/lib/python3.8/dist-packages/docx/document.py", line 135, in save
    self._part.save(path_or_stream)
  File "/usr/local/lib/python3.8/dist-packages/docx/parts/document.py", line 111, in save
    self.package.save(path_or_stream)
  File "/usr/local/lib/python3.8/dist-packages/docx/opc/package.py", line 172, in save
    PackageWriter.write(pkg_file, self.rels, self.parts)
  File "/usr/local/lib/python3.8/dist-packages/docx/opc/pkgwriter.py", line 32, in write
    phys_writer = PhysPkgWriter(pkg_file)
  File "/usr/local/lib/python3.8/dist-packages/docx/opc/phys_pkg.py", line 141, in __init__
    self._zipf = ZipFile(pkg_file, 'w', compression=ZIP_DEFLATED)
  File "/usr/lib/python3.8/zipfile.py", line 1251, in __init__
    self.fp = io.open(file, filemode)
PermissionError: [Errno 13] Permission denied: '/var/www/html/pdf_reports/2022-03-02/QH220302034_M222082616.docx'

this is traceback message: 
current time: 2022-03-03 00:12:10
Traceback (most recent call last):
  File "autocreatereport.py", line 364, in <module>
    doc.save('/var/www/html/pdf_reports/' + tdate + '/' + name + '.docx')
  File "/usr/local/lib/python3.8/dist-packages/docx/document.py", line 135, in save
    self._part.save(path_or_stream)
  File "/usr/local/lib/python3.8/dist-packages/docx/parts/document.py", line 111, in save
    self.package.save(path_or_stream)
  File "/usr/local/lib/python3.8/dist-packages/docx/opc/package.py", line 172, in save
    PackageWriter.write(pkg_file, self.rels, self.parts)
  File "/usr/local/lib/python3.8/dist-packages/docx/opc/pkgwriter.py", line 32, in write
    phys_writer = PhysPkgWriter(pkg_file)
  File "/usr/local/lib/python3.8/dist-packages/docx/opc/phys_pkg.py", line 141, in __init__
    self._zipf = ZipFile(pkg_file, 'w', compression=ZIP_DEFLATED)
  File "/usr/lib/python3.8/zipfile.py", line 1251, in __init__
    self.fp = io.open(file, filemode)
PermissionError: [Errno 13] Permission denied: '/var/www/html/pdf_reports/2022-03-02/QH220302035_F134905387.docx'

this is traceback message: 
current time: 2022-03-03 00:12:11
Traceback (most recent call last):
  File "autocreatereport.py", line 364, in <module>
    doc.save('/var/www/html/pdf_reports/' + tdate + '/' + name + '.docx')
  File "/usr/local/lib/python3.8/dist-packages/docx/document.py", line 135, in save
    self._part.save(path_or_stream)
  File "/usr/local/lib/python3.8/dist-packages/docx/parts/document.py", line 111, in save
    self.package.save(path_or_stream)
  File "/usr/local/lib/python3.8/dist-packages/docx/opc/package.py", line 172, in save
    PackageWriter.write(pkg_file, self.rels, self.parts)
  File "/usr/local/lib/python3.8/dist-packages/docx/opc/pkgwriter.py", line 32, in write
    phys_writer = PhysPkgWriter(pkg_file)
  File "/usr/local/lib/python3.8/dist-packages/docx/opc/phys_pkg.py", line 141, in __init__
    self._zipf = ZipFile(pkg_file, 'w', compression=ZIP_DEFLATED)
  File "/usr/lib/python3.8/zipfile.py", line 1251, in __init__
    self.fp = io.open(file, filemode)
PermissionError: [Errno 13] Permission denied: '/var/www/html/pdf_reports/2022-03-02/QH220302036_N121244675.docx'

this is traceback message: 
current time: 2022-03-03 00:12:11
Traceback (most recent call last):
  File "autocreatereport.py", line 364, in <module>
    doc.save('/var/www/html/pdf_reports/' + tdate + '/' + name + '.docx')
  File "/usr/local/lib/python3.8/dist-packages/docx/document.py", line 135, in save
    self._part.save(path_or_stream)
  File "/usr/local/lib/python3.8/dist-packages/docx/parts/document.py", line 111, in save
    self.package.save(path_or_stream)
  File "/usr/local/lib/python3.8/dist-packages/docx/opc/package.py", line 172, in save
    PackageWriter.write(pkg_file, self.rels, self.parts)
  File "/usr/local/lib/python3.8/dist-packages/docx/opc/pkgwriter.py", line 32, in write
    phys_writer = PhysPkgWriter(pkg_file)
  File "/usr/local/lib/python3.8/dist-packages/docx/opc/phys_pkg.py", line 141, in __init__
    self._zipf = ZipFile(pkg_file, 'w', compression=ZIP_DEFLATED)
  File "/usr/lib/python3.8/zipfile.py", line 1251, in __init__
    self.fp = io.open(file, filemode)
PermissionError: [Errno 13] Permission denied: '/var/www/html/pdf_reports/2022-03-02/Q220302027_T122880018.docx'

this is traceback message: 
current time: 2022-03-03 00:12:11
Traceback (most recent call last):
  File "autocreatereport.py", line 364, in <module>
    doc.save('/var/www/html/pdf_reports/' + tdate + '/' + name + '.docx')
  File "/usr/local/lib/python3.8/dist-packages/docx/document.py", line 135, in save
    self._part.save(path_or_stream)
  File "/usr/local/lib/python3.8/dist-packages/docx/parts/document.py", line 111, in save
    self.package.save(path_or_stream)
  File "/usr/local/lib/python3.8/dist-packages/docx/opc/package.py", line 172, in save
    PackageWriter.write(pkg_file, self.rels, self.parts)
  File "/usr/local/lib/python3.8/dist-packages/docx/opc/pkgwriter.py", line 32, in write
    phys_writer = PhysPkgWriter(pkg_file)
  File "/usr/local/lib/python3.8/dist-packages/docx/opc/phys_pkg.py", line 141, in __init__
    self._zipf = ZipFile(pkg_file, 'w', compression=ZIP_DEFLATED)
  File "/usr/lib/python3.8/zipfile.py", line 1251, in __init__
    self.fp = io.open(file, filemode)
PermissionError: [Errno 13] Permission denied: '/var/www/html/pdf_reports/2022-03-02/Q220302028_F222125139.docx'
Stopped at:
公曆 20廿二年 三月 三日 週四 八時十二分十一秒

this is traceback message: 
current time: 2022-03-22 11:07:48
Traceback (most recent call last):
  File "autocreatereport.py", line 285, in <module>
    inspectime = datetime.datetime.strptime(rdat, '%Y-%m-%d %H:%M:%S') - datetime.timedelta(minutes = 80)
  File "/usr/lib/python3.8/_strptime.py", line 568, in _strptime_datetime
    tt, fraction, gmtoff_fraction = _strptime(data_string, format)
  File "/usr/lib/python3.8/_strptime.py", line 349, in _strptime
    raise ValueError("time data %r does not match format %r" %
ValueError: time data 'None' does not match format '%Y-%m-%d %H:%M:%S'
Stopped at:
公曆 20廿二年 三月 廿二日 週二 十九時七分49秒
Sleep for 5sec

this is traceback message: 
current time: 2022-03-22 11:07:55
Traceback (most recent call last):
  File "autocreatereport.py", line 285, in <module>
    inspectime = datetime.datetime.strptime(rdat, '%Y-%m-%d %H:%M:%S') - datetime.timedelta(minutes = 80)
  File "/usr/lib/python3.8/_strptime.py", line 568, in _strptime_datetime
    tt, fraction, gmtoff_fraction = _strptime(data_string, format)
  File "/usr/lib/python3.8/_strptime.py", line 349, in _strptime
    raise ValueError("time data %r does not match format %r" %
ValueError: time data 'None' does not match format '%Y-%m-%d %H:%M:%S'
Stopped again at:
公曆 20廿二年 三月 廿二日 週二 十九時七分55秒

this is traceback message: 
current time: 2022-03-22 11:08:09
Traceback (most recent call last):
  File "autocreatereport.py", line 285, in <module>
    inspectime = datetime.datetime.strptime(rdat, '%Y-%m-%d %H:%M:%S') - datetime.timedelta(minutes = 80)
  File "/usr/lib/python3.8/_strptime.py", line 568, in _strptime_datetime
    tt, fraction, gmtoff_fraction = _strptime(data_string, format)
  File "/usr/lib/python3.8/_strptime.py", line 349, in _strptime
    raise ValueError("time data %r does not match format %r" %
ValueError: time data 'None' does not match format '%Y-%m-%d %H:%M:%S'
Stopped at:
公曆 20廿二年 三月 廿二日 週二 十九時八分九秒
Sleep for 5sec

this is traceback message: 
current time: 2022-03-22 11:08:16
Traceback (most recent call last):
  File "autocreatereport.py", line 285, in <module>
    inspectime = datetime.datetime.strptime(rdat, '%Y-%m-%d %H:%M:%S') - datetime.timedelta(minutes = 80)
  File "/usr/lib/python3.8/_strptime.py", line 568, in _strptime_datetime
    tt, fraction, gmtoff_fraction = _strptime(data_string, format)
  File "/usr/lib/python3.8/_strptime.py", line 349, in _strptime
    raise ValueError("time data %r does not match format %r" %
ValueError: time data 'None' does not match format '%Y-%m-%d %H:%M:%S'
Stopped again at:
公曆 20廿二年 三月 廿二日 週二 十九時八分十六秒

this is traceback message: 
current time: 2022-03-22 11:08:36
Traceback (most recent call last):
  File "autocreatereport.py", line 285, in <module>
    inspectime = datetime.datetime.strptime(rdat, '%Y-%m-%d %H:%M:%S') - datetime.timedelta(minutes = 80)
  File "/usr/lib/python3.8/_strptime.py", line 568, in _strptime_datetime
    tt, fraction, gmtoff_fraction = _strptime(data_string, format)
  File "/usr/lib/python3.8/_strptime.py", line 349, in _strptime
    raise ValueError("time data %r does not match format %r" %
ValueError: time data 'None' does not match format '%Y-%m-%d %H:%M:%S'
Stopped at:
公曆 20廿二年 三月 廿二日 週二 十九時八分37秒
Sleep for 5sec

this is traceback message: 
current time: 2022-03-22 11:08:43
Traceback (most recent call last):
  File "autocreatereport.py", line 285, in <module>
    inspectime = datetime.datetime.strptime(rdat, '%Y-%m-%d %H:%M:%S') - datetime.timedelta(minutes = 80)
  File "/usr/lib/python3.8/_strptime.py", line 568, in _strptime_datetime
    tt, fraction, gmtoff_fraction = _strptime(data_string, format)
  File "/usr/lib/python3.8/_strptime.py", line 349, in _strptime
    raise ValueError("time data %r does not match format %r" %
ValueError: time data 'None' does not match format '%Y-%m-%d %H:%M:%S'
Stopped again at:
公曆 20廿二年 三月 廿二日 週二 十九時八分44秒

this is traceback message: 
current time: 2022-03-23 10:17:47
Traceback (most recent call last):
  File "autocreatereport.py", line 364, in <module>
    doc.save('/var/www/html/pdf_reports/' + tdate + '/' + name + '.docx')
  File "/usr/local/lib/python3.8/dist-packages/docx/document.py", line 135, in save
    self._part.save(path_or_stream)
  File "/usr/local/lib/python3.8/dist-packages/docx/parts/document.py", line 111, in save
    self.package.save(path_or_stream)
  File "/usr/local/lib/python3.8/dist-packages/docx/opc/package.py", line 172, in save
    PackageWriter.write(pkg_file, self.rels, self.parts)
  File "/usr/local/lib/python3.8/dist-packages/docx/opc/pkgwriter.py", line 32, in write
    phys_writer = PhysPkgWriter(pkg_file)
  File "/usr/local/lib/python3.8/dist-packages/docx/opc/phys_pkg.py", line 141, in __init__
    self._zipf = ZipFile(pkg_file, 'w', compression=ZIP_DEFLATED)
  File "/usr/lib/python3.8/zipfile.py", line 1251, in __init__
    self.fp = io.open(file, filemode)
PermissionError: [Errno 13] Permission denied: '/var/www/html/pdf_reports/2022-03-23/Q220323006_T123264876.docx'

this is traceback message: 
current time: 2022-03-23 10:17:49
Traceback (most recent call last):
  File "autocreatereport.py", line 364, in <module>
    doc.save('/var/www/html/pdf_reports/' + tdate + '/' + name + '.docx')
  File "/usr/local/lib/python3.8/dist-packages/docx/document.py", line 135, in save
    self._part.save(path_or_stream)
  File "/usr/local/lib/python3.8/dist-packages/docx/parts/document.py", line 111, in save
    self.package.save(path_or_stream)
  File "/usr/local/lib/python3.8/dist-packages/docx/opc/package.py", line 172, in save
    PackageWriter.write(pkg_file, self.rels, self.parts)
  File "/usr/local/lib/python3.8/dist-packages/docx/opc/pkgwriter.py", line 32, in write
    phys_writer = PhysPkgWriter(pkg_file)
  File "/usr/local/lib/python3.8/dist-packages/docx/opc/phys_pkg.py", line 141, in __init__
    self._zipf = ZipFile(pkg_file, 'w', compression=ZIP_DEFLATED)
  File "/usr/lib/python3.8/zipfile.py", line 1251, in __init__
    self.fp = io.open(file, filemode)
PermissionError: [Errno 13] Permission denied: '/var/www/html/pdf_reports/2022-03-23/Q220323007_E221209699.docx'

this is traceback message: 
current time: 2022-03-23 10:17:49
Traceback (most recent call last):
  File "autocreatereport.py", line 364, in <module>
    doc.save('/var/www/html/pdf_reports/' + tdate + '/' + name + '.docx')
  File "/usr/local/lib/python3.8/dist-packages/docx/document.py", line 135, in save
    self._part.save(path_or_stream)
  File "/usr/local/lib/python3.8/dist-packages/docx/parts/document.py", line 111, in save
    self.package.save(path_or_stream)
  File "/usr/local/lib/python3.8/dist-packages/docx/opc/package.py", line 172, in save
    PackageWriter.write(pkg_file, self.rels, self.parts)
  File "/usr/local/lib/python3.8/dist-packages/docx/opc/pkgwriter.py", line 32, in write
    phys_writer = PhysPkgWriter(pkg_file)
  File "/usr/local/lib/python3.8/dist-packages/docx/opc/phys_pkg.py", line 141, in __init__
    self._zipf = ZipFile(pkg_file, 'w', compression=ZIP_DEFLATED)
  File "/usr/lib/python3.8/zipfile.py", line 1251, in __init__
    self.fp = io.open(file, filemode)
PermissionError: [Errno 13] Permission denied: '/var/www/html/pdf_reports/2022-03-23/Q220323008_G122243104.docx'

this is traceback message: 
current time: 2022-03-23 10:17:51
Traceback (most recent call last):
  File "autocreatereport.py", line 364, in <module>
    doc.save('/var/www/html/pdf_reports/' + tdate + '/' + name + '.docx')
  File "/usr/local/lib/python3.8/dist-packages/docx/document.py", line 135, in save
    self._part.save(path_or_stream)
  File "/usr/local/lib/python3.8/dist-packages/docx/parts/document.py", line 111, in save
    self.package.save(path_or_stream)
  File "/usr/local/lib/python3.8/dist-packages/docx/opc/package.py", line 172, in save
    PackageWriter.write(pkg_file, self.rels, self.parts)
  File "/usr/local/lib/python3.8/dist-packages/docx/opc/pkgwriter.py", line 32, in write
    phys_writer = PhysPkgWriter(pkg_file)
  File "/usr/local/lib/python3.8/dist-packages/docx/opc/phys_pkg.py", line 141, in __init__
    self._zipf = ZipFile(pkg_file, 'w', compression=ZIP_DEFLATED)
  File "/usr/lib/python3.8/zipfile.py", line 1251, in __init__
    self.fp = io.open(file, filemode)
PermissionError: [Errno 13] Permission denied: '/var/www/html/pdf_reports/2022-03-23/Q220323009_V221171809.docx'
Stopped at:
公曆 20廿二年 三月 廿三日 週三 十八時十八分廿四秒
Sleep for 5sec

this is traceback message: 
current time: 2022-03-23 10:18:31
Traceback (most recent call last):
  File "autocreatereport.py", line 364, in <module>
    doc.save('/var/www/html/pdf_reports/' + tdate + '/' + name + '.docx')
  File "/usr/local/lib/python3.8/dist-packages/docx/document.py", line 135, in save
    self._part.save(path_or_stream)
  File "/usr/local/lib/python3.8/dist-packages/docx/parts/document.py", line 111, in save
    self.package.save(path_or_stream)
  File "/usr/local/lib/python3.8/dist-packages/docx/opc/package.py", line 172, in save
    PackageWriter.write(pkg_file, self.rels, self.parts)
  File "/usr/local/lib/python3.8/dist-packages/docx/opc/pkgwriter.py", line 32, in write
    phys_writer = PhysPkgWriter(pkg_file)
  File "/usr/local/lib/python3.8/dist-packages/docx/opc/phys_pkg.py", line 141, in __init__
    self._zipf = ZipFile(pkg_file, 'w', compression=ZIP_DEFLATED)
  File "/usr/lib/python3.8/zipfile.py", line 1251, in __init__
    self.fp = io.open(file, filemode)
PermissionError: [Errno 13] Permission denied: '/var/www/html/pdf_reports/2022-03-23/Q220323009_V221171809.docx'
Stopped again at:
公曆 20廿二年 三月 廿三日 週三 十八時十八分卅一秒

this is traceback message: 
current time: 2022-03-23 10:19:41
Traceback (most recent call last):
  File "autocreatereport.py", line 364, in <module>
    doc.save('/var/www/html/pdf_reports/' + tdate + '/' + name + '.docx')
  File "/usr/local/lib/python3.8/dist-packages/docx/document.py", line 135, in save
    self._part.save(path_or_stream)
  File "/usr/local/lib/python3.8/dist-packages/docx/parts/document.py", line 111, in save
    self.package.save(path_or_stream)
  File "/usr/local/lib/python3.8/dist-packages/docx/opc/package.py", line 172, in save
    PackageWriter.write(pkg_file, self.rels, self.parts)
  File "/usr/local/lib/python3.8/dist-packages/docx/opc/pkgwriter.py", line 32, in write
    phys_writer = PhysPkgWriter(pkg_file)
  File "/usr/local/lib/python3.8/dist-packages/docx/opc/phys_pkg.py", line 141, in __init__
    self._zipf = ZipFile(pkg_file, 'w', compression=ZIP_DEFLATED)
  File "/usr/lib/python3.8/zipfile.py", line 1251, in __init__
    self.fp = io.open(file, filemode)
PermissionError: [Errno 13] Permission denied: '/var/www/html/pdf_reports/2022-03-23/Q220323009_V221171809.docx'
Stopped at:
公曆 20廿二年 三月 廿三日 週三 十八時十九分41秒
Sleep for 5sec

this is traceback message: 
current time: 2022-03-23 10:19:48
Traceback (most recent call last):
  File "autocreatereport.py", line 364, in <module>
    doc.save('/var/www/html/pdf_reports/' + tdate + '/' + name + '.docx')
  File "/usr/local/lib/python3.8/dist-packages/docx/document.py", line 135, in save
    self._part.save(path_or_stream)
  File "/usr/local/lib/python3.8/dist-packages/docx/parts/document.py", line 111, in save
    self.package.save(path_or_stream)
  File "/usr/local/lib/python3.8/dist-packages/docx/opc/package.py", line 172, in save
    PackageWriter.write(pkg_file, self.rels, self.parts)
  File "/usr/local/lib/python3.8/dist-packages/docx/opc/pkgwriter.py", line 32, in write
    phys_writer = PhysPkgWriter(pkg_file)
  File "/usr/local/lib/python3.8/dist-packages/docx/opc/phys_pkg.py", line 141, in __init__
    self._zipf = ZipFile(pkg_file, 'w', compression=ZIP_DEFLATED)
  File "/usr/lib/python3.8/zipfile.py", line 1251, in __init__
    self.fp = io.open(file, filemode)
PermissionError: [Errno 13] Permission denied: '/var/www/html/pdf_reports/2022-03-23/Q220323009_V221171809.docx'
Stopped again at:
公曆 20廿二年 三月 廿三日 週三 十八時十九分48秒

this is traceback message: 
current time: 2022-03-24 00:27:11
Traceback (most recent call last):
  File "autocreatereport.py", line 371, in <module>
    pdf_add_pswd(input_file, output_file, pswd)
  File "autocreatereport.py", line 34, in pdf_add_pswd
    out_file = open(output_file, "wb")
PermissionError: [Errno 13] Permission denied: '/var/www/html/pdf_reports/2022-03-23/Q220323009.pdf'

this is traceback message: 
current time: 2022-03-24 00:27:11
Traceback (most recent call last):
  File "autocreatereport.py", line 364, in <module>
    doc.save('/var/www/html/pdf_reports/' + tdate + '/' + name + '.docx')
  File "/usr/local/lib/python3.8/dist-packages/docx/document.py", line 135, in save
    self._part.save(path_or_stream)
  File "/usr/local/lib/python3.8/dist-packages/docx/parts/document.py", line 111, in save
    self.package.save(path_or_stream)
  File "/usr/local/lib/python3.8/dist-packages/docx/opc/package.py", line 172, in save
    PackageWriter.write(pkg_file, self.rels, self.parts)
  File "/usr/local/lib/python3.8/dist-packages/docx/opc/pkgwriter.py", line 32, in write
    phys_writer = PhysPkgWriter(pkg_file)
  File "/usr/local/lib/python3.8/dist-packages/docx/opc/phys_pkg.py", line 141, in __init__
    self._zipf = ZipFile(pkg_file, 'w', compression=ZIP_DEFLATED)
  File "/usr/lib/python3.8/zipfile.py", line 1251, in __init__
    self.fp = io.open(file, filemode)
PermissionError: [Errno 13] Permission denied: '/var/www/html/pdf_reports/2022-03-23/Q220323011_J100383389.docx'

this is traceback message: 
current time: 2022-03-24 00:27:11
Traceback (most recent call last):
  File "autocreatereport.py", line 364, in <module>
    doc.save('/var/www/html/pdf_reports/' + tdate + '/' + name + '.docx')
  File "/usr/local/lib/python3.8/dist-packages/docx/document.py", line 135, in save
    self._part.save(path_or_stream)
  File "/usr/local/lib/python3.8/dist-packages/docx/parts/document.py", line 111, in save
    self.package.save(path_or_stream)
  File "/usr/local/lib/python3.8/dist-packages/docx/opc/package.py", line 172, in save
    PackageWriter.write(pkg_file, self.rels, self.parts)
  File "/usr/local/lib/python3.8/dist-packages/docx/opc/pkgwriter.py", line 32, in write
    phys_writer = PhysPkgWriter(pkg_file)
  File "/usr/local/lib/python3.8/dist-packages/docx/opc/phys_pkg.py", line 141, in __init__
    self._zipf = ZipFile(pkg_file, 'w', compression=ZIP_DEFLATED)
  File "/usr/lib/python3.8/zipfile.py", line 1251, in __init__
    self.fp = io.open(file, filemode)
PermissionError: [Errno 13] Permission denied: '/var/www/html/pdf_reports/2022-03-23/Q220323010_J200233224.docx'

this is traceback message: 
current time: 2022-03-24 00:27:12
Traceback (most recent call last):
  File "autocreatereport.py", line 364, in <module>
    doc.save('/var/www/html/pdf_reports/' + tdate + '/' + name + '.docx')
  File "/usr/local/lib/python3.8/dist-packages/docx/document.py", line 135, in save
    self._part.save(path_or_stream)
  File "/usr/local/lib/python3.8/dist-packages/docx/parts/document.py", line 111, in save
    self.package.save(path_or_stream)
  File "/usr/local/lib/python3.8/dist-packages/docx/opc/package.py", line 172, in save
    PackageWriter.write(pkg_file, self.rels, self.parts)
  File "/usr/local/lib/python3.8/dist-packages/docx/opc/pkgwriter.py", line 32, in write
    phys_writer = PhysPkgWriter(pkg_file)
  File "/usr/local/lib/python3.8/dist-packages/docx/opc/phys_pkg.py", line 141, in __init__
    self._zipf = ZipFile(pkg_file, 'w', compression=ZIP_DEFLATED)
  File "/usr/lib/python3.8/zipfile.py", line 1251, in __init__
    self.fp = io.open(file, filemode)
PermissionError: [Errno 13] Permission denied: '/var/www/html/pdf_reports/2022-03-23/Q220323012_F230398397.docx'

this is traceback message: 
current time: 2022-03-24 00:27:12
Traceback (most recent call last):
  File "autocreatereport.py", line 364, in <module>
    doc.save('/var/www/html/pdf_reports/' + tdate + '/' + name + '.docx')
  File "/usr/local/lib/python3.8/dist-packages/docx/document.py", line 135, in save
    self._part.save(path_or_stream)
  File "/usr/local/lib/python3.8/dist-packages/docx/parts/document.py", line 111, in save
    self.package.save(path_or_stream)
  File "/usr/local/lib/python3.8/dist-packages/docx/opc/package.py", line 172, in save
    PackageWriter.write(pkg_file, self.rels, self.parts)
  File "/usr/local/lib/python3.8/dist-packages/docx/opc/pkgwriter.py", line 32, in write
    phys_writer = PhysPkgWriter(pkg_file)
  File "/usr/local/lib/python3.8/dist-packages/docx/opc/phys_pkg.py", line 141, in __init__
    self._zipf = ZipFile(pkg_file, 'w', compression=ZIP_DEFLATED)
  File "/usr/lib/python3.8/zipfile.py", line 1251, in __init__
    self.fp = io.open(file, filemode)
PermissionError: [Errno 13] Permission denied: '/var/www/html/pdf_reports/2022-03-23/Q220323017_J220132522.docx'

this is traceback message: 
current time: 2022-03-24 00:27:12
Traceback (most recent call last):
  File "autocreatereport.py", line 364, in <module>
    doc.save('/var/www/html/pdf_reports/' + tdate + '/' + name + '.docx')
  File "/usr/local/lib/python3.8/dist-packages/docx/document.py", line 135, in save
    self._part.save(path_or_stream)
  File "/usr/local/lib/python3.8/dist-packages/docx/parts/document.py", line 111, in save
    self.package.save(path_or_stream)
  File "/usr/local/lib/python3.8/dist-packages/docx/opc/package.py", line 172, in save
    PackageWriter.write(pkg_file, self.rels, self.parts)
  File "/usr/local/lib/python3.8/dist-packages/docx/opc/pkgwriter.py", line 32, in write
    phys_writer = PhysPkgWriter(pkg_file)
  File "/usr/local/lib/python3.8/dist-packages/docx/opc/phys_pkg.py", line 141, in __init__
    self._zipf = ZipFile(pkg_file, 'w', compression=ZIP_DEFLATED)
  File "/usr/lib/python3.8/zipfile.py", line 1251, in __init__
    self.fp = io.open(file, filemode)
PermissionError: [Errno 13] Permission denied: '/var/www/html/pdf_reports/2022-03-23/Q220323018_AD30637190.docx'

this is traceback message: 
current time: 2022-03-24 00:27:12
Traceback (most recent call last):
  File "autocreatereport.py", line 364, in <module>
    doc.save('/var/www/html/pdf_reports/' + tdate + '/' + name + '.docx')
  File "/usr/local/lib/python3.8/dist-packages/docx/document.py", line 135, in save
    self._part.save(path_or_stream)
  File "/usr/local/lib/python3.8/dist-packages/docx/parts/document.py", line 111, in save
    self.package.save(path_or_stream)
  File "/usr/local/lib/python3.8/dist-packages/docx/opc/package.py", line 172, in save
    PackageWriter.write(pkg_file, self.rels, self.parts)
  File "/usr/local/lib/python3.8/dist-packages/docx/opc/pkgwriter.py", line 32, in write
    phys_writer = PhysPkgWriter(pkg_file)
  File "/usr/local/lib/python3.8/dist-packages/docx/opc/phys_pkg.py", line 141, in __init__
    self._zipf = ZipFile(pkg_file, 'w', compression=ZIP_DEFLATED)
  File "/usr/lib/python3.8/zipfile.py", line 1251, in __init__
    self.fp = io.open(file, filemode)
PermissionError: [Errno 13] Permission denied: '/var/www/html/pdf_reports/2022-03-23/Q220323019_A229012489.docx'

this is traceback message: 
current time: 2022-03-24 00:27:12
Traceback (most recent call last):
  File "autocreatereport.py", line 364, in <module>
    doc.save('/var/www/html/pdf_reports/' + tdate + '/' + name + '.docx')
  File "/usr/local/lib/python3.8/dist-packages/docx/document.py", line 135, in save
    self._part.save(path_or_stream)
  File "/usr/local/lib/python3.8/dist-packages/docx/parts/document.py", line 111, in save
    self.package.save(path_or_stream)
  File "/usr/local/lib/python3.8/dist-packages/docx/opc/package.py", line 172, in save
    PackageWriter.write(pkg_file, self.rels, self.parts)
  File "/usr/local/lib/python3.8/dist-packages/docx/opc/pkgwriter.py", line 32, in write
    phys_writer = PhysPkgWriter(pkg_file)
  File "/usr/local/lib/python3.8/dist-packages/docx/opc/phys_pkg.py", line 141, in __init__
    self._zipf = ZipFile(pkg_file, 'w', compression=ZIP_DEFLATED)
  File "/usr/lib/python3.8/zipfile.py", line 1251, in __init__
    self.fp = io.open(file, filemode)
PermissionError: [Errno 13] Permission denied: '/var/www/html/pdf_reports/2022-03-23/Q220323032_A230572692.docx'

this is traceback message: 
current time: 2022-03-24 00:27:12
Traceback (most recent call last):
  File "autocreatereport.py", line 364, in <module>
    doc.save('/var/www/html/pdf_reports/' + tdate + '/' + name + '.docx')
  File "/usr/local/lib/python3.8/dist-packages/docx/document.py", line 135, in save
    self._part.save(path_or_stream)
  File "/usr/local/lib/python3.8/dist-packages/docx/parts/document.py", line 111, in save
    self.package.save(path_or_stream)
  File "/usr/local/lib/python3.8/dist-packages/docx/opc/package.py", line 172, in save
    PackageWriter.write(pkg_file, self.rels, self.parts)
  File "/usr/local/lib/python3.8/dist-packages/docx/opc/pkgwriter.py", line 32, in write
    phys_writer = PhysPkgWriter(pkg_file)
  File "/usr/local/lib/python3.8/dist-packages/docx/opc/phys_pkg.py", line 141, in __init__
    self._zipf = ZipFile(pkg_file, 'w', compression=ZIP_DEFLATED)
  File "/usr/lib/python3.8/zipfile.py", line 1251, in __init__
    self.fp = io.open(file, filemode)
PermissionError: [Errno 13] Permission denied: '/var/www/html/pdf_reports/2022-03-23/Q220323023_N222249461.docx'

this is traceback message: 
current time: 2022-03-24 00:27:12
Traceback (most recent call last):
  File "autocreatereport.py", line 364, in <module>
    doc.save('/var/www/html/pdf_reports/' + tdate + '/' + name + '.docx')
  File "/usr/local/lib/python3.8/dist-packages/docx/document.py", line 135, in save
    self._part.save(path_or_stream)
  File "/usr/local/lib/python3.8/dist-packages/docx/parts/document.py", line 111, in save
    self.package.save(path_or_stream)
  File "/usr/local/lib/python3.8/dist-packages/docx/opc/package.py", line 172, in save
    PackageWriter.write(pkg_file, self.rels, self.parts)
  File "/usr/local/lib/python3.8/dist-packages/docx/opc/pkgwriter.py", line 32, in write
    phys_writer = PhysPkgWriter(pkg_file)
  File "/usr/local/lib/python3.8/dist-packages/docx/opc/phys_pkg.py", line 141, in __init__
    self._zipf = ZipFile(pkg_file, 'w', compression=ZIP_DEFLATED)
  File "/usr/lib/python3.8/zipfile.py", line 1251, in __init__
    self.fp = io.open(file, filemode)
PermissionError: [Errno 13] Permission denied: '/var/www/html/pdf_reports/2022-03-23/Q220323022_A230466895.docx'

this is traceback message: 
current time: 2022-03-24 00:27:12
Traceback (most recent call last):
  File "autocreatereport.py", line 364, in <module>
    doc.save('/var/www/html/pdf_reports/' + tdate + '/' + name + '.docx')
  File "/usr/local/lib/python3.8/dist-packages/docx/document.py", line 135, in save
    self._part.save(path_or_stream)
  File "/usr/local/lib/python3.8/dist-packages/docx/parts/document.py", line 111, in save
    self.package.save(path_or_stream)
  File "/usr/local/lib/python3.8/dist-packages/docx/opc/package.py", line 172, in save
    PackageWriter.write(pkg_file, self.rels, self.parts)
  File "/usr/local/lib/python3.8/dist-packages/docx/opc/pkgwriter.py", line 32, in write
    phys_writer = PhysPkgWriter(pkg_file)
  File "/usr/local/lib/python3.8/dist-packages/docx/opc/phys_pkg.py", line 141, in __init__
    self._zipf = ZipFile(pkg_file, 'w', compression=ZIP_DEFLATED)
  File "/usr/lib/python3.8/zipfile.py", line 1251, in __init__
    self.fp = io.open(file, filemode)
PermissionError: [Errno 13] Permission denied: '/var/www/html/pdf_reports/2022-03-23/Q220323024_A228935803.docx'

this is traceback message: 
current time: 2022-03-24 00:27:12
Traceback (most recent call last):
  File "autocreatereport.py", line 364, in <module>
    doc.save('/var/www/html/pdf_reports/' + tdate + '/' + name + '.docx')
  File "/usr/local/lib/python3.8/dist-packages/docx/document.py", line 135, in save
    self._part.save(path_or_stream)
  File "/usr/local/lib/python3.8/dist-packages/docx/parts/document.py", line 111, in save
    self.package.save(path_or_stream)
  File "/usr/local/lib/python3.8/dist-packages/docx/opc/package.py", line 172, in save
    PackageWriter.write(pkg_file, self.rels, self.parts)
  File "/usr/local/lib/python3.8/dist-packages/docx/opc/pkgwriter.py", line 32, in write
    phys_writer = PhysPkgWriter(pkg_file)
  File "/usr/local/lib/python3.8/dist-packages/docx/opc/phys_pkg.py", line 141, in __init__
    self._zipf = ZipFile(pkg_file, 'w', compression=ZIP_DEFLATED)
  File "/usr/lib/python3.8/zipfile.py", line 1251, in __init__
    self.fp = io.open(file, filemode)
PermissionError: [Errno 13] Permission denied: '/var/www/html/pdf_reports/2022-03-23/Q220323021_A228523527.docx'

this is traceback message: 
current time: 2022-03-24 00:27:12
Traceback (most recent call last):
  File "autocreatereport.py", line 364, in <module>
    doc.save('/var/www/html/pdf_reports/' + tdate + '/' + name + '.docx')
  File "/usr/local/lib/python3.8/dist-packages/docx/document.py", line 135, in save
    self._part.save(path_or_stream)
  File "/usr/local/lib/python3.8/dist-packages/docx/parts/document.py", line 111, in save
    self.package.save(path_or_stream)
  File "/usr/local/lib/python3.8/dist-packages/docx/opc/package.py", line 172, in save
    PackageWriter.write(pkg_file, self.rels, self.parts)
  File "/usr/local/lib/python3.8/dist-packages/docx/opc/pkgwriter.py", line 32, in write
    phys_writer = PhysPkgWriter(pkg_file)
  File "/usr/local/lib/python3.8/dist-packages/docx/opc/phys_pkg.py", line 141, in __init__
    self._zipf = ZipFile(pkg_file, 'w', compression=ZIP_DEFLATED)
  File "/usr/lib/python3.8/zipfile.py", line 1251, in __init__
    self.fp = io.open(file, filemode)
PermissionError: [Errno 13] Permission denied: '/var/www/html/pdf_reports/2022-03-23/Q220323025_A130745808.docx'

this is traceback message: 
current time: 2022-03-24 00:27:12
Traceback (most recent call last):
  File "autocreatereport.py", line 364, in <module>
    doc.save('/var/www/html/pdf_reports/' + tdate + '/' + name + '.docx')
  File "/usr/local/lib/python3.8/dist-packages/docx/document.py", line 135, in save
    self._part.save(path_or_stream)
  File "/usr/local/lib/python3.8/dist-packages/docx/parts/document.py", line 111, in save
    self.package.save(path_or_stream)
  File "/usr/local/lib/python3.8/dist-packages/docx/opc/package.py", line 172, in save
    PackageWriter.write(pkg_file, self.rels, self.parts)
  File "/usr/local/lib/python3.8/dist-packages/docx/opc/pkgwriter.py", line 32, in write
    phys_writer = PhysPkgWriter(pkg_file)
  File "/usr/local/lib/python3.8/dist-packages/docx/opc/phys_pkg.py", line 141, in __init__
    self._zipf = ZipFile(pkg_file, 'w', compression=ZIP_DEFLATED)
  File "/usr/lib/python3.8/zipfile.py", line 1251, in __init__
    self.fp = io.open(file, filemode)
PermissionError: [Errno 13] Permission denied: '/var/www/html/pdf_reports/2022-03-23/Q220323026_A880014610.docx'

this is traceback message: 
current time: 2022-03-24 00:27:12
Traceback (most recent call last):
  File "autocreatereport.py", line 364, in <module>
    doc.save('/var/www/html/pdf_reports/' + tdate + '/' + name + '.docx')
  File "/usr/local/lib/python3.8/dist-packages/docx/document.py", line 135, in save
    self._part.save(path_or_stream)
  File "/usr/local/lib/python3.8/dist-packages/docx/parts/document.py", line 111, in save
    self.package.save(path_or_stream)
  File "/usr/local/lib/python3.8/dist-packages/docx/opc/package.py", line 172, in save
    PackageWriter.write(pkg_file, self.rels, self.parts)
  File "/usr/local/lib/python3.8/dist-packages/docx/opc/pkgwriter.py", line 32, in write
    phys_writer = PhysPkgWriter(pkg_file)
  File "/usr/local/lib/python3.8/dist-packages/docx/opc/phys_pkg.py", line 141, in __init__
    self._zipf = ZipFile(pkg_file, 'w', compression=ZIP_DEFLATED)
  File "/usr/lib/python3.8/zipfile.py", line 1251, in __init__
    self.fp = io.open(file, filemode)
PermissionError: [Errno 13] Permission denied: '/var/www/html/pdf_reports/2022-03-23/Q220323028_A129570822.docx'

this is traceback message: 
current time: 2022-03-24 00:27:12
Traceback (most recent call last):
  File "autocreatereport.py", line 364, in <module>
    doc.save('/var/www/html/pdf_reports/' + tdate + '/' + name + '.docx')
  File "/usr/local/lib/python3.8/dist-packages/docx/document.py", line 135, in save
    self._part.save(path_or_stream)
  File "/usr/local/lib/python3.8/dist-packages/docx/parts/document.py", line 111, in save
    self.package.save(path_or_stream)
  File "/usr/local/lib/python3.8/dist-packages/docx/opc/package.py", line 172, in save
    PackageWriter.write(pkg_file, self.rels, self.parts)
  File "/usr/local/lib/python3.8/dist-packages/docx/opc/pkgwriter.py", line 32, in write
    phys_writer = PhysPkgWriter(pkg_file)
  File "/usr/local/lib/python3.8/dist-packages/docx/opc/phys_pkg.py", line 141, in __init__
    self._zipf = ZipFile(pkg_file, 'w', compression=ZIP_DEFLATED)
  File "/usr/lib/python3.8/zipfile.py", line 1251, in __init__
    self.fp = io.open(file, filemode)
PermissionError: [Errno 13] Permission denied: '/var/www/html/pdf_reports/2022-03-23/Q220323034_Q224189639.docx'
Stopped at:
公曆 20廿二年 三月 廿四日 週四 八時廿七分十二秒

this is ex message: 
current time: 2022-05-04 22:25:51
(2003, "Can't connect to MySQL server on 'localhost' ([Errno 111] Connection refused)")Stopped at:
公曆 20廿二年 五月 五日 週四 六時廿五分52秒
Sleep for 5sec

this is ex message: 
current time: 2022-05-04 22:25:58
(2003, "Can't connect to MySQL server on 'localhost' ([Errno 111] Connection refused)")Stopped again at:
公曆 20廿二年 五月 五日 週四 六時廿五分59秒

this is ex message: 
current time: 2022-05-04 22:25:59
(2003, "Can't connect to MySQL server on 'localhost' ([Errno 111] Connection refused)")Stopped at:
公曆 20廿二年 五月 五日 週四 六時廿五分59秒
Sleep for 5sec

this is ex message: 
current time: 2022-05-04 22:26:06
(2003, "Can't connect to MySQL server on 'localhost' ([Errno 111] Connection refused)")Stopped again at:
公曆 20廿二年 五月 五日 週四 六時廿六分六秒

this is traceback message: 
current time: 2022-06-01 08:36:57
Traceback (most recent call last):
  File "autocreatereport.py", line 371, in <module>
    pdf_add_pswd(input_file, output_file, pswd)
  File "autocreatereport.py", line 28, in pdf_add_pswd
    in_file = open(input_file, "rb")
FileNotFoundError: [Errno 2] No such file or directory: '/var/www/html/pdf_reports/2022-06-01/Q220601024_A225311669.pdf'
Stopped at:
公曆 20廿二年 六月 一日 週三 十六時38分58秒
Sleep for 5sec

this is traceback message: 
current time: 2022-06-02 08:01:33
Traceback (most recent call last):
  File "autocreatereport.py", line 371, in <module>
    pdf_add_pswd(input_file, output_file, pswd)
  File "autocreatereport.py", line 28, in pdf_add_pswd
    in_file = open(input_file, "rb")
FileNotFoundError: [Errno 2] No such file or directory: '/var/www/html/pdf_reports/2022-06-02/Q220602061_F226482546.pdf'
Stopped again at:
公曆 20廿二年 六月 二日 週四 十六時一分33秒

this is traceback message: 
current time: 2022-06-10 08:26:10
Traceback (most recent call last):
  File "autocreatereport.py", line 371, in <module>
    pdf_add_pswd(input_file, output_file, pswd)
  File "autocreatereport.py", line 33, in pdf_add_pswd
    out_pdf.encrypt(pswd)
  File "/usr/local/lib/python3.8/dist-packages/PyPDF2/pdf.py", line 424, in encrypt
    O = ByteStringObject(_alg33(owner_pwd, user_pwd, rev, keylen))
  File "/usr/local/lib/python3.8/dist-packages/PyPDF2/pdf.py", line 2906, in _alg33
    key = _alg33_1(owner_pwd, rev, keylen)
  File "/usr/local/lib/python3.8/dist-packages/PyPDF2/pdf.py", line 2935, in _alg33_1
    password = b_((password + str_(_encryption_padding))[:32])
  File "/usr/local/lib/python3.8/dist-packages/PyPDF2/utils.py", line 238, in b_
    r = s.encode('latin-1')
UnicodeEncodeError: 'latin-1' codec can't encode character '\uff22' in position 0: ordinal not in range(256)
Stopped at:
公曆 20廿二年 六月 十日 週五 十六時廿六分十秒
Sleep for 5sec

this is traceback message: 
current time: 2022-06-10 08:26:18
Traceback (most recent call last):
  File "autocreatereport.py", line 371, in <module>
    pdf_add_pswd(input_file, output_file, pswd)
  File "autocreatereport.py", line 33, in pdf_add_pswd
    out_pdf.encrypt(pswd)
  File "/usr/local/lib/python3.8/dist-packages/PyPDF2/pdf.py", line 424, in encrypt
    O = ByteStringObject(_alg33(owner_pwd, user_pwd, rev, keylen))
  File "/usr/local/lib/python3.8/dist-packages/PyPDF2/pdf.py", line 2906, in _alg33
    key = _alg33_1(owner_pwd, rev, keylen)
  File "/usr/local/lib/python3.8/dist-packages/PyPDF2/pdf.py", line 2935, in _alg33_1
    password = b_((password + str_(_encryption_padding))[:32])
  File "/usr/local/lib/python3.8/dist-packages/PyPDF2/utils.py", line 238, in b_
    r = s.encode('latin-1')
UnicodeEncodeError: 'latin-1' codec can't encode character '\uff22' in position 0: ordinal not in range(256)
Stopped again at:
公曆 20廿二年 六月 十日 週五 十六時廿六分十八秒

this is traceback message: 
current time: 2022-06-10 09:08:47
Traceback (most recent call last):
  File "autocreatereport.py", line 371, in <module>
    pdf_add_pswd(input_file, output_file, pswd)
  File "autocreatereport.py", line 33, in pdf_add_pswd
    out_pdf.encrypt(pswd)
  File "/usr/local/lib/python3.8/dist-packages/PyPDF2/pdf.py", line 424, in encrypt
    O = ByteStringObject(_alg33(owner_pwd, user_pwd, rev, keylen))
  File "/usr/local/lib/python3.8/dist-packages/PyPDF2/pdf.py", line 2906, in _alg33
    key = _alg33_1(owner_pwd, rev, keylen)
  File "/usr/local/lib/python3.8/dist-packages/PyPDF2/pdf.py", line 2935, in _alg33_1
    password = b_((password + str_(_encryption_padding))[:32])
  File "/usr/local/lib/python3.8/dist-packages/PyPDF2/utils.py", line 238, in b_
    r = s.encode('latin-1')
UnicodeEncodeError: 'latin-1' codec can't encode character '\uff22' in position 0: ordinal not in range(256)
Stopped at:
公曆 20廿二年 六月 十日 週五 十七時八分52秒
Sleep for 5sec

this is traceback message: 
current time: 2022-06-10 09:09:00
Traceback (most recent call last):
  File "autocreatereport.py", line 371, in <module>
    pdf_add_pswd(input_file, output_file, pswd)
  File "autocreatereport.py", line 33, in pdf_add_pswd
    out_pdf.encrypt(pswd)
  File "/usr/local/lib/python3.8/dist-packages/PyPDF2/pdf.py", line 424, in encrypt
    O = ByteStringObject(_alg33(owner_pwd, user_pwd, rev, keylen))
  File "/usr/local/lib/python3.8/dist-packages/PyPDF2/pdf.py", line 2906, in _alg33
    key = _alg33_1(owner_pwd, rev, keylen)
  File "/usr/local/lib/python3.8/dist-packages/PyPDF2/pdf.py", line 2935, in _alg33_1
    password = b_((password + str_(_encryption_padding))[:32])
  File "/usr/local/lib/python3.8/dist-packages/PyPDF2/utils.py", line 238, in b_
    r = s.encode('latin-1')
UnicodeEncodeError: 'latin-1' codec can't encode character '\uff22' in position 0: ordinal not in range(256)
Stopped again at:
公曆 20廿二年 六月 十日 週五 十七時九分〇秒

this is traceback message: 
current time: 2022-06-10 09:09:05
Traceback (most recent call last):
  File "autocreatereport.py", line 371, in <module>
    pdf_add_pswd(input_file, output_file, pswd)
  File "autocreatereport.py", line 33, in pdf_add_pswd
    out_pdf.encrypt(pswd)
  File "/usr/local/lib/python3.8/dist-packages/PyPDF2/pdf.py", line 424, in encrypt
    O = ByteStringObject(_alg33(owner_pwd, user_pwd, rev, keylen))
  File "/usr/local/lib/python3.8/dist-packages/PyPDF2/pdf.py", line 2906, in _alg33
    key = _alg33_1(owner_pwd, rev, keylen)
  File "/usr/local/lib/python3.8/dist-packages/PyPDF2/pdf.py", line 2935, in _alg33_1
    password = b_((password + str_(_encryption_padding))[:32])
  File "/usr/local/lib/python3.8/dist-packages/PyPDF2/utils.py", line 238, in b_
    r = s.encode('latin-1')
UnicodeEncodeError: 'latin-1' codec can't encode character '\uff22' in position 0: ordinal not in range(256)
Stopped at:
公曆 20廿二年 六月 十日 週五 十七時九分五秒
Sleep for 5sec

this is traceback message: 
current time: 2022-06-10 09:09:14
Traceback (most recent call last):
  File "autocreatereport.py", line 371, in <module>
    pdf_add_pswd(input_file, output_file, pswd)
  File "autocreatereport.py", line 33, in pdf_add_pswd
    out_pdf.encrypt(pswd)
  File "/usr/local/lib/python3.8/dist-packages/PyPDF2/pdf.py", line 424, in encrypt
    O = ByteStringObject(_alg33(owner_pwd, user_pwd, rev, keylen))
  File "/usr/local/lib/python3.8/dist-packages/PyPDF2/pdf.py", line 2906, in _alg33
    key = _alg33_1(owner_pwd, rev, keylen)
  File "/usr/local/lib/python3.8/dist-packages/PyPDF2/pdf.py", line 2935, in _alg33_1
    password = b_((password + str_(_encryption_padding))[:32])
  File "/usr/local/lib/python3.8/dist-packages/PyPDF2/utils.py", line 238, in b_
    r = s.encode('latin-1')
UnicodeEncodeError: 'latin-1' codec can't encode character '\uff22' in position 0: ordinal not in range(256)
Stopped again at:
公曆 20廿二年 六月 十日 週五 十七時九分十四秒

this is traceback message: 
current time: 2022-06-10 09:09:27
Traceback (most recent call last):
  File "autocreatereport.py", line 371, in <module>
    pdf_add_pswd(input_file, output_file, pswd)
  File "autocreatereport.py", line 33, in pdf_add_pswd
    out_pdf.encrypt(pswd)
  File "/usr/local/lib/python3.8/dist-packages/PyPDF2/pdf.py", line 424, in encrypt
    O = ByteStringObject(_alg33(owner_pwd, user_pwd, rev, keylen))
  File "/usr/local/lib/python3.8/dist-packages/PyPDF2/pdf.py", line 2906, in _alg33
    key = _alg33_1(owner_pwd, rev, keylen)
  File "/usr/local/lib/python3.8/dist-packages/PyPDF2/pdf.py", line 2935, in _alg33_1
    password = b_((password + str_(_encryption_padding))[:32])
  File "/usr/local/lib/python3.8/dist-packages/PyPDF2/utils.py", line 238, in b_
    r = s.encode('latin-1')
UnicodeEncodeError: 'latin-1' codec can't encode character '\uff22' in position 0: ordinal not in range(256)
Stopped at:
公曆 20廿二年 六月 十日 週五 十七時九分廿八秒
Sleep for 5sec

this is traceback message: 
current time: 2022-06-10 09:09:36
Traceback (most recent call last):
  File "autocreatereport.py", line 371, in <module>
    pdf_add_pswd(input_file, output_file, pswd)
  File "autocreatereport.py", line 33, in pdf_add_pswd
    out_pdf.encrypt(pswd)
  File "/usr/local/lib/python3.8/dist-packages/PyPDF2/pdf.py", line 424, in encrypt
    O = ByteStringObject(_alg33(owner_pwd, user_pwd, rev, keylen))
  File "/usr/local/lib/python3.8/dist-packages/PyPDF2/pdf.py", line 2906, in _alg33
    key = _alg33_1(owner_pwd, rev, keylen)
  File "/usr/local/lib/python3.8/dist-packages/PyPDF2/pdf.py", line 2935, in _alg33_1
    password = b_((password + str_(_encryption_padding))[:32])
  File "/usr/local/lib/python3.8/dist-packages/PyPDF2/utils.py", line 238, in b_
    r = s.encode('latin-1')
UnicodeEncodeError: 'latin-1' codec can't encode character '\uff22' in position 0: ordinal not in range(256)
Stopped again at:
公曆 20廿二年 六月 十日 週五 十七時九分36秒
Stopped at:
公曆 20廿二年 六月 十七日 週五 七時57分〇秒
Sleep for 5sec
Stopped again at:
公曆 20廿二年 六月 十七日 週五 七時57分六秒
Stopped at:
公曆 20廿二年 六月 十七日 週五 八時〇分廿八秒
Sleep for 5sec
Stopped again at:
公曆 20廿二年 六月 十七日 週五 八時〇分34秒
Stopped at:
公曆 20廿二年 六月 十七日 週五 八時三分六秒
Sleep for 5sec
Stopped again at:
公曆 20廿二年 六月 十七日 週五 八時三分十二秒
Stopped at:
公曆 20廿二年 六月 十七日 週五 八時四分廿三秒
Sleep for 5sec
Stopped again at:
公曆 20廿二年 六月 十七日 週五 八時四分廿九秒
Stopped at:
公曆 20廿二年 六月 十七日 週五 八時五分廿秒
Sleep for 5sec
Stopped again at:
公曆 20廿二年 六月 十七日 週五 八時五分廿六秒
Stopped at:
公曆 20廿二年 六月 十七日 週五 八時七分56秒
Sleep for 5sec
Stopped again at:
公曆 20廿二年 六月 十七日 週五 八時八分三秒
Stopped at:
公曆 20廿二年 六月 十七日 週五 八時八分卅一秒
Sleep for 5sec
Stopped again at:
公曆 20廿二年 六月 十七日 週五 八時八分37秒
Stopped at:
公曆 20廿二年 六月 十七日 週五 八時十分三秒
Sleep for 5sec
Stopped again at:
公曆 20廿二年 六月 十七日 週五 八時十分九秒
Stopped at:
公曆 20廿二年 六月 十七日 週五 八時十分50秒
Sleep for 5sec
Stopped again at:
公曆 20廿二年 六月 十七日 週五 八時十分57秒

this is traceback message: 
current time: 2022-06-17 02:37:44
Traceback (most recent call last):
  File "autocreatereport.py", line 70, in <module>
    uuid,userid,sex,cname,fname,lname,dob,mobile,uemail,ftest,pcrtest,app_type,telephone,address2,testtype,passportid,sampleid1,sampleid2,residentpermit,vuser2,tdat,rdat,sendname,frptflag,qrptflag,hicardno,fpdfflag,pcrpdfflag = Infos[:]
ValueError: too many values to unpack (expected 28)
Stopped at:
公曆 20廿二年 六月 十七日 週五 十時37分44秒
Sleep for 5sec

this is traceback message: 
current time: 2022-06-17 02:37:51
Traceback (most recent call last):
  File "autocreatereport.py", line 70, in <module>
    uuid,userid,sex,cname,fname,lname,dob,mobile,uemail,ftest,pcrtest,app_type,telephone,address2,testtype,passportid,sampleid1,sampleid2,residentpermit,vuser2,tdat,rdat,sendname,frptflag,qrptflag,hicardno,fpdfflag,pcrpdfflag = Infos[:]
ValueError: too many values to unpack (expected 28)
Stopped again at:
公曆 20廿二年 六月 十七日 週五 十時37分51秒

this is traceback message: 
current time: 2022-06-17 02:41:10
Traceback (most recent call last):
  File "autocreatereport.py", line 299, in <module>
    if int(inspectime.strftime('%Y%m%d%H%M%S')) > int(tdat.replace('-', '').replace(':', '').replace(' ', '')):
ValueError: invalid literal for int() with base 10: 'P124237860'
Stopped at:
公曆 20廿二年 六月 十七日 週五 十時41分十秒
Sleep for 5sec

this is traceback message: 
current time: 2022-06-17 02:41:16
Traceback (most recent call last):
  File "autocreatereport.py", line 299, in <module>
    if int(inspectime.strftime('%Y%m%d%H%M%S')) > int(tdat.replace('-', '').replace(':', '').replace(' ', '')):
ValueError: invalid literal for int() with base 10: 'P124237860'
Stopped again at:
公曆 20廿二年 六月 十七日 週五 十時41分十六秒

this is traceback message: 
current time: 2022-07-08 07:57:31
Traceback (most recent call last):
  File "autocreatereport.py", line 384, in <module>
    table1.cell(0,3).vertical_alignment = WD_ALIGN_VERTICAL.BOTTOM
  File "autocreatereport.py", line 28, in pdf_add_pswd
    in_file = open(input_file, "rb")
FileNotFoundError: [Errno 2] No such file or directory: '/var/www/html/pdf_reports/2022-07-08/Q220708021_G146968(0).pdf'
Stopped at:
公曆 20廿二年 七月 八日 週五 十五時59分39秒
Sleep for 5sec

this is traceback message: 
current time: 2022-07-08 07:59:45
Traceback (most recent call last):
  File "autocreatereport.py", line 397, in <module>
    pdf_add_pswd(input_file, output_file, pswd)
  File "autocreatereport.py", line 28, in pdf_add_pswd
    in_file = open(input_file, "rb")
FileNotFoundError: [Errno 2] No such file or directory: '/var/www/html/pdf_reports/2022-07-08/Q220708021_G146968(0).pdf'
Stopped again at:
公曆 20廿二年 七月 八日 週五 十五時59分45秒

this is traceback message: 
current time: 2022-07-08 08:06:25
Traceback (most recent call last):
  File "autocreatereport.py", line 397, in <module>
    pdf_add_pswd(input_file, output_file, pswd)
  File "autocreatereport.py", line 28, in pdf_add_pswd
    in_file = open(input_file, "rb")
FileNotFoundError: [Errno 2] No such file or directory: '/var/www/html/pdf_reports/2022-07-08/Q220708021_G146968(0).pdf'
Stopped at:
公曆 20廿二年 七月 八日 週五 十六時六分35秒
Sleep for 5sec

this is traceback message: 
current time: 2022-07-08 08:06:41
Traceback (most recent call last):
  File "autocreatereport.py", line 397, in <module>
    pdf_add_pswd(input_file, output_file, pswd)
  File "autocreatereport.py", line 28, in pdf_add_pswd
    in_file = open(input_file, "rb")
FileNotFoundError: [Errno 2] No such file or directory: '/var/www/html/pdf_reports/2022-07-08/Q220708021_G146968(0).pdf'
Stopped again at:
公曆 20廿二年 七月 八日 週五 十六時六分41秒

this is traceback message: 
current time: 2022-07-08 08:06:47
Traceback (most recent call last):
  File "autocreatereport.py", line 397, in <module>
    pdf_add_pswd(input_file, output_file, pswd)
  File "autocreatereport.py", line 28, in pdf_add_pswd
    in_file = open(input_file, "rb")
FileNotFoundError: [Errno 2] No such file or directory: '/var/www/html/pdf_reports/2022-07-08/Q220708021_G146968(0).pdf'
Stopped at:
公曆 20廿二年 七月 八日 週五 十六時六分47秒
Sleep for 5sec

this is traceback message: 
current time: 2022-07-08 08:06:53
Traceback (most recent call last):
  File "autocreatereport.py", line 397, in <module>
    pdf_add_pswd(input_file, output_file, pswd)
  File "autocreatereport.py", line 28, in pdf_add_pswd
    in_file = open(input_file, "rb")
FileNotFoundError: [Errno 2] No such file or directory: '/var/www/html/pdf_reports/2022-07-08/Q220708021_G146968(0).pdf'
Stopped again at:
公曆 20廿二年 七月 八日 週五 十六時六分53秒

this is traceback message: 
current time: 2022-07-08 08:07:43
Traceback (most recent call last):
  File "autocreatereport.py", line 397, in <module>
    pdf_add_pswd(input_file, output_file, pswd)
  File "autocreatereport.py", line 28, in pdf_add_pswd
    in_file = open(input_file, "rb")
FileNotFoundError: [Errno 2] No such file or directory: '/var/www/html/pdf_reports/2022-07-08/Q220708021_G146968(0).pdf'
Stopped at:
公曆 20廿二年 七月 八日 週五 十六時七分43秒
Sleep for 5sec

this is traceback message: 
current time: 2022-07-08 08:07:50
Traceback (most recent call last):
  File "autocreatereport.py", line 397, in <module>
    pdf_add_pswd(input_file, output_file, pswd)
  File "autocreatereport.py", line 28, in pdf_add_pswd
    in_file = open(input_file, "rb")
FileNotFoundError: [Errno 2] No such file or directory: '/var/www/html/pdf_reports/2022-07-08/Q220708021_G146968(0).pdf'
Stopped again at:
公曆 20廿二年 七月 八日 週五 十六時七分50秒

this is traceback message: 
current time: 2022-07-08 08:11:32
Traceback (most recent call last):
  File "autocreatereport.py", line 397, in <module>
    pdf_add_pswd(input_file, output_file, pswd)
  File "autocreatereport.py", line 28, in pdf_add_pswd
    in_file = open(input_file, "rb")
FileNotFoundError: [Errno 2] No such file or directory: '/var/www/html/pdf_reports/2022-07-08/Q220708021_G146968(0).pdf'
Stopped at:
公曆 20廿二年 七月 八日 週五 十六時十一分32秒
Sleep for 5sec

this is traceback message: 
current time: 2022-07-08 08:11:39
Traceback (most recent call last):
  File "autocreatereport.py", line 397, in <module>
    pdf_add_pswd(input_file, output_file, pswd)
  File "autocreatereport.py", line 28, in pdf_add_pswd
    in_file = open(input_file, "rb")
FileNotFoundError: [Errno 2] No such file or directory: '/var/www/html/pdf_reports/2022-07-08/Q220708021_G146968(0).pdf'
Stopped again at:
公曆 20廿二年 七月 八日 週五 十六時十一分39秒

this is traceback message: 
current time: 2022-07-11 07:55:27
Traceback (most recent call last):
  File "autocreatereport.py", line 397, in <module>
    pdf_add_pswd(input_file, output_file, pswd)
  File "autocreatereport.py", line 28, in pdf_add_pswd
    in_file = open(input_file, "rb")
FileNotFoundError: [Errno 2] No such file or directory: '/var/www/html/pdf_reports/2022-07-11/Q220711025_F230536100.pdf'

this is traceback message: 
current time: 2022-07-11 07:55:27
Traceback (most recent call last):
  File "autocreatereport.py", line 397, in <module>
    pdf_add_pswd(input_file, output_file, pswd)
  File "autocreatereport.py", line 28, in pdf_add_pswd
    in_file = open(input_file, "rb")
FileNotFoundError: [Errno 2] No such file or directory: '/var/www/html/pdf_reports/2022-07-11/Q220711026_F130755078.pdf'

this is traceback message: 
current time: 2022-07-11 07:55:33
Traceback (most recent call last):
  File "autocreatereport.py", line 397, in <module>
    pdf_add_pswd(input_file, output_file, pswd)
  File "autocreatereport.py", line 28, in pdf_add_pswd
    in_file = open(input_file, "rb")
FileNotFoundError: [Errno 2] No such file or directory: '/var/www/html/pdf_reports/2022-07-11/Q220711026_F130755078.pdf'

this is traceback message: 
current time: 2022-07-11 07:56:52
Traceback (most recent call last):
  File "autocreatereport.py", line 397, in <module>
    pdf_add_pswd(input_file, output_file, pswd)
  File "autocreatereport.py", line 28, in pdf_add_pswd
    in_file = open(input_file, "rb")
FileNotFoundError: [Errno 2] No such file or directory: '/var/www/html/pdf_reports/2022-07-11/Q220711053_A226970260.pdf'

this is traceback message: 
current time: 2022-07-11 07:56:55
Traceback (most recent call last):
  File "autocreatereport.py", line 397, in <module>
    pdf_add_pswd(input_file, output_file, pswd)
  File "autocreatereport.py", line 28, in pdf_add_pswd
    in_file = open(input_file, "rb")
FileNotFoundError: [Errno 2] No such file or directory: '/var/www/html/pdf_reports/2022-07-11/Q220711053_A226970260.pdf'

this is traceback message: 
current time: 2022-07-11 07:58:13
Traceback (most recent call last):
  File "autocreatereport.py", line 397, in <module>
    pdf_add_pswd(input_file, output_file, pswd)
  File "autocreatereport.py", line 28, in pdf_add_pswd
    in_file = open(input_file, "rb")
FileNotFoundError: [Errno 2] No such file or directory: '/var/www/html/pdf_reports/2022-07-11/Q220711075_F133770513.pdf'

this is traceback message: 
current time: 2022-07-11 07:59:42
Traceback (most recent call last):
  File "autocreatereport.py", line 397, in <module>
    pdf_add_pswd(input_file, output_file, pswd)
  File "autocreatereport.py", line 28, in pdf_add_pswd
    in_file = open(input_file, "rb")
FileNotFoundError: [Errno 2] No such file or directory: '/var/www/html/pdf_reports/2022-07-11/Q220711100_AD00095353.pdf'

this is traceback message: 
current time: 2022-07-11 07:59:43
Traceback (most recent call last):
  File "autocreatereport.py", line 397, in <module>
    pdf_add_pswd(input_file, output_file, pswd)
  File "autocreatereport.py", line 28, in pdf_add_pswd
    in_file = open(input_file, "rb")
FileNotFoundError: [Errno 2] No such file or directory: '/var/www/html/pdf_reports/2022-07-11/Q220711081_A800244641.pdf'

this is traceback message: 
current time: 2022-07-11 07:59:52
Traceback (most recent call last):
  File "autocreatereport.py", line 397, in <module>
    pdf_add_pswd(input_file, output_file, pswd)
  File "autocreatereport.py", line 28, in pdf_add_pswd
    in_file = open(input_file, "rb")
FileNotFoundError: [Errno 2] No such file or directory: '/var/www/html/pdf_reports/2022-07-11/Q220711105_A800082392.pdf'

this is traceback message: 
current time: 2022-07-11 08:00:08
Traceback (most recent call last):
  File "autocreatereport.py", line 397, in <module>
    pdf_add_pswd(input_file, output_file, pswd)
  File "autocreatereport.py", line 28, in pdf_add_pswd
    in_file = open(input_file, "rb")
FileNotFoundError: [Errno 2] No such file or directory: '/var/www/html/pdf_reports/2022-07-11/Q220711112_TR1352491.pdf'

this is traceback message: 
current time: 2022-07-11 08:00:08
Traceback (most recent call last):
  File "autocreatereport.py", line 397, in <module>
    pdf_add_pswd(input_file, output_file, pswd)
  File "autocreatereport.py", line 28, in pdf_add_pswd
    in_file = open(input_file, "rb")
FileNotFoundError: [Errno 2] No such file or directory: '/var/www/html/pdf_reports/2022-07-11/Q220711102_TT1941644.pdf'
Stopped at:
公曆 20廿二年 七月 十一日 週一 十六時〇分十二秒
Sleep for 5sec
Stopped at:
公曆 20廿二年 七月 十一日 週一 十六時〇分廿秒
Sleep for 5sec

this is traceback message: 
current time: 2022-07-11 08:08:31
Traceback (most recent call last):
  File "autocreatereport.py", line 397, in <module>
    pdf_add_pswd(input_file, output_file, pswd)
  File "autocreatereport.py", line 28, in pdf_add_pswd
    in_file = open(input_file, "rb")
FileNotFoundError: [Errno 2] No such file or directory: '/var/www/html/pdf_reports/2022-07-11/Q220711092_B980001849.pdf'
Stopped again at:
公曆 20廿二年 七月 十一日 週一 十六時八分卅一秒

this is ex message: 
current time: 2022-07-29 22:40:46
(2003, "Can't connect to MySQL server on 'localhost' ([Errno 111] Connection refused)")Stopped again at:
公曆 20廿二年 七月 卅日 週六 六時40分47秒

this is traceback message: 
current time: 2022-08-12 07:04:49
Traceback (most recent call last):
  File "autocreatereport.py", line 397, in <module>
    pdf_add_pswd(input_file, output_file, pswd)
  File "autocreatereport.py", line 28, in pdf_add_pswd
    in_file = open(input_file, "rb")
FileNotFoundError: [Errno 2] No such file or directory: '/var/www/html/pdf_reports/2022-08-12/QH220812105_R896874(7).pdf'

this is traceback message: 
current time: 2022-08-12 07:04:49
Traceback (most recent call last):
  File "autocreatereport.py", line 397, in <module>
    pdf_add_pswd(input_file, output_file, pswd)
  File "autocreatereport.py", line 28, in pdf_add_pswd
    in_file = open(input_file, "rb")
FileNotFoundError: [Errno 2] No such file or directory: '/var/www/html/pdf_reports/2022-08-12/QH220812106_S735936(7).pdf'

this is traceback message: 
current time: 2022-08-12 07:04:49
Traceback (most recent call last):
  File "autocreatereport.py", line 397, in <module>
    pdf_add_pswd(input_file, output_file, pswd)
  File "autocreatereport.py", line 28, in pdf_add_pswd
    in_file = open(input_file, "rb")
FileNotFoundError: [Errno 2] No such file or directory: '/var/www/html/pdf_reports/2022-08-12/QH220812107_S907187(5).pdf'
Stopped at:
公曆 20廿二年 八月 十二日 週五 十五時四分53秒
Sleep for 5sec

this is traceback message: 
current time: 2022-08-12 07:05:02
Traceback (most recent call last):
  File "autocreatereport.py", line 397, in <module>
    pdf_add_pswd(input_file, output_file, pswd)
  File "autocreatereport.py", line 28, in pdf_add_pswd
    in_file = open(input_file, "rb")
FileNotFoundError: [Errno 2] No such file or directory: '/var/www/html/pdf_reports/2022-08-12/QH220812105_R896874(7).pdf'

this is traceback message: 
current time: 2022-08-12 07:05:03
Traceback (most recent call last):
  File "autocreatereport.py", line 397, in <module>
    pdf_add_pswd(input_file, output_file, pswd)
  File "autocreatereport.py", line 28, in pdf_add_pswd
    in_file = open(input_file, "rb")
FileNotFoundError: [Errno 2] No such file or directory: '/var/www/html/pdf_reports/2022-08-12/QH220812106_S735936(7).pdf'

this is traceback message: 
current time: 2022-08-12 07:05:03
Traceback (most recent call last):
  File "autocreatereport.py", line 397, in <module>
    pdf_add_pswd(input_file, output_file, pswd)
  File "autocreatereport.py", line 28, in pdf_add_pswd
    in_file = open(input_file, "rb")
FileNotFoundError: [Errno 2] No such file or directory: '/var/www/html/pdf_reports/2022-08-12/QH220812107_S907187(5).pdf'
Stopped again at:
公曆 20廿二年 八月 十二日 週五 十五時五分三秒

this is traceback message: 
current time: 2022-08-12 07:09:42
Traceback (most recent call last):
  File "autocreatereport.py", line 397, in <module>
    pdf_add_pswd(input_file, output_file, pswd)
  File "autocreatereport.py", line 28, in pdf_add_pswd
    in_file = open(input_file, "rb")
FileNotFoundError: [Errno 2] No such file or directory: '/var/www/html/pdf_reports/2022-08-12/QH220812105_R896874(7).pdf'

this is traceback message: 
current time: 2022-08-12 07:09:42
Traceback (most recent call last):
  File "autocreatereport.py", line 397, in <module>
    pdf_add_pswd(input_file, output_file, pswd)
  File "autocreatereport.py", line 28, in pdf_add_pswd
    in_file = open(input_file, "rb")
FileNotFoundError: [Errno 2] No such file or directory: '/var/www/html/pdf_reports/2022-08-12/QH220812106_S735936(7).pdf'

this is traceback message: 
current time: 2022-08-12 07:09:42
Traceback (most recent call last):
  File "autocreatereport.py", line 397, in <module>
    pdf_add_pswd(input_file, output_file, pswd)
  File "autocreatereport.py", line 28, in pdf_add_pswd
    in_file = open(input_file, "rb")
FileNotFoundError: [Errno 2] No such file or directory: '/var/www/html/pdf_reports/2022-08-12/QH220812107_S907187(5).pdf'
Stopped at:
公曆 20廿二年 八月 十二日 週五 十五時九分43秒
Sleep for 5sec

this is traceback message: 
current time: 2022-08-12 07:09:50
Traceback (most recent call last):
  File "autocreatereport.py", line 397, in <module>
    pdf_add_pswd(input_file, output_file, pswd)
  File "autocreatereport.py", line 28, in pdf_add_pswd
    in_file = open(input_file, "rb")
FileNotFoundError: [Errno 2] No such file or directory: '/var/www/html/pdf_reports/2022-08-12/QH220812105_R896874(7).pdf'

this is traceback message: 
current time: 2022-08-12 07:09:50
Traceback (most recent call last):
  File "autocreatereport.py", line 397, in <module>
    pdf_add_pswd(input_file, output_file, pswd)
  File "autocreatereport.py", line 28, in pdf_add_pswd
    in_file = open(input_file, "rb")
FileNotFoundError: [Errno 2] No such file or directory: '/var/www/html/pdf_reports/2022-08-12/QH220812106_S735936(7).pdf'

this is traceback message: 
current time: 2022-08-12 07:09:50
Traceback (most recent call last):
  File "autocreatereport.py", line 397, in <module>
    pdf_add_pswd(input_file, output_file, pswd)
  File "autocreatereport.py", line 28, in pdf_add_pswd
    in_file = open(input_file, "rb")
FileNotFoundError: [Errno 2] No such file or directory: '/var/www/html/pdf_reports/2022-08-12/QH220812107_S907187(5).pdf'
Stopped again at:
公曆 20廿二年 八月 十二日 週五 十五時九分50秒
Stopped at:
公曆 20廿二年 八月 廿二日 週一 十七時八分40秒
Sleep for 5sec

this is traceback message: 
current time: 2022-08-22 09:11:48
Traceback (most recent call last):
  File "autocreatereport.py", line 397, in <module>
    pdf_add_pswd(input_file, output_file, pswd)
  File "autocreatereport.py", line 34, in pdf_add_pswd
    out_file = open(output_file, "wb")
PermissionError: [Errno 13] Permission denied: '/var/www/html/pdf_reports/2022-08-22/Q220822022.pdf'
Stopped again at:
公曆 20廿二年 八月 廿二日 週一 十七時十一分48秒

this is traceback message: 
current time: 2022-10-16 03:53:57
Traceback (most recent call last):
  File "autocreatereport.py", line 390, in <module>
    doc.save('/var/www/html/pdf_reports/' + tdate + '/' + name + '.docx')
  File "/usr/local/lib/python3.8/dist-packages/docx/document.py", line 135, in save
    self._part.save(path_or_stream)
  File "/usr/local/lib/python3.8/dist-packages/docx/parts/document.py", line 111, in save
    self.package.save(path_or_stream)
  File "/usr/local/lib/python3.8/dist-packages/docx/opc/package.py", line 172, in save
    PackageWriter.write(pkg_file, self.rels, self.parts)
  File "/usr/local/lib/python3.8/dist-packages/docx/opc/pkgwriter.py", line 32, in write
    phys_writer = PhysPkgWriter(pkg_file)
  File "/usr/local/lib/python3.8/dist-packages/docx/opc/phys_pkg.py", line 141, in __init__
    self._zipf = ZipFile(pkg_file, 'w', compression=ZIP_DEFLATED)
  File "/usr/lib/python3.8/zipfile.py", line 1251, in __init__
    self.fp = io.open(file, filemode)
PermissionError: [Errno 13] Permission denied: '/var/www/html/pdf_reports/2022-10-16/Q221016022_F128872368.docx'
Stopped at:
公曆 20廿二年 十月 十六日 週日 十一時53分58秒
Sleep for 5sec

this is traceback message: 
current time: 2022-10-16 03:55:05
Traceback (most recent call last):
  File "autocreatereport.py", line 390, in <module>
    doc.save('/var/www/html/pdf_reports/' + tdate + '/' + name + '.docx')
  File "/usr/local/lib/python3.8/dist-packages/docx/document.py", line 135, in save
    self._part.save(path_or_stream)
  File "/usr/local/lib/python3.8/dist-packages/docx/parts/document.py", line 111, in save
    self.package.save(path_or_stream)
  File "/usr/local/lib/python3.8/dist-packages/docx/opc/package.py", line 172, in save
    PackageWriter.write(pkg_file, self.rels, self.parts)
  File "/usr/local/lib/python3.8/dist-packages/docx/opc/pkgwriter.py", line 32, in write
    phys_writer = PhysPkgWriter(pkg_file)
  File "/usr/local/lib/python3.8/dist-packages/docx/opc/phys_pkg.py", line 141, in __init__
    self._zipf = ZipFile(pkg_file, 'w', compression=ZIP_DEFLATED)
  File "/usr/lib/python3.8/zipfile.py", line 1251, in __init__
    self.fp = io.open(file, filemode)
PermissionError: [Errno 13] Permission denied: '/var/www/html/pdf_reports/2022-10-16/Q221016024_R121753887.docx'

this is traceback message: 
current time: 2022-10-16 03:55:06
Traceback (most recent call last):
  File "autocreatereport.py", line 390, in <module>
    doc.save('/var/www/html/pdf_reports/' + tdate + '/' + name + '.docx')
  File "/usr/local/lib/python3.8/dist-packages/docx/document.py", line 135, in save
    self._part.save(path_or_stream)
  File "/usr/local/lib/python3.8/dist-packages/docx/parts/document.py", line 111, in save
    self.package.save(path_or_stream)
  File "/usr/local/lib/python3.8/dist-packages/docx/opc/package.py", line 172, in save
    PackageWriter.write(pkg_file, self.rels, self.parts)
  File "/usr/local/lib/python3.8/dist-packages/docx/opc/pkgwriter.py", line 32, in write
    phys_writer = PhysPkgWriter(pkg_file)
  File "/usr/local/lib/python3.8/dist-packages/docx/opc/phys_pkg.py", line 141, in __init__
    self._zipf = ZipFile(pkg_file, 'w', compression=ZIP_DEFLATED)
  File "/usr/lib/python3.8/zipfile.py", line 1251, in __init__
    self.fp = io.open(file, filemode)
PermissionError: [Errno 13] Permission denied: '/var/www/html/pdf_reports/2022-10-16/Q221016028_G121321314.docx'

this is traceback message: 
current time: 2022-10-16 03:55:09
Traceback (most recent call last):
  File "autocreatereport.py", line 397, in <module>
    pdf_add_pswd(input_file, output_file, pswd)
  File "autocreatereport.py", line 28, in pdf_add_pswd
    in_file = open(input_file, "rb")
FileNotFoundError: [Errno 2] No such file or directory: '/var/www/html/pdf_reports/2022-10-16/Q221016035_A120893235.pdf'
Stopped at:
公曆 20廿二年 十月 十六日 週日 十一時55分九秒

this is traceback message: 
current time: 2022-10-16 03:55:10
Traceback (most recent call last):
  File "autocreatereport.py", line 390, in <module>
    doc.save('/var/www/html/pdf_reports/' + tdate + '/' + name + '.docx')
  File "/usr/local/lib/python3.8/dist-packages/docx/document.py", line 135, in save
    self._part.save(path_or_stream)
  File "/usr/local/lib/python3.8/dist-packages/docx/parts/document.py", line 111, in save
    self.package.save(path_or_stream)
  File "/usr/local/lib/python3.8/dist-packages/docx/opc/package.py", line 172, in save
    PackageWriter.write(pkg_file, self.rels, self.parts)
  File "/usr/local/lib/python3.8/dist-packages/docx/opc/pkgwriter.py", line 32, in write
    phys_writer = PhysPkgWriter(pkg_file)
  File "/usr/local/lib/python3.8/dist-packages/docx/opc/phys_pkg.py", line 141, in __init__
    self._zipf = ZipFile(pkg_file, 'w', compression=ZIP_DEFLATED)
  File "/usr/lib/python3.8/zipfile.py", line 1251, in __init__
    self.fp = io.open(file, filemode)
PermissionError: [Errno 13] Permission denied: '/var/www/html/pdf_reports/2022-10-16/Q221016035_A120893235.docx'
Stopped again at:
公曆 20廿二年 十月 十六日 週日 十一時55分十秒
Sleep for 5sec

this is ex message: 
current time: 2022-10-25 22:24:44
(2003, "Can't connect to MySQL server on 'localhost' ([Errno 111] Connection refused)")Stopped at:
公曆 20廿二年 十月 廿六日 週三 六時廿四分45秒
Sleep for 5sec

this is ex message: 
current time: 2022-10-25 22:24:53
(2003, "Can't connect to MySQL server on 'localhost' ([Errno 111] Connection refused)")Stopped again at:
公曆 20廿二年 十月 廿六日 週三 六時廿四分54秒

this is traceback message: 
current time: 2022-10-30 04:03:17
Traceback (most recent call last):
  File "autocreatereport.py", line 399, in <module>
    pdf_add_pswd(input_file, output_file, pswd)
  File "autocreatereport.py", line 28, in pdf_add_pswd
    in_file = open(input_file, "rb")
FileNotFoundError: [Errno 2] No such file or directory: '/var/www/html/pdf_reports/2022-10-30/Q221030019_R120062109.pdf'

this is traceback message: 
current time: 2022-10-30 04:03:24
Traceback (most recent call last):
  File "autocreatereport.py", line 399, in <module>
    pdf_add_pswd(input_file, output_file, pswd)
  File "autocreatereport.py", line 28, in pdf_add_pswd
    in_file = open(input_file, "rb")
FileNotFoundError: [Errno 2] No such file or directory: '/var/www/html/pdf_reports/2022-10-30/Q221030013_A229310033.pdf'
Stopped at:
公曆 20廿二年 十月 卅日 週日 十二時三分廿九秒
Sleep for 5sec

this is traceback message: 
current time: 2022-10-30 04:03:52
Traceback (most recent call last):
  File "autocreatereport.py", line 399, in <module>
    pdf_add_pswd(input_file, output_file, pswd)
  File "autocreatereport.py", line 28, in pdf_add_pswd
    in_file = open(input_file, "rb")
FileNotFoundError: [Errno 2] No such file or directory: '/var/www/html/pdf_reports/2022-10-30/Q221030031_R121154124.pdf'

this is traceback message: 
current time: 2022-10-30 04:03:58
Traceback (most recent call last):
  File "autocreatereport.py", line 399, in <module>
    pdf_add_pswd(input_file, output_file, pswd)
  File "autocreatereport.py", line 28, in pdf_add_pswd
    in_file = open(input_file, "rb")
FileNotFoundError: [Errno 2] No such file or directory: '/var/www/html/pdf_reports/2022-10-30/Q221030035_A270029492.pdf'

this is traceback message: 
current time: 2022-10-30 04:04:05
Traceback (most recent call last):
  File "autocreatereport.py", line 399, in <module>
    pdf_add_pswd(input_file, output_file, pswd)
  File "autocreatereport.py", line 28, in pdf_add_pswd
    in_file = open(input_file, "rb")
FileNotFoundError: [Errno 2] No such file or directory: '/var/www/html/pdf_reports/2022-10-30/Q221030019_R120062109.pdf'

this is traceback message: 
current time: 2022-10-30 04:04:12
Traceback (most recent call last):
  File "autocreatereport.py", line 399, in <module>
    pdf_add_pswd(input_file, output_file, pswd)
  File "autocreatereport.py", line 28, in pdf_add_pswd
    in_file = open(input_file, "rb")
FileNotFoundError: [Errno 2] No such file or directory: '/var/www/html/pdf_reports/2022-10-30/Q221030013_A229310033.pdf'

this is traceback message: 
current time: 2022-10-30 04:04:19
Traceback (most recent call last):
  File "autocreatereport.py", line 399, in <module>
    pdf_add_pswd(input_file, output_file, pswd)
  File "autocreatereport.py", line 28, in pdf_add_pswd
    in_file = open(input_file, "rb")
FileNotFoundError: [Errno 2] No such file or directory: '/var/www/html/pdf_reports/2022-10-30/Q221030040_A220167385.pdf'

this is traceback message: 
current time: 2022-10-30 04:04:25
Traceback (most recent call last):
  File "autocreatereport.py", line 399, in <module>
    pdf_add_pswd(input_file, output_file, pswd)
  File "autocreatereport.py", line 28, in pdf_add_pswd
    in_file = open(input_file, "rb")
FileNotFoundError: [Errno 2] No such file or directory: '/var/www/html/pdf_reports/2022-10-30/Q221030042_TS0167257.pdf'
Stopped again at:
公曆 20廿二年 十月 卅日 週日 十二時四分廿六秒

this is traceback message: 
current time: 2022-11-02 08:09:17
Traceback (most recent call last):
  File "autocreatereport.py", line 399, in <module>
    pdf_add_pswd(input_file, output_file, pswd)
  File "autocreatereport.py", line 33, in pdf_add_pswd
    out_pdf.encrypt(pswd)
  File "/usr/local/lib/python3.8/dist-packages/PyPDF2/pdf.py", line 424, in encrypt
    O = ByteStringObject(_alg33(owner_pwd, user_pwd, rev, keylen))
  File "/usr/local/lib/python3.8/dist-packages/PyPDF2/pdf.py", line 2906, in _alg33
    key = _alg33_1(owner_pwd, rev, keylen)
  File "/usr/local/lib/python3.8/dist-packages/PyPDF2/pdf.py", line 2935, in _alg33_1
    password = b_((password + str_(_encryption_padding))[:32])
  File "/usr/local/lib/python3.8/dist-packages/PyPDF2/utils.py", line 238, in b_
    r = s.encode('latin-1')
UnicodeEncodeError: 'latin-1' codec can't encode character '\uff21' in position 0: ordinal not in range(256)
Stopped at:
公曆 20廿二年 十一月 二日 週三 十六時九分50秒
Sleep for 5sec

this is traceback message: 
current time: 2022-11-02 08:09:58
Traceback (most recent call last):
  File "autocreatereport.py", line 399, in <module>
    pdf_add_pswd(input_file, output_file, pswd)
  File "autocreatereport.py", line 33, in pdf_add_pswd
    out_pdf.encrypt(pswd)
  File "/usr/local/lib/python3.8/dist-packages/PyPDF2/pdf.py", line 424, in encrypt
    O = ByteStringObject(_alg33(owner_pwd, user_pwd, rev, keylen))
  File "/usr/local/lib/python3.8/dist-packages/PyPDF2/pdf.py", line 2906, in _alg33
    key = _alg33_1(owner_pwd, rev, keylen)
  File "/usr/local/lib/python3.8/dist-packages/PyPDF2/pdf.py", line 2935, in _alg33_1
    password = b_((password + str_(_encryption_padding))[:32])
  File "/usr/local/lib/python3.8/dist-packages/PyPDF2/utils.py", line 238, in b_
    r = s.encode('latin-1')
UnicodeEncodeError: 'latin-1' codec can't encode character '\uff21' in position 0: ordinal not in range(256)
Stopped again at:
公曆 20廿二年 十一月 二日 週三 十六時九分58秒

this is traceback message: 
current time: 2022-11-02 08:43:43
Traceback (most recent call last):
  File "autocreatereport.py", line 399, in <module>
    pdf_add_pswd(input_file, output_file, pswd)
  File "autocreatereport.py", line 33, in pdf_add_pswd
    out_pdf.encrypt(pswd)
  File "/usr/local/lib/python3.8/dist-packages/PyPDF2/pdf.py", line 424, in encrypt
    O = ByteStringObject(_alg33(owner_pwd, user_pwd, rev, keylen))
  File "/usr/local/lib/python3.8/dist-packages/PyPDF2/pdf.py", line 2906, in _alg33
    key = _alg33_1(owner_pwd, rev, keylen)
  File "/usr/local/lib/python3.8/dist-packages/PyPDF2/pdf.py", line 2935, in _alg33_1
    password = b_((password + str_(_encryption_padding))[:32])
  File "/usr/local/lib/python3.8/dist-packages/PyPDF2/utils.py", line 238, in b_
    r = s.encode('latin-1')
UnicodeEncodeError: 'latin-1' codec can't encode character '\uff21' in position 0: ordinal not in range(256)
Stopped at:
公曆 20廿二年 十一月 二日 週三 十六時43分44秒
Sleep for 5sec

this is traceback message: 
current time: 2022-11-02 08:43:51
Traceback (most recent call last):
  File "autocreatereport.py", line 399, in <module>
    pdf_add_pswd(input_file, output_file, pswd)
  File "autocreatereport.py", line 33, in pdf_add_pswd
    out_pdf.encrypt(pswd)
  File "/usr/local/lib/python3.8/dist-packages/PyPDF2/pdf.py", line 424, in encrypt
    O = ByteStringObject(_alg33(owner_pwd, user_pwd, rev, keylen))
  File "/usr/local/lib/python3.8/dist-packages/PyPDF2/pdf.py", line 2906, in _alg33
    key = _alg33_1(owner_pwd, rev, keylen)
  File "/usr/local/lib/python3.8/dist-packages/PyPDF2/pdf.py", line 2935, in _alg33_1
    password = b_((password + str_(_encryption_padding))[:32])
  File "/usr/local/lib/python3.8/dist-packages/PyPDF2/utils.py", line 238, in b_
    r = s.encode('latin-1')
UnicodeEncodeError: 'latin-1' codec can't encode character '\uff21' in position 0: ordinal not in range(256)
Stopped again at:
公曆 20廿二年 十一月 二日 週三 十六時43分51秒

this is traceback message: 
current time: 2022-11-02 08:43:55
Traceback (most recent call last):
  File "autocreatereport.py", line 399, in <module>
    pdf_add_pswd(input_file, output_file, pswd)
  File "autocreatereport.py", line 33, in pdf_add_pswd
    out_pdf.encrypt(pswd)
  File "/usr/local/lib/python3.8/dist-packages/PyPDF2/pdf.py", line 424, in encrypt
    O = ByteStringObject(_alg33(owner_pwd, user_pwd, rev, keylen))
  File "/usr/local/lib/python3.8/dist-packages/PyPDF2/pdf.py", line 2906, in _alg33
    key = _alg33_1(owner_pwd, rev, keylen)
  File "/usr/local/lib/python3.8/dist-packages/PyPDF2/pdf.py", line 2935, in _alg33_1
    password = b_((password + str_(_encryption_padding))[:32])
  File "/usr/local/lib/python3.8/dist-packages/PyPDF2/utils.py", line 238, in b_
    r = s.encode('latin-1')
UnicodeEncodeError: 'latin-1' codec can't encode character '\uff21' in position 0: ordinal not in range(256)
Stopped at:
公曆 20廿二年 十一月 二日 週三 十六時43分55秒
Sleep for 5sec

this is traceback message: 
current time: 2022-11-02 08:44:03
Traceback (most recent call last):
  File "autocreatereport.py", line 399, in <module>
    pdf_add_pswd(input_file, output_file, pswd)
  File "autocreatereport.py", line 33, in pdf_add_pswd
    out_pdf.encrypt(pswd)
  File "/usr/local/lib/python3.8/dist-packages/PyPDF2/pdf.py", line 424, in encrypt
    O = ByteStringObject(_alg33(owner_pwd, user_pwd, rev, keylen))
  File "/usr/local/lib/python3.8/dist-packages/PyPDF2/pdf.py", line 2906, in _alg33
    key = _alg33_1(owner_pwd, rev, keylen)
  File "/usr/local/lib/python3.8/dist-packages/PyPDF2/pdf.py", line 2935, in _alg33_1
    password = b_((password + str_(_encryption_padding))[:32])
  File "/usr/local/lib/python3.8/dist-packages/PyPDF2/utils.py", line 238, in b_
    r = s.encode('latin-1')
UnicodeEncodeError: 'latin-1' codec can't encode character '\uff21' in position 0: ordinal not in range(256)
Stopped again at:
公曆 20廿二年 十一月 二日 週三 十六時44分四秒

this is traceback message: 
current time: 2022-11-02 08:44:28
Traceback (most recent call last):
  File "autocreatereport.py", line 399, in <module>
    pdf_add_pswd(input_file, output_file, pswd)
  File "autocreatereport.py", line 33, in pdf_add_pswd
    out_pdf.encrypt(pswd)
  File "/usr/local/lib/python3.8/dist-packages/PyPDF2/pdf.py", line 424, in encrypt
    O = ByteStringObject(_alg33(owner_pwd, user_pwd, rev, keylen))
  File "/usr/local/lib/python3.8/dist-packages/PyPDF2/pdf.py", line 2906, in _alg33
    key = _alg33_1(owner_pwd, rev, keylen)
  File "/usr/local/lib/python3.8/dist-packages/PyPDF2/pdf.py", line 2935, in _alg33_1
    password = b_((password + str_(_encryption_padding))[:32])
  File "/usr/local/lib/python3.8/dist-packages/PyPDF2/utils.py", line 238, in b_
    r = s.encode('latin-1')
UnicodeEncodeError: 'latin-1' codec can't encode character '\uff21' in position 0: ordinal not in range(256)
Stopped at:
公曆 20廿二年 十一月 二日 週三 十六時44分廿九秒
Sleep for 5sec

this is traceback message: 
current time: 2022-11-02 08:44:46
Traceback (most recent call last):
  File "autocreatereport.py", line 399, in <module>
    pdf_add_pswd(input_file, output_file, pswd)
  File "autocreatereport.py", line 33, in pdf_add_pswd
    out_pdf.encrypt(pswd)
  File "/usr/local/lib/python3.8/dist-packages/PyPDF2/pdf.py", line 424, in encrypt
    O = ByteStringObject(_alg33(owner_pwd, user_pwd, rev, keylen))
  File "/usr/local/lib/python3.8/dist-packages/PyPDF2/pdf.py", line 2906, in _alg33
    key = _alg33_1(owner_pwd, rev, keylen)
  File "/usr/local/lib/python3.8/dist-packages/PyPDF2/pdf.py", line 2935, in _alg33_1
    password = b_((password + str_(_encryption_padding))[:32])
  File "/usr/local/lib/python3.8/dist-packages/PyPDF2/utils.py", line 238, in b_
    r = s.encode('latin-1')
UnicodeEncodeError: 'latin-1' codec can't encode character '\uff21' in position 0: ordinal not in range(256)
Stopped again at:
公曆 20廿二年 十一月 二日 週三 十六時44分52秒

this is traceback message: 
current time: 2022-11-02 08:45:22
Traceback (most recent call last):
  File "autocreatereport.py", line 399, in <module>
    pdf_add_pswd(input_file, output_file, pswd)
  File "autocreatereport.py", line 33, in pdf_add_pswd
    out_pdf.encrypt(pswd)
  File "/usr/local/lib/python3.8/dist-packages/PyPDF2/pdf.py", line 424, in encrypt
    O = ByteStringObject(_alg33(owner_pwd, user_pwd, rev, keylen))
  File "/usr/local/lib/python3.8/dist-packages/PyPDF2/pdf.py", line 2906, in _alg33
    key = _alg33_1(owner_pwd, rev, keylen)
  File "/usr/local/lib/python3.8/dist-packages/PyPDF2/pdf.py", line 2935, in _alg33_1
    password = b_((password + str_(_encryption_padding))[:32])
  File "/usr/local/lib/python3.8/dist-packages/PyPDF2/utils.py", line 238, in b_
    r = s.encode('latin-1')
UnicodeEncodeError: 'latin-1' codec can't encode character '\uff21' in position 0: ordinal not in range(256)
Stopped at:
公曆 20廿二年 十一月 二日 週三 十六時45分廿三秒
Sleep for 5sec

this is traceback message: 
current time: 2022-11-02 08:45:29
Traceback (most recent call last):
  File "autocreatereport.py", line 399, in <module>
    pdf_add_pswd(input_file, output_file, pswd)
  File "autocreatereport.py", line 33, in pdf_add_pswd
    out_pdf.encrypt(pswd)
  File "/usr/local/lib/python3.8/dist-packages/PyPDF2/pdf.py", line 424, in encrypt
    O = ByteStringObject(_alg33(owner_pwd, user_pwd, rev, keylen))
  File "/usr/local/lib/python3.8/dist-packages/PyPDF2/pdf.py", line 2906, in _alg33
    key = _alg33_1(owner_pwd, rev, keylen)
  File "/usr/local/lib/python3.8/dist-packages/PyPDF2/pdf.py", line 2935, in _alg33_1
    password = b_((password + str_(_encryption_padding))[:32])
  File "/usr/local/lib/python3.8/dist-packages/PyPDF2/utils.py", line 238, in b_
    r = s.encode('latin-1')
UnicodeEncodeError: 'latin-1' codec can't encode character '\uff21' in position 0: ordinal not in range(256)
Stopped again at:
公曆 20廿二年 十一月 二日 週三 十六時45分卅秒

this is traceback message: 
current time: 2022-11-02 08:45:34
Traceback (most recent call last):
  File "autocreatereport.py", line 399, in <module>
    pdf_add_pswd(input_file, output_file, pswd)
  File "autocreatereport.py", line 33, in pdf_add_pswd
    out_pdf.encrypt(pswd)
  File "/usr/local/lib/python3.8/dist-packages/PyPDF2/pdf.py", line 424, in encrypt
    O = ByteStringObject(_alg33(owner_pwd, user_pwd, rev, keylen))
  File "/usr/local/lib/python3.8/dist-packages/PyPDF2/pdf.py", line 2906, in _alg33
    key = _alg33_1(owner_pwd, rev, keylen)
  File "/usr/local/lib/python3.8/dist-packages/PyPDF2/pdf.py", line 2935, in _alg33_1
    password = b_((password + str_(_encryption_padding))[:32])
  File "/usr/local/lib/python3.8/dist-packages/PyPDF2/utils.py", line 238, in b_
    r = s.encode('latin-1')
UnicodeEncodeError: 'latin-1' codec can't encode character '\uff21' in position 0: ordinal not in range(256)
Stopped at:
公曆 20廿二年 十一月 二日 週三 十六時45分34秒
Sleep for 5sec

this is traceback message: 
current time: 2022-11-02 08:45:41
Traceback (most recent call last):
  File "autocreatereport.py", line 399, in <module>
    pdf_add_pswd(input_file, output_file, pswd)
  File "autocreatereport.py", line 33, in pdf_add_pswd
    out_pdf.encrypt(pswd)
  File "/usr/local/lib/python3.8/dist-packages/PyPDF2/pdf.py", line 424, in encrypt
    O = ByteStringObject(_alg33(owner_pwd, user_pwd, rev, keylen))
  File "/usr/local/lib/python3.8/dist-packages/PyPDF2/pdf.py", line 2906, in _alg33
    key = _alg33_1(owner_pwd, rev, keylen)
  File "/usr/local/lib/python3.8/dist-packages/PyPDF2/pdf.py", line 2935, in _alg33_1
    password = b_((password + str_(_encryption_padding))[:32])
  File "/usr/local/lib/python3.8/dist-packages/PyPDF2/utils.py", line 238, in b_
    r = s.encode('latin-1')
UnicodeEncodeError: 'latin-1' codec can't encode character '\uff21' in position 0: ordinal not in range(256)
Stopped again at:
公曆 20廿二年 十一月 二日 週三 十六時45分42秒

this is traceback message: 
current time: 2022-11-13 03:09:21
Traceback (most recent call last):
  File "autocreatereport.py", line 399, in <module>
    pdf_add_pswd(input_file, output_file, pswd)
  File "autocreatereport.py", line 28, in pdf_add_pswd
    in_file = open(input_file, "rb")
FileNotFoundError: [Errno 2] No such file or directory: '/var/www/html/pdf_reports/2022-11-13/Q221113002_L120379453.pdf'
Stopped at:
公曆 20廿二年 十一月 十三日 週日 十一時九分卅一秒
Sleep for 5sec

this is traceback message: 
current time: 2022-11-13 03:09:55
Traceback (most recent call last):
  File "autocreatereport.py", line 399, in <module>
    pdf_add_pswd(input_file, output_file, pswd)
  File "autocreatereport.py", line 28, in pdf_add_pswd
    in_file = open(input_file, "rb")
FileNotFoundError: [Errno 2] No such file or directory: '/var/www/html/pdf_reports/2022-11-13/Q221113001_V120094178.pdf'

this is traceback message: 
current time: 2022-11-13 03:10:02
Traceback (most recent call last):
  File "autocreatereport.py", line 399, in <module>
    pdf_add_pswd(input_file, output_file, pswd)
  File "autocreatereport.py", line 28, in pdf_add_pswd
    in_file = open(input_file, "rb")
FileNotFoundError: [Errno 2] No such file or directory: '/var/www/html/pdf_reports/2022-11-13/Q221113002_L120379453.pdf'

this is traceback message: 
current time: 2022-11-13 03:10:09
Traceback (most recent call last):
  File "autocreatereport.py", line 399, in <module>
    pdf_add_pswd(input_file, output_file, pswd)
  File "autocreatereport.py", line 28, in pdf_add_pswd
    in_file = open(input_file, "rb")
FileNotFoundError: [Errno 2] No such file or directory: '/var/www/html/pdf_reports/2022-11-13/Q221113006_I200169189.pdf'

this is traceback message: 
current time: 2022-11-13 03:10:16
Traceback (most recent call last):
  File "autocreatereport.py", line 399, in <module>
    pdf_add_pswd(input_file, output_file, pswd)
  File "autocreatereport.py", line 28, in pdf_add_pswd
    in_file = open(input_file, "rb")
FileNotFoundError: [Errno 2] No such file or directory: '/var/www/html/pdf_reports/2022-11-13/Q221113016_R223710211.pdf'
Stopped again at:
公曆 20廿二年 十一月 十三日 週日 十一時十分十七秒

this is traceback message: 
current time: 2022-11-21 07:53:43
Traceback (most recent call last):
  File "autocreatereport.py", line 399, in <module>
    pdf_add_pswd(input_file, output_file, pswd)
  File "autocreatereport.py", line 33, in pdf_add_pswd
    out_pdf.encrypt(pswd)
  File "/usr/local/lib/python3.8/dist-packages/PyPDF2/pdf.py", line 424, in encrypt
    O = ByteStringObject(_alg33(owner_pwd, user_pwd, rev, keylen))
  File "/usr/local/lib/python3.8/dist-packages/PyPDF2/pdf.py", line 2906, in _alg33
    key = _alg33_1(owner_pwd, rev, keylen)
  File "/usr/local/lib/python3.8/dist-packages/PyPDF2/pdf.py", line 2935, in _alg33_1
    password = b_((password + str_(_encryption_padding))[:32])
  File "/usr/local/lib/python3.8/dist-packages/PyPDF2/utils.py", line 238, in b_
    r = s.encode('latin-1')
UnicodeEncodeError: 'latin-1' codec can't encode characters in position 0-9: ordinal not in range(256)
Stopped at:
公曆 20廿二年 十一月 廿一日 週一 十五時54分39秒
Sleep for 5sec

this is traceback message: 
current time: 2022-11-21 07:54:46
Traceback (most recent call last):
  File "autocreatereport.py", line 399, in <module>
    pdf_add_pswd(input_file, output_file, pswd)
  File "autocreatereport.py", line 33, in pdf_add_pswd
    out_pdf.encrypt(pswd)
  File "/usr/local/lib/python3.8/dist-packages/PyPDF2/pdf.py", line 424, in encrypt
    O = ByteStringObject(_alg33(owner_pwd, user_pwd, rev, keylen))
  File "/usr/local/lib/python3.8/dist-packages/PyPDF2/pdf.py", line 2906, in _alg33
    key = _alg33_1(owner_pwd, rev, keylen)
  File "/usr/local/lib/python3.8/dist-packages/PyPDF2/pdf.py", line 2935, in _alg33_1
    password = b_((password + str_(_encryption_padding))[:32])
  File "/usr/local/lib/python3.8/dist-packages/PyPDF2/utils.py", line 238, in b_
    r = s.encode('latin-1')
UnicodeEncodeError: 'latin-1' codec can't encode characters in position 0-9: ordinal not in range(256)
Stopped again at:
公曆 20廿二年 十一月 廿一日 週一 十五時54分46秒

this is traceback message: 
current time: 2022-11-21 08:05:21
Traceback (most recent call last):
  File "autocreatereport.py", line 399, in <module>
    pdf_add_pswd(input_file, output_file, pswd)
  File "autocreatereport.py", line 33, in pdf_add_pswd
    out_pdf.encrypt(pswd)
  File "/usr/local/lib/python3.8/dist-packages/PyPDF2/pdf.py", line 424, in encrypt
    O = ByteStringObject(_alg33(owner_pwd, user_pwd, rev, keylen))
  File "/usr/local/lib/python3.8/dist-packages/PyPDF2/pdf.py", line 2906, in _alg33
    key = _alg33_1(owner_pwd, rev, keylen)
  File "/usr/local/lib/python3.8/dist-packages/PyPDF2/pdf.py", line 2935, in _alg33_1
    password = b_((password + str_(_encryption_padding))[:32])
  File "/usr/local/lib/python3.8/dist-packages/PyPDF2/utils.py", line 238, in b_
    r = s.encode('latin-1')
UnicodeEncodeError: 'latin-1' codec can't encode characters in position 0-9: ordinal not in range(256)
Stopped at:
公曆 20廿二年 十一月 廿一日 週一 十六時五分廿一秒
Sleep for 5sec

this is traceback message: 
current time: 2022-11-21 08:05:30
Traceback (most recent call last):
  File "autocreatereport.py", line 399, in <module>
    pdf_add_pswd(input_file, output_file, pswd)
  File "autocreatereport.py", line 33, in pdf_add_pswd
    out_pdf.encrypt(pswd)
  File "/usr/local/lib/python3.8/dist-packages/PyPDF2/pdf.py", line 424, in encrypt
    O = ByteStringObject(_alg33(owner_pwd, user_pwd, rev, keylen))
  File "/usr/local/lib/python3.8/dist-packages/PyPDF2/pdf.py", line 2906, in _alg33
    key = _alg33_1(owner_pwd, rev, keylen)
  File "/usr/local/lib/python3.8/dist-packages/PyPDF2/pdf.py", line 2935, in _alg33_1
    password = b_((password + str_(_encryption_padding))[:32])
  File "/usr/local/lib/python3.8/dist-packages/PyPDF2/utils.py", line 238, in b_
    r = s.encode('latin-1')
UnicodeEncodeError: 'latin-1' codec can't encode characters in position 0-9: ordinal not in range(256)
Stopped again at:
公曆 20廿二年 十一月 廿一日 週一 十六時五分卅秒

this is traceback message: 
current time: 2022-11-21 08:05:39
Traceback (most recent call last):
  File "autocreatereport.py", line 399, in <module>
    pdf_add_pswd(input_file, output_file, pswd)
  File "autocreatereport.py", line 33, in pdf_add_pswd
    out_pdf.encrypt(pswd)
  File "/usr/local/lib/python3.8/dist-packages/PyPDF2/pdf.py", line 424, in encrypt
    O = ByteStringObject(_alg33(owner_pwd, user_pwd, rev, keylen))
  File "/usr/local/lib/python3.8/dist-packages/PyPDF2/pdf.py", line 2906, in _alg33
    key = _alg33_1(owner_pwd, rev, keylen)
  File "/usr/local/lib/python3.8/dist-packages/PyPDF2/pdf.py", line 2935, in _alg33_1
    password = b_((password + str_(_encryption_padding))[:32])
  File "/usr/local/lib/python3.8/dist-packages/PyPDF2/utils.py", line 238, in b_
    r = s.encode('latin-1')
UnicodeEncodeError: 'latin-1' codec can't encode characters in position 0-9: ordinal not in range(256)
Stopped at:
公曆 20廿二年 十一月 廿一日 週一 十六時五分40秒
Sleep for 5sec

this is traceback message: 
current time: 2022-11-21 08:05:48
Traceback (most recent call last):
  File "autocreatereport.py", line 399, in <module>
    pdf_add_pswd(input_file, output_file, pswd)
  File "autocreatereport.py", line 33, in pdf_add_pswd
    out_pdf.encrypt(pswd)
  File "/usr/local/lib/python3.8/dist-packages/PyPDF2/pdf.py", line 424, in encrypt
    O = ByteStringObject(_alg33(owner_pwd, user_pwd, rev, keylen))
  File "/usr/local/lib/python3.8/dist-packages/PyPDF2/pdf.py", line 2906, in _alg33
    key = _alg33_1(owner_pwd, rev, keylen)
  File "/usr/local/lib/python3.8/dist-packages/PyPDF2/pdf.py", line 2935, in _alg33_1
    password = b_((password + str_(_encryption_padding))[:32])
  File "/usr/local/lib/python3.8/dist-packages/PyPDF2/utils.py", line 238, in b_
    r = s.encode('latin-1')
UnicodeEncodeError: 'latin-1' codec can't encode characters in position 0-9: ordinal not in range(256)
Stopped again at:
公曆 20廿二年 十一月 廿一日 週一 十六時五分48秒

this is traceback message: 
current time: 2022-11-27 03:02:01
Traceback (most recent call last):
  File "autocreatereport.py", line 399, in <module>
    pdf_add_pswd(input_file, output_file, pswd)
  File "autocreatereport.py", line 28, in pdf_add_pswd
    in_file = open(input_file, "rb")
FileNotFoundError: [Errno 2] No such file or directory: '/var/www/html/pdf_reports/2022-11-27/Q221127021_MJ0108556.pdf'

this is traceback message: 
current time: 2022-11-27 03:02:05
Traceback (most recent call last):
  File "autocreatereport.py", line 399, in <module>
    pdf_add_pswd(input_file, output_file, pswd)
  File "autocreatereport.py", line 28, in pdf_add_pswd
    in_file = open(input_file, "rb")
FileNotFoundError: [Errno 2] No such file or directory: '/var/www/html/pdf_reports/2022-11-27/Q221127026_A124753670.pdf'
Stopped at:
公曆 20廿二年 十一月 廿七日 週日 十一時二分十一秒
Sleep for 5sec

this is traceback message: 
current time: 2023-01-06 08:45:02
Traceback (most recent call last):
  File "autocreatereport.py", line 387, in <module>
    run.font.size = Pt(9)
  File "autocreatereport.py", line 34, in pdf_add_pswd
    out_file = open(output_file, "wb")
PermissionError: [Errno 13] Permission denied: '/var/www/html/pdf_reports/2023-01-06/Q230106078.pdf'
Stopped at:
公曆 20廿三年 一月 六日 週五 十六時45分三秒
Sleep for 5sec

this is traceback message: 
current time: 2023-01-11 06:53:37
Traceback (most recent call last):
  File "autocreatereport.py", line 95, in <module>
    doc = docx.Document('/var/www/html/templates/covid_templates_v31.docx')
  File "/usr/local/lib/python3.8/dist-packages/docx/api.py", line 25, in Document
    document_part = Package.open(docx).main_document_part
  File "/usr/local/lib/python3.8/dist-packages/docx/opc/package.py", line 128, in open
    pkg_reader = PackageReader.from_file(pkg_file)
  File "/usr/local/lib/python3.8/dist-packages/docx/opc/pkgreader.py", line 32, in from_file
    phys_reader = PhysPkgReader(pkg_file)
  File "/usr/local/lib/python3.8/dist-packages/docx/opc/phys_pkg.py", line 30, in __new__
    raise PackageNotFoundError(
docx.opc.exceptions.PackageNotFoundError: Package not found at '/var/www/html/templates/covid_templates_v31.docx'

this is traceback message: 
current time: 2023-01-11 06:53:37
Traceback (most recent call last):
  File "autocreatereport.py", line 95, in <module>
    doc = docx.Document('/var/www/html/templates/covid_templates_v31.docx')
  File "/usr/local/lib/python3.8/dist-packages/docx/api.py", line 25, in Document
    document_part = Package.open(docx).main_document_part
  File "/usr/local/lib/python3.8/dist-packages/docx/opc/package.py", line 128, in open
    pkg_reader = PackageReader.from_file(pkg_file)
  File "/usr/local/lib/python3.8/dist-packages/docx/opc/pkgreader.py", line 32, in from_file
    phys_reader = PhysPkgReader(pkg_file)
  File "/usr/local/lib/python3.8/dist-packages/docx/opc/phys_pkg.py", line 30, in __new__
    raise PackageNotFoundError(
docx.opc.exceptions.PackageNotFoundError: Package not found at '/var/www/html/templates/covid_templates_v31.docx'

this is traceback message: 
current time: 2023-01-11 06:53:37
Traceback (most recent call last):
  File "autocreatereport.py", line 95, in <module>
    doc = docx.Document('/var/www/html/templates/covid_templates_v31.docx')
  File "/usr/local/lib/python3.8/dist-packages/docx/api.py", line 25, in Document
    document_part = Package.open(docx).main_document_part
  File "/usr/local/lib/python3.8/dist-packages/docx/opc/package.py", line 128, in open
    pkg_reader = PackageReader.from_file(pkg_file)
  File "/usr/local/lib/python3.8/dist-packages/docx/opc/pkgreader.py", line 32, in from_file
    phys_reader = PhysPkgReader(pkg_file)
  File "/usr/local/lib/python3.8/dist-packages/docx/opc/phys_pkg.py", line 30, in __new__
    raise PackageNotFoundError(
docx.opc.exceptions.PackageNotFoundError: Package not found at '/var/www/html/templates/covid_templates_v31.docx'

this is traceback message: 
current time: 2023-01-11 06:53:37
Traceback (most recent call last):
  File "autocreatereport.py", line 95, in <module>
    doc = docx.Document('/var/www/html/templates/covid_templates_v31.docx')
  File "/usr/local/lib/python3.8/dist-packages/docx/api.py", line 25, in Document
    document_part = Package.open(docx).main_document_part
  File "/usr/local/lib/python3.8/dist-packages/docx/opc/package.py", line 128, in open
    pkg_reader = PackageReader.from_file(pkg_file)
  File "/usr/local/lib/python3.8/dist-packages/docx/opc/pkgreader.py", line 32, in from_file
    phys_reader = PhysPkgReader(pkg_file)
  File "/usr/local/lib/python3.8/dist-packages/docx/opc/phys_pkg.py", line 30, in __new__
    raise PackageNotFoundError(
docx.opc.exceptions.PackageNotFoundError: Package not found at '/var/www/html/templates/covid_templates_v31.docx'

this is traceback message: 
current time: 2023-01-11 06:53:37
Traceback (most recent call last):
  File "autocreatereport.py", line 95, in <module>
    doc = docx.Document('/var/www/html/templates/covid_templates_v31.docx')
  File "/usr/local/lib/python3.8/dist-packages/docx/api.py", line 25, in Document
    document_part = Package.open(docx).main_document_part
  File "/usr/local/lib/python3.8/dist-packages/docx/opc/package.py", line 128, in open
    pkg_reader = PackageReader.from_file(pkg_file)
  File "/usr/local/lib/python3.8/dist-packages/docx/opc/pkgreader.py", line 32, in from_file
    phys_reader = PhysPkgReader(pkg_file)
  File "/usr/local/lib/python3.8/dist-packages/docx/opc/phys_pkg.py", line 30, in __new__
    raise PackageNotFoundError(
docx.opc.exceptions.PackageNotFoundError: Package not found at '/var/www/html/templates/covid_templates_v31.docx'

this is traceback message: 
current time: 2023-01-11 06:53:37
Traceback (most recent call last):
  File "autocreatereport.py", line 95, in <module>
    doc = docx.Document('/var/www/html/templates/covid_templates_v31.docx')
  File "/usr/local/lib/python3.8/dist-packages/docx/api.py", line 25, in Document
    document_part = Package.open(docx).main_document_part
  File "/usr/local/lib/python3.8/dist-packages/docx/opc/package.py", line 128, in open
    pkg_reader = PackageReader.from_file(pkg_file)
  File "/usr/local/lib/python3.8/dist-packages/docx/opc/pkgreader.py", line 32, in from_file
    phys_reader = PhysPkgReader(pkg_file)
  File "/usr/local/lib/python3.8/dist-packages/docx/opc/phys_pkg.py", line 30, in __new__
    raise PackageNotFoundError(
docx.opc.exceptions.PackageNotFoundError: Package not found at '/var/www/html/templates/covid_templates_v31.docx'

this is traceback message: 
current time: 2023-01-11 06:53:37
Traceback (most recent call last):
  File "autocreatereport.py", line 95, in <module>
    doc = docx.Document('/var/www/html/templates/covid_templates_v31.docx')
  File "/usr/local/lib/python3.8/dist-packages/docx/api.py", line 25, in Document
    document_part = Package.open(docx).main_document_part
  File "/usr/local/lib/python3.8/dist-packages/docx/opc/package.py", line 128, in open
    pkg_reader = PackageReader.from_file(pkg_file)
  File "/usr/local/lib/python3.8/dist-packages/docx/opc/pkgreader.py", line 32, in from_file
    phys_reader = PhysPkgReader(pkg_file)
  File "/usr/local/lib/python3.8/dist-packages/docx/opc/phys_pkg.py", line 30, in __new__
    raise PackageNotFoundError(
docx.opc.exceptions.PackageNotFoundError: Package not found at '/var/www/html/templates/covid_templates_v31.docx'

this is traceback message: 
current time: 2023-01-11 06:53:37
Traceback (most recent call last):
  File "autocreatereport.py", line 95, in <module>
    doc = docx.Document('/var/www/html/templates/covid_templates_v31.docx')
  File "/usr/local/lib/python3.8/dist-packages/docx/api.py", line 25, in Document
    document_part = Package.open(docx).main_document_part
  File "/usr/local/lib/python3.8/dist-packages/docx/opc/package.py", line 128, in open
    pkg_reader = PackageReader.from_file(pkg_file)
  File "/usr/local/lib/python3.8/dist-packages/docx/opc/pkgreader.py", line 32, in from_file
    phys_reader = PhysPkgReader(pkg_file)
  File "/usr/local/lib/python3.8/dist-packages/docx/opc/phys_pkg.py", line 30, in __new__
    raise PackageNotFoundError(
docx.opc.exceptions.PackageNotFoundError: Package not found at '/var/www/html/templates/covid_templates_v31.docx'

this is traceback message: 
current time: 2023-01-11 06:53:37
Traceback (most recent call last):
  File "autocreatereport.py", line 95, in <module>
    doc = docx.Document('/var/www/html/templates/covid_templates_v31.docx')
  File "/usr/local/lib/python3.8/dist-packages/docx/api.py", line 25, in Document
    document_part = Package.open(docx).main_document_part
  File "/usr/local/lib/python3.8/dist-packages/docx/opc/package.py", line 128, in open
    pkg_reader = PackageReader.from_file(pkg_file)
  File "/usr/local/lib/python3.8/dist-packages/docx/opc/pkgreader.py", line 32, in from_file
    phys_reader = PhysPkgReader(pkg_file)
  File "/usr/local/lib/python3.8/dist-packages/docx/opc/phys_pkg.py", line 30, in __new__
    raise PackageNotFoundError(
docx.opc.exceptions.PackageNotFoundError: Package not found at '/var/www/html/templates/covid_templates_v31.docx'

this is traceback message: 
current time: 2023-01-11 06:53:37
Traceback (most recent call last):
  File "autocreatereport.py", line 95, in <module>
    doc = docx.Document('/var/www/html/templates/covid_templates_v31.docx')
  File "/usr/local/lib/python3.8/dist-packages/docx/api.py", line 25, in Document
    document_part = Package.open(docx).main_document_part
  File "/usr/local/lib/python3.8/dist-packages/docx/opc/package.py", line 128, in open
    pkg_reader = PackageReader.from_file(pkg_file)
  File "/usr/local/lib/python3.8/dist-packages/docx/opc/pkgreader.py", line 32, in from_file
    phys_reader = PhysPkgReader(pkg_file)
  File "/usr/local/lib/python3.8/dist-packages/docx/opc/phys_pkg.py", line 30, in __new__
    raise PackageNotFoundError(
docx.opc.exceptions.PackageNotFoundError: Package not found at '/var/www/html/templates/covid_templates_v31.docx'

this is traceback message: 
current time: 2023-01-11 06:53:37
Traceback (most recent call last):
  File "autocreatereport.py", line 95, in <module>
    doc = docx.Document('/var/www/html/templates/covid_templates_v31.docx')
  File "/usr/local/lib/python3.8/dist-packages/docx/api.py", line 25, in Document
    document_part = Package.open(docx).main_document_part
  File "/usr/local/lib/python3.8/dist-packages/docx/opc/package.py", line 128, in open
    pkg_reader = PackageReader.from_file(pkg_file)
  File "/usr/local/lib/python3.8/dist-packages/docx/opc/pkgreader.py", line 32, in from_file
    phys_reader = PhysPkgReader(pkg_file)
  File "/usr/local/lib/python3.8/dist-packages/docx/opc/phys_pkg.py", line 30, in __new__
    raise PackageNotFoundError(
docx.opc.exceptions.PackageNotFoundError: Package not found at '/var/www/html/templates/covid_templates_v31.docx'

this is traceback message: 
current time: 2023-01-11 06:53:37
Traceback (most recent call last):
  File "autocreatereport.py", line 95, in <module>
    doc = docx.Document('/var/www/html/templates/covid_templates_v31.docx')
  File "/usr/local/lib/python3.8/dist-packages/docx/api.py", line 25, in Document
    document_part = Package.open(docx).main_document_part
  File "/usr/local/lib/python3.8/dist-packages/docx/opc/package.py", line 128, in open
    pkg_reader = PackageReader.from_file(pkg_file)
  File "/usr/local/lib/python3.8/dist-packages/docx/opc/pkgreader.py", line 32, in from_file
    phys_reader = PhysPkgReader(pkg_file)
  File "/usr/local/lib/python3.8/dist-packages/docx/opc/phys_pkg.py", line 30, in __new__
    raise PackageNotFoundError(
docx.opc.exceptions.PackageNotFoundError: Package not found at '/var/www/html/templates/covid_templates_v31.docx'

this is traceback message: 
current time: 2023-01-11 06:53:37
Traceback (most recent call last):
  File "autocreatereport.py", line 95, in <module>
    doc = docx.Document('/var/www/html/templates/covid_templates_v31.docx')
  File "/usr/local/lib/python3.8/dist-packages/docx/api.py", line 25, in Document
    document_part = Package.open(docx).main_document_part
  File "/usr/local/lib/python3.8/dist-packages/docx/opc/package.py", line 128, in open
    pkg_reader = PackageReader.from_file(pkg_file)
  File "/usr/local/lib/python3.8/dist-packages/docx/opc/pkgreader.py", line 32, in from_file
    phys_reader = PhysPkgReader(pkg_file)
  File "/usr/local/lib/python3.8/dist-packages/docx/opc/phys_pkg.py", line 30, in __new__
    raise PackageNotFoundError(
docx.opc.exceptions.PackageNotFoundError: Package not found at '/var/www/html/templates/covid_templates_v31.docx'

this is traceback message: 
current time: 2023-01-11 06:53:37
Traceback (most recent call last):
  File "autocreatereport.py", line 95, in <module>
    doc = docx.Document('/var/www/html/templates/covid_templates_v31.docx')
  File "/usr/local/lib/python3.8/dist-packages/docx/api.py", line 25, in Document
    document_part = Package.open(docx).main_document_part
  File "/usr/local/lib/python3.8/dist-packages/docx/opc/package.py", line 128, in open
    pkg_reader = PackageReader.from_file(pkg_file)
  File "/usr/local/lib/python3.8/dist-packages/docx/opc/pkgreader.py", line 32, in from_file
    phys_reader = PhysPkgReader(pkg_file)
  File "/usr/local/lib/python3.8/dist-packages/docx/opc/phys_pkg.py", line 30, in __new__
    raise PackageNotFoundError(
docx.opc.exceptions.PackageNotFoundError: Package not found at '/var/www/html/templates/covid_templates_v31.docx'

this is traceback message: 
current time: 2023-01-11 06:53:37
Traceback (most recent call last):
  File "autocreatereport.py", line 95, in <module>
    doc = docx.Document('/var/www/html/templates/covid_templates_v31.docx')
  File "/usr/local/lib/python3.8/dist-packages/docx/api.py", line 25, in Document
    document_part = Package.open(docx).main_document_part
  File "/usr/local/lib/python3.8/dist-packages/docx/opc/package.py", line 128, in open
    pkg_reader = PackageReader.from_file(pkg_file)
  File "/usr/local/lib/python3.8/dist-packages/docx/opc/pkgreader.py", line 32, in from_file
    phys_reader = PhysPkgReader(pkg_file)
  File "/usr/local/lib/python3.8/dist-packages/docx/opc/phys_pkg.py", line 30, in __new__
    raise PackageNotFoundError(
docx.opc.exceptions.PackageNotFoundError: Package not found at '/var/www/html/templates/covid_templates_v31.docx'

this is traceback message: 
current time: 2023-01-11 06:53:37
Traceback (most recent call last):
  File "autocreatereport.py", line 95, in <module>
    doc = docx.Document('/var/www/html/templates/covid_templates_v31.docx')
  File "/usr/local/lib/python3.8/dist-packages/docx/api.py", line 25, in Document
    document_part = Package.open(docx).main_document_part
  File "/usr/local/lib/python3.8/dist-packages/docx/opc/package.py", line 128, in open
    pkg_reader = PackageReader.from_file(pkg_file)
  File "/usr/local/lib/python3.8/dist-packages/docx/opc/pkgreader.py", line 32, in from_file
    phys_reader = PhysPkgReader(pkg_file)
  File "/usr/local/lib/python3.8/dist-packages/docx/opc/phys_pkg.py", line 30, in __new__
    raise PackageNotFoundError(
docx.opc.exceptions.PackageNotFoundError: Package not found at '/var/www/html/templates/covid_templates_v31.docx'

this is traceback message: 
current time: 2023-01-11 06:53:37
Traceback (most recent call last):
  File "autocreatereport.py", line 95, in <module>
    doc = docx.Document('/var/www/html/templates/covid_templates_v31.docx')
  File "/usr/local/lib/python3.8/dist-packages/docx/api.py", line 25, in Document
    document_part = Package.open(docx).main_document_part
  File "/usr/local/lib/python3.8/dist-packages/docx/opc/package.py", line 128, in open
    pkg_reader = PackageReader.from_file(pkg_file)
  File "/usr/local/lib/python3.8/dist-packages/docx/opc/pkgreader.py", line 32, in from_file
    phys_reader = PhysPkgReader(pkg_file)
  File "/usr/local/lib/python3.8/dist-packages/docx/opc/phys_pkg.py", line 30, in __new__
    raise PackageNotFoundError(
docx.opc.exceptions.PackageNotFoundError: Package not found at '/var/www/html/templates/covid_templates_v31.docx'

this is traceback message: 
current time: 2023-01-11 06:53:37
Traceback (most recent call last):
  File "autocreatereport.py", line 95, in <module>
    doc = docx.Document('/var/www/html/templates/covid_templates_v31.docx')
  File "/usr/local/lib/python3.8/dist-packages/docx/api.py", line 25, in Document
    document_part = Package.open(docx).main_document_part
  File "/usr/local/lib/python3.8/dist-packages/docx/opc/package.py", line 128, in open
    pkg_reader = PackageReader.from_file(pkg_file)
  File "/usr/local/lib/python3.8/dist-packages/docx/opc/pkgreader.py", line 32, in from_file
    phys_reader = PhysPkgReader(pkg_file)
  File "/usr/local/lib/python3.8/dist-packages/docx/opc/phys_pkg.py", line 30, in __new__
    raise PackageNotFoundError(
docx.opc.exceptions.PackageNotFoundError: Package not found at '/var/www/html/templates/covid_templates_v31.docx'

this is traceback message: 
current time: 2023-01-11 06:53:37
Traceback (most recent call last):
  File "autocreatereport.py", line 95, in <module>
    doc = docx.Document('/var/www/html/templates/covid_templates_v31.docx')
  File "/usr/local/lib/python3.8/dist-packages/docx/api.py", line 25, in Document
    document_part = Package.open(docx).main_document_part
  File "/usr/local/lib/python3.8/dist-packages/docx/opc/package.py", line 128, in open
    pkg_reader = PackageReader.from_file(pkg_file)
  File "/usr/local/lib/python3.8/dist-packages/docx/opc/pkgreader.py", line 32, in from_file
    phys_reader = PhysPkgReader(pkg_file)
  File "/usr/local/lib/python3.8/dist-packages/docx/opc/phys_pkg.py", line 30, in __new__
    raise PackageNotFoundError(
docx.opc.exceptions.PackageNotFoundError: Package not found at '/var/www/html/templates/covid_templates_v31.docx'

this is traceback message: 
current time: 2023-01-11 06:53:37
Traceback (most recent call last):
  File "autocreatereport.py", line 95, in <module>
    doc = docx.Document('/var/www/html/templates/covid_templates_v31.docx')
  File "/usr/local/lib/python3.8/dist-packages/docx/api.py", line 25, in Document
    document_part = Package.open(docx).main_document_part
  File "/usr/local/lib/python3.8/dist-packages/docx/opc/package.py", line 128, in open
    pkg_reader = PackageReader.from_file(pkg_file)
  File "/usr/local/lib/python3.8/dist-packages/docx/opc/pkgreader.py", line 32, in from_file
    phys_reader = PhysPkgReader(pkg_file)
  File "/usr/local/lib/python3.8/dist-packages/docx/opc/phys_pkg.py", line 30, in __new__
    raise PackageNotFoundError(
docx.opc.exceptions.PackageNotFoundError: Package not found at '/var/www/html/templates/covid_templates_v31.docx'

this is traceback message: 
current time: 2023-01-11 06:53:37
Traceback (most recent call last):
  File "autocreatereport.py", line 95, in <module>
    doc = docx.Document('/var/www/html/templates/covid_templates_v31.docx')
  File "/usr/local/lib/python3.8/dist-packages/docx/api.py", line 25, in Document
    document_part = Package.open(docx).main_document_part
  File "/usr/local/lib/python3.8/dist-packages/docx/opc/package.py", line 128, in open
    pkg_reader = PackageReader.from_file(pkg_file)
  File "/usr/local/lib/python3.8/dist-packages/docx/opc/pkgreader.py", line 32, in from_file
    phys_reader = PhysPkgReader(pkg_file)
  File "/usr/local/lib/python3.8/dist-packages/docx/opc/phys_pkg.py", line 30, in __new__
    raise PackageNotFoundError(
docx.opc.exceptions.PackageNotFoundError: Package not found at '/var/www/html/templates/covid_templates_v31.docx'

this is traceback message: 
current time: 2023-01-11 06:53:37
Traceback (most recent call last):
  File "autocreatereport.py", line 95, in <module>
    doc = docx.Document('/var/www/html/templates/covid_templates_v31.docx')
  File "/usr/local/lib/python3.8/dist-packages/docx/api.py", line 25, in Document
    document_part = Package.open(docx).main_document_part
  File "/usr/local/lib/python3.8/dist-packages/docx/opc/package.py", line 128, in open
    pkg_reader = PackageReader.from_file(pkg_file)
  File "/usr/local/lib/python3.8/dist-packages/docx/opc/pkgreader.py", line 32, in from_file
    phys_reader = PhysPkgReader(pkg_file)
  File "/usr/local/lib/python3.8/dist-packages/docx/opc/phys_pkg.py", line 30, in __new__
    raise PackageNotFoundError(
docx.opc.exceptions.PackageNotFoundError: Package not found at '/var/www/html/templates/covid_templates_v31.docx'

this is traceback message: 
current time: 2023-01-11 06:53:37
Traceback (most recent call last):
  File "autocreatereport.py", line 95, in <module>
    doc = docx.Document('/var/www/html/templates/covid_templates_v31.docx')
  File "/usr/local/lib/python3.8/dist-packages/docx/api.py", line 25, in Document
    document_part = Package.open(docx).main_document_part
  File "/usr/local/lib/python3.8/dist-packages/docx/opc/package.py", line 128, in open
    pkg_reader = PackageReader.from_file(pkg_file)
  File "/usr/local/lib/python3.8/dist-packages/docx/opc/pkgreader.py", line 32, in from_file
    phys_reader = PhysPkgReader(pkg_file)
  File "/usr/local/lib/python3.8/dist-packages/docx/opc/phys_pkg.py", line 30, in __new__
    raise PackageNotFoundError(
docx.opc.exceptions.PackageNotFoundError: Package not found at '/var/www/html/templates/covid_templates_v31.docx'

this is traceback message: 
current time: 2023-01-11 06:53:37
Traceback (most recent call last):
  File "autocreatereport.py", line 95, in <module>
    doc = docx.Document('/var/www/html/templates/covid_templates_v31.docx')
  File "/usr/local/lib/python3.8/dist-packages/docx/api.py", line 25, in Document
    document_part = Package.open(docx).main_document_part
  File "/usr/local/lib/python3.8/dist-packages/docx/opc/package.py", line 128, in open
    pkg_reader = PackageReader.from_file(pkg_file)
  File "/usr/local/lib/python3.8/dist-packages/docx/opc/pkgreader.py", line 32, in from_file
    phys_reader = PhysPkgReader(pkg_file)
  File "/usr/local/lib/python3.8/dist-packages/docx/opc/phys_pkg.py", line 30, in __new__
    raise PackageNotFoundError(
docx.opc.exceptions.PackageNotFoundError: Package not found at '/var/www/html/templates/covid_templates_v31.docx'

this is traceback message: 
current time: 2023-01-11 06:53:37
Traceback (most recent call last):
  File "autocreatereport.py", line 95, in <module>
    doc = docx.Document('/var/www/html/templates/covid_templates_v31.docx')
  File "/usr/local/lib/python3.8/dist-packages/docx/api.py", line 25, in Document
    document_part = Package.open(docx).main_document_part
  File "/usr/local/lib/python3.8/dist-packages/docx/opc/package.py", line 128, in open
    pkg_reader = PackageReader.from_file(pkg_file)
  File "/usr/local/lib/python3.8/dist-packages/docx/opc/pkgreader.py", line 32, in from_file
    phys_reader = PhysPkgReader(pkg_file)
  File "/usr/local/lib/python3.8/dist-packages/docx/opc/phys_pkg.py", line 30, in __new__
    raise PackageNotFoundError(
docx.opc.exceptions.PackageNotFoundError: Package not found at '/var/www/html/templates/covid_templates_v31.docx'

this is traceback message: 
current time: 2023-01-11 06:53:37
Traceback (most recent call last):
  File "autocreatereport.py", line 95, in <module>
    doc = docx.Document('/var/www/html/templates/covid_templates_v31.docx')
  File "/usr/local/lib/python3.8/dist-packages/docx/api.py", line 25, in Document
    document_part = Package.open(docx).main_document_part
  File "/usr/local/lib/python3.8/dist-packages/docx/opc/package.py", line 128, in open
    pkg_reader = PackageReader.from_file(pkg_file)
  File "/usr/local/lib/python3.8/dist-packages/docx/opc/pkgreader.py", line 32, in from_file
    phys_reader = PhysPkgReader(pkg_file)
  File "/usr/local/lib/python3.8/dist-packages/docx/opc/phys_pkg.py", line 30, in __new__
    raise PackageNotFoundError(
docx.opc.exceptions.PackageNotFoundError: Package not found at '/var/www/html/templates/covid_templates_v31.docx'

this is traceback message: 
current time: 2023-01-11 06:53:37
Traceback (most recent call last):
  File "autocreatereport.py", line 95, in <module>
    doc = docx.Document('/var/www/html/templates/covid_templates_v31.docx')
  File "/usr/local/lib/python3.8/dist-packages/docx/api.py", line 25, in Document
    document_part = Package.open(docx).main_document_part
  File "/usr/local/lib/python3.8/dist-packages/docx/opc/package.py", line 128, in open
    pkg_reader = PackageReader.from_file(pkg_file)
  File "/usr/local/lib/python3.8/dist-packages/docx/opc/pkgreader.py", line 32, in from_file
    phys_reader = PhysPkgReader(pkg_file)
  File "/usr/local/lib/python3.8/dist-packages/docx/opc/phys_pkg.py", line 30, in __new__
    raise PackageNotFoundError(
docx.opc.exceptions.PackageNotFoundError: Package not found at '/var/www/html/templates/covid_templates_v31.docx'

this is traceback message: 
current time: 2023-01-11 06:53:37
Traceback (most recent call last):
  File "autocreatereport.py", line 95, in <module>
    doc = docx.Document('/var/www/html/templates/covid_templates_v31.docx')
  File "/usr/local/lib/python3.8/dist-packages/docx/api.py", line 25, in Document
    document_part = Package.open(docx).main_document_part
  File "/usr/local/lib/python3.8/dist-packages/docx/opc/package.py", line 128, in open
    pkg_reader = PackageReader.from_file(pkg_file)
  File "/usr/local/lib/python3.8/dist-packages/docx/opc/pkgreader.py", line 32, in from_file
    phys_reader = PhysPkgReader(pkg_file)
  File "/usr/local/lib/python3.8/dist-packages/docx/opc/phys_pkg.py", line 30, in __new__
    raise PackageNotFoundError(
docx.opc.exceptions.PackageNotFoundError: Package not found at '/var/www/html/templates/covid_templates_v31.docx'

this is traceback message: 
current time: 2023-01-11 06:53:37
Traceback (most recent call last):
  File "autocreatereport.py", line 95, in <module>
    doc = docx.Document('/var/www/html/templates/covid_templates_v31.docx')
  File "/usr/local/lib/python3.8/dist-packages/docx/api.py", line 25, in Document
    document_part = Package.open(docx).main_document_part
  File "/usr/local/lib/python3.8/dist-packages/docx/opc/package.py", line 128, in open
    pkg_reader = PackageReader.from_file(pkg_file)
  File "/usr/local/lib/python3.8/dist-packages/docx/opc/pkgreader.py", line 32, in from_file
    phys_reader = PhysPkgReader(pkg_file)
  File "/usr/local/lib/python3.8/dist-packages/docx/opc/phys_pkg.py", line 30, in __new__
    raise PackageNotFoundError(
docx.opc.exceptions.PackageNotFoundError: Package not found at '/var/www/html/templates/covid_templates_v31.docx'

this is traceback message: 
current time: 2023-01-11 06:53:37
Traceback (most recent call last):
  File "autocreatereport.py", line 95, in <module>
    doc = docx.Document('/var/www/html/templates/covid_templates_v31.docx')
  File "/usr/local/lib/python3.8/dist-packages/docx/api.py", line 25, in Document
    document_part = Package.open(docx).main_document_part
  File "/usr/local/lib/python3.8/dist-packages/docx/opc/package.py", line 128, in open
    pkg_reader = PackageReader.from_file(pkg_file)
  File "/usr/local/lib/python3.8/dist-packages/docx/opc/pkgreader.py", line 32, in from_file
    phys_reader = PhysPkgReader(pkg_file)
  File "/usr/local/lib/python3.8/dist-packages/docx/opc/phys_pkg.py", line 30, in __new__
    raise PackageNotFoundError(
docx.opc.exceptions.PackageNotFoundError: Package not found at '/var/www/html/templates/covid_templates_v31.docx'

this is traceback message: 
current time: 2023-01-11 06:53:37
Traceback (most recent call last):
  File "autocreatereport.py", line 95, in <module>
    doc = docx.Document('/var/www/html/templates/covid_templates_v31.docx')
  File "/usr/local/lib/python3.8/dist-packages/docx/api.py", line 25, in Document
    document_part = Package.open(docx).main_document_part
  File "/usr/local/lib/python3.8/dist-packages/docx/opc/package.py", line 128, in open
    pkg_reader = PackageReader.from_file(pkg_file)
  File "/usr/local/lib/python3.8/dist-packages/docx/opc/pkgreader.py", line 32, in from_file
    phys_reader = PhysPkgReader(pkg_file)
  File "/usr/local/lib/python3.8/dist-packages/docx/opc/phys_pkg.py", line 30, in __new__
    raise PackageNotFoundError(
docx.opc.exceptions.PackageNotFoundError: Package not found at '/var/www/html/templates/covid_templates_v31.docx'

this is traceback message: 
current time: 2023-01-11 06:53:37
Traceback (most recent call last):
  File "autocreatereport.py", line 95, in <module>
    doc = docx.Document('/var/www/html/templates/covid_templates_v31.docx')
  File "/usr/local/lib/python3.8/dist-packages/docx/api.py", line 25, in Document
    document_part = Package.open(docx).main_document_part
  File "/usr/local/lib/python3.8/dist-packages/docx/opc/package.py", line 128, in open
    pkg_reader = PackageReader.from_file(pkg_file)
  File "/usr/local/lib/python3.8/dist-packages/docx/opc/pkgreader.py", line 32, in from_file
    phys_reader = PhysPkgReader(pkg_file)
  File "/usr/local/lib/python3.8/dist-packages/docx/opc/phys_pkg.py", line 30, in __new__
    raise PackageNotFoundError(
docx.opc.exceptions.PackageNotFoundError: Package not found at '/var/www/html/templates/covid_templates_v31.docx'

this is traceback message: 
current time: 2023-01-11 06:53:37
Traceback (most recent call last):
  File "autocreatereport.py", line 95, in <module>
    doc = docx.Document('/var/www/html/templates/covid_templates_v31.docx')
  File "/usr/local/lib/python3.8/dist-packages/docx/api.py", line 25, in Document
    document_part = Package.open(docx).main_document_part
  File "/usr/local/lib/python3.8/dist-packages/docx/opc/package.py", line 128, in open
    pkg_reader = PackageReader.from_file(pkg_file)
  File "/usr/local/lib/python3.8/dist-packages/docx/opc/pkgreader.py", line 32, in from_file
    phys_reader = PhysPkgReader(pkg_file)
  File "/usr/local/lib/python3.8/dist-packages/docx/opc/phys_pkg.py", line 30, in __new__
    raise PackageNotFoundError(
docx.opc.exceptions.PackageNotFoundError: Package not found at '/var/www/html/templates/covid_templates_v31.docx'

this is traceback message: 
current time: 2023-01-11 06:53:37
Traceback (most recent call last):
  File "autocreatereport.py", line 95, in <module>
    doc = docx.Document('/var/www/html/templates/covid_templates_v31.docx')
  File "/usr/local/lib/python3.8/dist-packages/docx/api.py", line 25, in Document
    document_part = Package.open(docx).main_document_part
  File "/usr/local/lib/python3.8/dist-packages/docx/opc/package.py", line 128, in open
    pkg_reader = PackageReader.from_file(pkg_file)
  File "/usr/local/lib/python3.8/dist-packages/docx/opc/pkgreader.py", line 32, in from_file
    phys_reader = PhysPkgReader(pkg_file)
  File "/usr/local/lib/python3.8/dist-packages/docx/opc/phys_pkg.py", line 30, in __new__
    raise PackageNotFoundError(
docx.opc.exceptions.PackageNotFoundError: Package not found at '/var/www/html/templates/covid_templates_v31.docx'

this is traceback message: 
current time: 2023-01-11 06:53:37
Traceback (most recent call last):
  File "autocreatereport.py", line 95, in <module>
    doc = docx.Document('/var/www/html/templates/covid_templates_v31.docx')
  File "/usr/local/lib/python3.8/dist-packages/docx/api.py", line 25, in Document
    document_part = Package.open(docx).main_document_part
  File "/usr/local/lib/python3.8/dist-packages/docx/opc/package.py", line 128, in open
    pkg_reader = PackageReader.from_file(pkg_file)
  File "/usr/local/lib/python3.8/dist-packages/docx/opc/pkgreader.py", line 32, in from_file
    phys_reader = PhysPkgReader(pkg_file)
  File "/usr/local/lib/python3.8/dist-packages/docx/opc/phys_pkg.py", line 30, in __new__
    raise PackageNotFoundError(
docx.opc.exceptions.PackageNotFoundError: Package not found at '/var/www/html/templates/covid_templates_v31.docx'

this is traceback message: 
current time: 2023-01-11 06:53:37
Traceback (most recent call last):
  File "autocreatereport.py", line 95, in <module>
    doc = docx.Document('/var/www/html/templates/covid_templates_v31.docx')
  File "/usr/local/lib/python3.8/dist-packages/docx/api.py", line 25, in Document
    document_part = Package.open(docx).main_document_part
  File "/usr/local/lib/python3.8/dist-packages/docx/opc/package.py", line 128, in open
    pkg_reader = PackageReader.from_file(pkg_file)
  File "/usr/local/lib/python3.8/dist-packages/docx/opc/pkgreader.py", line 32, in from_file
    phys_reader = PhysPkgReader(pkg_file)
  File "/usr/local/lib/python3.8/dist-packages/docx/opc/phys_pkg.py", line 30, in __new__
    raise PackageNotFoundError(
docx.opc.exceptions.PackageNotFoundError: Package not found at '/var/www/html/templates/covid_templates_v31.docx'

this is traceback message: 
current time: 2023-01-11 06:53:37
Traceback (most recent call last):
  File "autocreatereport.py", line 95, in <module>
    doc = docx.Document('/var/www/html/templates/covid_templates_v31.docx')
  File "/usr/local/lib/python3.8/dist-packages/docx/api.py", line 25, in Document
    document_part = Package.open(docx).main_document_part
  File "/usr/local/lib/python3.8/dist-packages/docx/opc/package.py", line 128, in open
    pkg_reader = PackageReader.from_file(pkg_file)
  File "/usr/local/lib/python3.8/dist-packages/docx/opc/pkgreader.py", line 32, in from_file
    phys_reader = PhysPkgReader(pkg_file)
  File "/usr/local/lib/python3.8/dist-packages/docx/opc/phys_pkg.py", line 30, in __new__
    raise PackageNotFoundError(
docx.opc.exceptions.PackageNotFoundError: Package not found at '/var/www/html/templates/covid_templates_v31.docx'

this is traceback message: 
current time: 2023-01-11 06:53:37
Traceback (most recent call last):
  File "autocreatereport.py", line 95, in <module>
    doc = docx.Document('/var/www/html/templates/covid_templates_v31.docx')
  File "/usr/local/lib/python3.8/dist-packages/docx/api.py", line 25, in Document
    document_part = Package.open(docx).main_document_part
  File "/usr/local/lib/python3.8/dist-packages/docx/opc/package.py", line 128, in open
    pkg_reader = PackageReader.from_file(pkg_file)
  File "/usr/local/lib/python3.8/dist-packages/docx/opc/pkgreader.py", line 32, in from_file
    phys_reader = PhysPkgReader(pkg_file)
  File "/usr/local/lib/python3.8/dist-packages/docx/opc/phys_pkg.py", line 30, in __new__
    raise PackageNotFoundError(
docx.opc.exceptions.PackageNotFoundError: Package not found at '/var/www/html/templates/covid_templates_v31.docx'

this is traceback message: 
current time: 2023-01-11 06:53:37
Traceback (most recent call last):
  File "autocreatereport.py", line 95, in <module>
    doc = docx.Document('/var/www/html/templates/covid_templates_v31.docx')
  File "/usr/local/lib/python3.8/dist-packages/docx/api.py", line 25, in Document
    document_part = Package.open(docx).main_document_part
  File "/usr/local/lib/python3.8/dist-packages/docx/opc/package.py", line 128, in open
    pkg_reader = PackageReader.from_file(pkg_file)
  File "/usr/local/lib/python3.8/dist-packages/docx/opc/pkgreader.py", line 32, in from_file
    phys_reader = PhysPkgReader(pkg_file)
  File "/usr/local/lib/python3.8/dist-packages/docx/opc/phys_pkg.py", line 30, in __new__
    raise PackageNotFoundError(
docx.opc.exceptions.PackageNotFoundError: Package not found at '/var/www/html/templates/covid_templates_v31.docx'

this is traceback message: 
current time: 2023-01-11 06:53:37
Traceback (most recent call last):
  File "autocreatereport.py", line 95, in <module>
    doc = docx.Document('/var/www/html/templates/covid_templates_v31.docx')
  File "/usr/local/lib/python3.8/dist-packages/docx/api.py", line 25, in Document
    document_part = Package.open(docx).main_document_part
  File "/usr/local/lib/python3.8/dist-packages/docx/opc/package.py", line 128, in open
    pkg_reader = PackageReader.from_file(pkg_file)
  File "/usr/local/lib/python3.8/dist-packages/docx/opc/pkgreader.py", line 32, in from_file
    phys_reader = PhysPkgReader(pkg_file)
  File "/usr/local/lib/python3.8/dist-packages/docx/opc/phys_pkg.py", line 30, in __new__
    raise PackageNotFoundError(
docx.opc.exceptions.PackageNotFoundError: Package not found at '/var/www/html/templates/covid_templates_v31.docx'

this is traceback message: 
current time: 2023-01-11 06:53:37
Traceback (most recent call last):
  File "autocreatereport.py", line 95, in <module>
    doc = docx.Document('/var/www/html/templates/covid_templates_v31.docx')
  File "/usr/local/lib/python3.8/dist-packages/docx/api.py", line 25, in Document
    document_part = Package.open(docx).main_document_part
  File "/usr/local/lib/python3.8/dist-packages/docx/opc/package.py", line 128, in open
    pkg_reader = PackageReader.from_file(pkg_file)
  File "/usr/local/lib/python3.8/dist-packages/docx/opc/pkgreader.py", line 32, in from_file
    phys_reader = PhysPkgReader(pkg_file)
  File "/usr/local/lib/python3.8/dist-packages/docx/opc/phys_pkg.py", line 30, in __new__
    raise PackageNotFoundError(
docx.opc.exceptions.PackageNotFoundError: Package not found at '/var/www/html/templates/covid_templates_v31.docx'

this is traceback message: 
current time: 2023-01-11 06:53:37
Traceback (most recent call last):
  File "autocreatereport.py", line 95, in <module>
    doc = docx.Document('/var/www/html/templates/covid_templates_v31.docx')
  File "/usr/local/lib/python3.8/dist-packages/docx/api.py", line 25, in Document
    document_part = Package.open(docx).main_document_part
  File "/usr/local/lib/python3.8/dist-packages/docx/opc/package.py", line 128, in open
    pkg_reader = PackageReader.from_file(pkg_file)
  File "/usr/local/lib/python3.8/dist-packages/docx/opc/pkgreader.py", line 32, in from_file
    phys_reader = PhysPkgReader(pkg_file)
  File "/usr/local/lib/python3.8/dist-packages/docx/opc/phys_pkg.py", line 30, in __new__
    raise PackageNotFoundError(
docx.opc.exceptions.PackageNotFoundError: Package not found at '/var/www/html/templates/covid_templates_v31.docx'

this is traceback message: 
current time: 2023-01-11 06:53:37
Traceback (most recent call last):
  File "autocreatereport.py", line 95, in <module>
    doc = docx.Document('/var/www/html/templates/covid_templates_v31.docx')
  File "/usr/local/lib/python3.8/dist-packages/docx/api.py", line 25, in Document
    document_part = Package.open(docx).main_document_part
  File "/usr/local/lib/python3.8/dist-packages/docx/opc/package.py", line 128, in open
    pkg_reader = PackageReader.from_file(pkg_file)
  File "/usr/local/lib/python3.8/dist-packages/docx/opc/pkgreader.py", line 32, in from_file
    phys_reader = PhysPkgReader(pkg_file)
  File "/usr/local/lib/python3.8/dist-packages/docx/opc/phys_pkg.py", line 30, in __new__
    raise PackageNotFoundError(
docx.opc.exceptions.PackageNotFoundError: Package not found at '/var/www/html/templates/covid_templates_v31.docx'

this is traceback message: 
current time: 2023-01-11 06:53:37
Traceback (most recent call last):
  File "autocreatereport.py", line 95, in <module>
    doc = docx.Document('/var/www/html/templates/covid_templates_v31.docx')
  File "/usr/local/lib/python3.8/dist-packages/docx/api.py", line 25, in Document
    document_part = Package.open(docx).main_document_part
  File "/usr/local/lib/python3.8/dist-packages/docx/opc/package.py", line 128, in open
    pkg_reader = PackageReader.from_file(pkg_file)
  File "/usr/local/lib/python3.8/dist-packages/docx/opc/pkgreader.py", line 32, in from_file
    phys_reader = PhysPkgReader(pkg_file)
  File "/usr/local/lib/python3.8/dist-packages/docx/opc/phys_pkg.py", line 30, in __new__
    raise PackageNotFoundError(
docx.opc.exceptions.PackageNotFoundError: Package not found at '/var/www/html/templates/covid_templates_v31.docx'

this is traceback message: 
current time: 2023-01-11 06:53:37
Traceback (most recent call last):
  File "autocreatereport.py", line 95, in <module>
    doc = docx.Document('/var/www/html/templates/covid_templates_v31.docx')
  File "/usr/local/lib/python3.8/dist-packages/docx/api.py", line 25, in Document
    document_part = Package.open(docx).main_document_part
  File "/usr/local/lib/python3.8/dist-packages/docx/opc/package.py", line 128, in open
    pkg_reader = PackageReader.from_file(pkg_file)
  File "/usr/local/lib/python3.8/dist-packages/docx/opc/pkgreader.py", line 32, in from_file
    phys_reader = PhysPkgReader(pkg_file)
  File "/usr/local/lib/python3.8/dist-packages/docx/opc/phys_pkg.py", line 30, in __new__
    raise PackageNotFoundError(
docx.opc.exceptions.PackageNotFoundError: Package not found at '/var/www/html/templates/covid_templates_v31.docx'

this is traceback message: 
current time: 2023-01-11 06:53:37
Traceback (most recent call last):
  File "autocreatereport.py", line 95, in <module>
    doc = docx.Document('/var/www/html/templates/covid_templates_v31.docx')
  File "/usr/local/lib/python3.8/dist-packages/docx/api.py", line 25, in Document
    document_part = Package.open(docx).main_document_part
  File "/usr/local/lib/python3.8/dist-packages/docx/opc/package.py", line 128, in open
    pkg_reader = PackageReader.from_file(pkg_file)
  File "/usr/local/lib/python3.8/dist-packages/docx/opc/pkgreader.py", line 32, in from_file
    phys_reader = PhysPkgReader(pkg_file)
  File "/usr/local/lib/python3.8/dist-packages/docx/opc/phys_pkg.py", line 30, in __new__
    raise PackageNotFoundError(
docx.opc.exceptions.PackageNotFoundError: Package not found at '/var/www/html/templates/covid_templates_v31.docx'

this is traceback message: 
current time: 2023-01-11 06:53:37
Traceback (most recent call last):
  File "autocreatereport.py", line 95, in <module>
    doc = docx.Document('/var/www/html/templates/covid_templates_v31.docx')
  File "/usr/local/lib/python3.8/dist-packages/docx/api.py", line 25, in Document
    document_part = Package.open(docx).main_document_part
  File "/usr/local/lib/python3.8/dist-packages/docx/opc/package.py", line 128, in open
    pkg_reader = PackageReader.from_file(pkg_file)
  File "/usr/local/lib/python3.8/dist-packages/docx/opc/pkgreader.py", line 32, in from_file
    phys_reader = PhysPkgReader(pkg_file)
  File "/usr/local/lib/python3.8/dist-packages/docx/opc/phys_pkg.py", line 30, in __new__
    raise PackageNotFoundError(
docx.opc.exceptions.PackageNotFoundError: Package not found at '/var/www/html/templates/covid_templates_v31.docx'

this is traceback message: 
current time: 2023-01-11 06:53:37
Traceback (most recent call last):
  File "autocreatereport.py", line 95, in <module>
    doc = docx.Document('/var/www/html/templates/covid_templates_v31.docx')
  File "/usr/local/lib/python3.8/dist-packages/docx/api.py", line 25, in Document
    document_part = Package.open(docx).main_document_part
  File "/usr/local/lib/python3.8/dist-packages/docx/opc/package.py", line 128, in open
    pkg_reader = PackageReader.from_file(pkg_file)
  File "/usr/local/lib/python3.8/dist-packages/docx/opc/pkgreader.py", line 32, in from_file
    phys_reader = PhysPkgReader(pkg_file)
  File "/usr/local/lib/python3.8/dist-packages/docx/opc/phys_pkg.py", line 30, in __new__
    raise PackageNotFoundError(
docx.opc.exceptions.PackageNotFoundError: Package not found at '/var/www/html/templates/covid_templates_v31.docx'

this is traceback message: 
current time: 2023-01-11 06:53:37
Traceback (most recent call last):
  File "autocreatereport.py", line 95, in <module>
    doc = docx.Document('/var/www/html/templates/covid_templates_v31.docx')
  File "/usr/local/lib/python3.8/dist-packages/docx/api.py", line 25, in Document
    document_part = Package.open(docx).main_document_part
  File "/usr/local/lib/python3.8/dist-packages/docx/opc/package.py", line 128, in open
    pkg_reader = PackageReader.from_file(pkg_file)
  File "/usr/local/lib/python3.8/dist-packages/docx/opc/pkgreader.py", line 32, in from_file
    phys_reader = PhysPkgReader(pkg_file)
  File "/usr/local/lib/python3.8/dist-packages/docx/opc/phys_pkg.py", line 30, in __new__
    raise PackageNotFoundError(
docx.opc.exceptions.PackageNotFoundError: Package not found at '/var/www/html/templates/covid_templates_v31.docx'

this is traceback message: 
current time: 2023-01-11 06:53:37
Traceback (most recent call last):
  File "autocreatereport.py", line 95, in <module>
    doc = docx.Document('/var/www/html/templates/covid_templates_v31.docx')
  File "/usr/local/lib/python3.8/dist-packages/docx/api.py", line 25, in Document
    document_part = Package.open(docx).main_document_part
  File "/usr/local/lib/python3.8/dist-packages/docx/opc/package.py", line 128, in open
    pkg_reader = PackageReader.from_file(pkg_file)
  File "/usr/local/lib/python3.8/dist-packages/docx/opc/pkgreader.py", line 32, in from_file
    phys_reader = PhysPkgReader(pkg_file)
  File "/usr/local/lib/python3.8/dist-packages/docx/opc/phys_pkg.py", line 30, in __new__
    raise PackageNotFoundError(
docx.opc.exceptions.PackageNotFoundError: Package not found at '/var/www/html/templates/covid_templates_v31.docx'

this is traceback message: 
current time: 2023-01-11 06:53:37
Traceback (most recent call last):
  File "autocreatereport.py", line 95, in <module>
    doc = docx.Document('/var/www/html/templates/covid_templates_v31.docx')
  File "/usr/local/lib/python3.8/dist-packages/docx/api.py", line 25, in Document
    document_part = Package.open(docx).main_document_part
  File "/usr/local/lib/python3.8/dist-packages/docx/opc/package.py", line 128, in open
    pkg_reader = PackageReader.from_file(pkg_file)
  File "/usr/local/lib/python3.8/dist-packages/docx/opc/pkgreader.py", line 32, in from_file
    phys_reader = PhysPkgReader(pkg_file)
  File "/usr/local/lib/python3.8/dist-packages/docx/opc/phys_pkg.py", line 30, in __new__
    raise PackageNotFoundError(
docx.opc.exceptions.PackageNotFoundError: Package not found at '/var/www/html/templates/covid_templates_v31.docx'

this is traceback message: 
current time: 2023-01-11 06:53:37
Traceback (most recent call last):
  File "autocreatereport.py", line 95, in <module>
    doc = docx.Document('/var/www/html/templates/covid_templates_v31.docx')
  File "/usr/local/lib/python3.8/dist-packages/docx/api.py", line 25, in Document
    document_part = Package.open(docx).main_document_part
  File "/usr/local/lib/python3.8/dist-packages/docx/opc/package.py", line 128, in open
    pkg_reader = PackageReader.from_file(pkg_file)
  File "/usr/local/lib/python3.8/dist-packages/docx/opc/pkgreader.py", line 32, in from_file
    phys_reader = PhysPkgReader(pkg_file)
  File "/usr/local/lib/python3.8/dist-packages/docx/opc/phys_pkg.py", line 30, in __new__
    raise PackageNotFoundError(
docx.opc.exceptions.PackageNotFoundError: Package not found at '/var/www/html/templates/covid_templates_v31.docx'

this is traceback message: 
current time: 2023-01-11 06:53:37
Traceback (most recent call last):
  File "autocreatereport.py", line 95, in <module>
    doc = docx.Document('/var/www/html/templates/covid_templates_v31.docx')
  File "/usr/local/lib/python3.8/dist-packages/docx/api.py", line 25, in Document
    document_part = Package.open(docx).main_document_part
  File "/usr/local/lib/python3.8/dist-packages/docx/opc/package.py", line 128, in open
    pkg_reader = PackageReader.from_file(pkg_file)
  File "/usr/local/lib/python3.8/dist-packages/docx/opc/pkgreader.py", line 32, in from_file
    phys_reader = PhysPkgReader(pkg_file)
  File "/usr/local/lib/python3.8/dist-packages/docx/opc/phys_pkg.py", line 30, in __new__
    raise PackageNotFoundError(
docx.opc.exceptions.PackageNotFoundError: Package not found at '/var/www/html/templates/covid_templates_v31.docx'

this is traceback message: 
current time: 2023-01-11 06:53:37
Traceback (most recent call last):
  File "autocreatereport.py", line 95, in <module>
    doc = docx.Document('/var/www/html/templates/covid_templates_v31.docx')
  File "/usr/local/lib/python3.8/dist-packages/docx/api.py", line 25, in Document
    document_part = Package.open(docx).main_document_part
  File "/usr/local/lib/python3.8/dist-packages/docx/opc/package.py", line 128, in open
    pkg_reader = PackageReader.from_file(pkg_file)
  File "/usr/local/lib/python3.8/dist-packages/docx/opc/pkgreader.py", line 32, in from_file
    phys_reader = PhysPkgReader(pkg_file)
  File "/usr/local/lib/python3.8/dist-packages/docx/opc/phys_pkg.py", line 30, in __new__
    raise PackageNotFoundError(
docx.opc.exceptions.PackageNotFoundError: Package not found at '/var/www/html/templates/covid_templates_v31.docx'

this is traceback message: 
current time: 2023-01-11 06:53:37
Traceback (most recent call last):
  File "autocreatereport.py", line 95, in <module>
    doc = docx.Document('/var/www/html/templates/covid_templates_v31.docx')
  File "/usr/local/lib/python3.8/dist-packages/docx/api.py", line 25, in Document
    document_part = Package.open(docx).main_document_part
  File "/usr/local/lib/python3.8/dist-packages/docx/opc/package.py", line 128, in open
    pkg_reader = PackageReader.from_file(pkg_file)
  File "/usr/local/lib/python3.8/dist-packages/docx/opc/pkgreader.py", line 32, in from_file
    phys_reader = PhysPkgReader(pkg_file)
  File "/usr/local/lib/python3.8/dist-packages/docx/opc/phys_pkg.py", line 30, in __new__
    raise PackageNotFoundError(
docx.opc.exceptions.PackageNotFoundError: Package not found at '/var/www/html/templates/covid_templates_v31.docx'

this is traceback message: 
current time: 2023-01-11 06:53:37
Traceback (most recent call last):
  File "autocreatereport.py", line 95, in <module>
    doc = docx.Document('/var/www/html/templates/covid_templates_v31.docx')
  File "/usr/local/lib/python3.8/dist-packages/docx/api.py", line 25, in Document
    document_part = Package.open(docx).main_document_part
  File "/usr/local/lib/python3.8/dist-packages/docx/opc/package.py", line 128, in open
    pkg_reader = PackageReader.from_file(pkg_file)
  File "/usr/local/lib/python3.8/dist-packages/docx/opc/pkgreader.py", line 32, in from_file
    phys_reader = PhysPkgReader(pkg_file)
  File "/usr/local/lib/python3.8/dist-packages/docx/opc/phys_pkg.py", line 30, in __new__
    raise PackageNotFoundError(
docx.opc.exceptions.PackageNotFoundError: Package not found at '/var/www/html/templates/covid_templates_v31.docx'

this is traceback message: 
current time: 2023-01-11 06:53:37
Traceback (most recent call last):
  File "autocreatereport.py", line 95, in <module>
    doc = docx.Document('/var/www/html/templates/covid_templates_v31.docx')
  File "/usr/local/lib/python3.8/dist-packages/docx/api.py", line 25, in Document
    document_part = Package.open(docx).main_document_part
  File "/usr/local/lib/python3.8/dist-packages/docx/opc/package.py", line 128, in open
    pkg_reader = PackageReader.from_file(pkg_file)
  File "/usr/local/lib/python3.8/dist-packages/docx/opc/pkgreader.py", line 32, in from_file
    phys_reader = PhysPkgReader(pkg_file)
  File "/usr/local/lib/python3.8/dist-packages/docx/opc/phys_pkg.py", line 30, in __new__
    raise PackageNotFoundError(
docx.opc.exceptions.PackageNotFoundError: Package not found at '/var/www/html/templates/covid_templates_v31.docx'

this is traceback message: 
current time: 2023-01-11 06:53:37
Traceback (most recent call last):
  File "autocreatereport.py", line 95, in <module>
    doc = docx.Document('/var/www/html/templates/covid_templates_v31.docx')
  File "/usr/local/lib/python3.8/dist-packages/docx/api.py", line 25, in Document
    document_part = Package.open(docx).main_document_part
  File "/usr/local/lib/python3.8/dist-packages/docx/opc/package.py", line 128, in open
    pkg_reader = PackageReader.from_file(pkg_file)
  File "/usr/local/lib/python3.8/dist-packages/docx/opc/pkgreader.py", line 32, in from_file
    phys_reader = PhysPkgReader(pkg_file)
  File "/usr/local/lib/python3.8/dist-packages/docx/opc/phys_pkg.py", line 30, in __new__
    raise PackageNotFoundError(
docx.opc.exceptions.PackageNotFoundError: Package not found at '/var/www/html/templates/covid_templates_v31.docx'

this is traceback message: 
current time: 2023-01-11 06:53:37
Traceback (most recent call last):
  File "autocreatereport.py", line 95, in <module>
    doc = docx.Document('/var/www/html/templates/covid_templates_v31.docx')
  File "/usr/local/lib/python3.8/dist-packages/docx/api.py", line 25, in Document
    document_part = Package.open(docx).main_document_part
  File "/usr/local/lib/python3.8/dist-packages/docx/opc/package.py", line 128, in open
    pkg_reader = PackageReader.from_file(pkg_file)
  File "/usr/local/lib/python3.8/dist-packages/docx/opc/pkgreader.py", line 32, in from_file
    phys_reader = PhysPkgReader(pkg_file)
  File "/usr/local/lib/python3.8/dist-packages/docx/opc/phys_pkg.py", line 30, in __new__
    raise PackageNotFoundError(
docx.opc.exceptions.PackageNotFoundError: Package not found at '/var/www/html/templates/covid_templates_v31.docx'

this is traceback message: 
current time: 2023-01-11 06:53:37
Traceback (most recent call last):
  File "autocreatereport.py", line 95, in <module>
    doc = docx.Document('/var/www/html/templates/covid_templates_v31.docx')
  File "/usr/local/lib/python3.8/dist-packages/docx/api.py", line 25, in Document
    document_part = Package.open(docx).main_document_part
  File "/usr/local/lib/python3.8/dist-packages/docx/opc/package.py", line 128, in open
    pkg_reader = PackageReader.from_file(pkg_file)
  File "/usr/local/lib/python3.8/dist-packages/docx/opc/pkgreader.py", line 32, in from_file
    phys_reader = PhysPkgReader(pkg_file)
  File "/usr/local/lib/python3.8/dist-packages/docx/opc/phys_pkg.py", line 30, in __new__
    raise PackageNotFoundError(
docx.opc.exceptions.PackageNotFoundError: Package not found at '/var/www/html/templates/covid_templates_v31.docx'

this is traceback message: 
current time: 2023-01-11 06:53:37
Traceback (most recent call last):
  File "autocreatereport.py", line 95, in <module>
    doc = docx.Document('/var/www/html/templates/covid_templates_v31.docx')
  File "/usr/local/lib/python3.8/dist-packages/docx/api.py", line 25, in Document
    document_part = Package.open(docx).main_document_part
  File "/usr/local/lib/python3.8/dist-packages/docx/opc/package.py", line 128, in open
    pkg_reader = PackageReader.from_file(pkg_file)
  File "/usr/local/lib/python3.8/dist-packages/docx/opc/pkgreader.py", line 32, in from_file
    phys_reader = PhysPkgReader(pkg_file)
  File "/usr/local/lib/python3.8/dist-packages/docx/opc/phys_pkg.py", line 30, in __new__
    raise PackageNotFoundError(
docx.opc.exceptions.PackageNotFoundError: Package not found at '/var/www/html/templates/covid_templates_v31.docx'

this is traceback message: 
current time: 2023-01-11 06:53:37
Traceback (most recent call last):
  File "autocreatereport.py", line 95, in <module>
    doc = docx.Document('/var/www/html/templates/covid_templates_v31.docx')
  File "/usr/local/lib/python3.8/dist-packages/docx/api.py", line 25, in Document
    document_part = Package.open(docx).main_document_part
  File "/usr/local/lib/python3.8/dist-packages/docx/opc/package.py", line 128, in open
    pkg_reader = PackageReader.from_file(pkg_file)
  File "/usr/local/lib/python3.8/dist-packages/docx/opc/pkgreader.py", line 32, in from_file
    phys_reader = PhysPkgReader(pkg_file)
  File "/usr/local/lib/python3.8/dist-packages/docx/opc/phys_pkg.py", line 30, in __new__
    raise PackageNotFoundError(
docx.opc.exceptions.PackageNotFoundError: Package not found at '/var/www/html/templates/covid_templates_v31.docx'

this is traceback message: 
current time: 2023-01-11 06:53:37
Traceback (most recent call last):
  File "autocreatereport.py", line 95, in <module>
    doc = docx.Document('/var/www/html/templates/covid_templates_v31.docx')
  File "/usr/local/lib/python3.8/dist-packages/docx/api.py", line 25, in Document
    document_part = Package.open(docx).main_document_part
  File "/usr/local/lib/python3.8/dist-packages/docx/opc/package.py", line 128, in open
    pkg_reader = PackageReader.from_file(pkg_file)
  File "/usr/local/lib/python3.8/dist-packages/docx/opc/pkgreader.py", line 32, in from_file
    phys_reader = PhysPkgReader(pkg_file)
  File "/usr/local/lib/python3.8/dist-packages/docx/opc/phys_pkg.py", line 30, in __new__
    raise PackageNotFoundError(
docx.opc.exceptions.PackageNotFoundError: Package not found at '/var/www/html/templates/covid_templates_v31.docx'

this is traceback message: 
current time: 2023-01-11 06:53:37
Traceback (most recent call last):
  File "autocreatereport.py", line 95, in <module>
    doc = docx.Document('/var/www/html/templates/covid_templates_v31.docx')
  File "/usr/local/lib/python3.8/dist-packages/docx/api.py", line 25, in Document
    document_part = Package.open(docx).main_document_part
  File "/usr/local/lib/python3.8/dist-packages/docx/opc/package.py", line 128, in open
    pkg_reader = PackageReader.from_file(pkg_file)
  File "/usr/local/lib/python3.8/dist-packages/docx/opc/pkgreader.py", line 32, in from_file
    phys_reader = PhysPkgReader(pkg_file)
  File "/usr/local/lib/python3.8/dist-packages/docx/opc/phys_pkg.py", line 30, in __new__
    raise PackageNotFoundError(
docx.opc.exceptions.PackageNotFoundError: Package not found at '/var/www/html/templates/covid_templates_v31.docx'

this is traceback message: 
current time: 2023-01-11 06:53:37
Traceback (most recent call last):
  File "autocreatereport.py", line 95, in <module>
    doc = docx.Document('/var/www/html/templates/covid_templates_v31.docx')
  File "/usr/local/lib/python3.8/dist-packages/docx/api.py", line 25, in Document
    document_part = Package.open(docx).main_document_part
  File "/usr/local/lib/python3.8/dist-packages/docx/opc/package.py", line 128, in open
    pkg_reader = PackageReader.from_file(pkg_file)
  File "/usr/local/lib/python3.8/dist-packages/docx/opc/pkgreader.py", line 32, in from_file
    phys_reader = PhysPkgReader(pkg_file)
  File "/usr/local/lib/python3.8/dist-packages/docx/opc/phys_pkg.py", line 30, in __new__
    raise PackageNotFoundError(
docx.opc.exceptions.PackageNotFoundError: Package not found at '/var/www/html/templates/covid_templates_v31.docx'

this is traceback message: 
current time: 2023-01-11 06:53:37
Traceback (most recent call last):
  File "autocreatereport.py", line 95, in <module>
    doc = docx.Document('/var/www/html/templates/covid_templates_v31.docx')
  File "/usr/local/lib/python3.8/dist-packages/docx/api.py", line 25, in Document
    document_part = Package.open(docx).main_document_part
  File "/usr/local/lib/python3.8/dist-packages/docx/opc/package.py", line 128, in open
    pkg_reader = PackageReader.from_file(pkg_file)
  File "/usr/local/lib/python3.8/dist-packages/docx/opc/pkgreader.py", line 32, in from_file
    phys_reader = PhysPkgReader(pkg_file)
  File "/usr/local/lib/python3.8/dist-packages/docx/opc/phys_pkg.py", line 30, in __new__
    raise PackageNotFoundError(
docx.opc.exceptions.PackageNotFoundError: Package not found at '/var/www/html/templates/covid_templates_v31.docx'

this is traceback message: 
current time: 2023-01-11 06:53:37
Traceback (most recent call last):
  File "autocreatereport.py", line 95, in <module>
    doc = docx.Document('/var/www/html/templates/covid_templates_v31.docx')
  File "/usr/local/lib/python3.8/dist-packages/docx/api.py", line 25, in Document
    document_part = Package.open(docx).main_document_part
  File "/usr/local/lib/python3.8/dist-packages/docx/opc/package.py", line 128, in open
    pkg_reader = PackageReader.from_file(pkg_file)
  File "/usr/local/lib/python3.8/dist-packages/docx/opc/pkgreader.py", line 32, in from_file
    phys_reader = PhysPkgReader(pkg_file)
  File "/usr/local/lib/python3.8/dist-packages/docx/opc/phys_pkg.py", line 30, in __new__
    raise PackageNotFoundError(
docx.opc.exceptions.PackageNotFoundError: Package not found at '/var/www/html/templates/covid_templates_v31.docx'

this is traceback message: 
current time: 2023-01-11 06:53:37
Traceback (most recent call last):
  File "autocreatereport.py", line 95, in <module>
    doc = docx.Document('/var/www/html/templates/covid_templates_v31.docx')
  File "/usr/local/lib/python3.8/dist-packages/docx/api.py", line 25, in Document
    document_part = Package.open(docx).main_document_part
  File "/usr/local/lib/python3.8/dist-packages/docx/opc/package.py", line 128, in open
    pkg_reader = PackageReader.from_file(pkg_file)
  File "/usr/local/lib/python3.8/dist-packages/docx/opc/pkgreader.py", line 32, in from_file
    phys_reader = PhysPkgReader(pkg_file)
  File "/usr/local/lib/python3.8/dist-packages/docx/opc/phys_pkg.py", line 30, in __new__
    raise PackageNotFoundError(
docx.opc.exceptions.PackageNotFoundError: Package not found at '/var/www/html/templates/covid_templates_v31.docx'

this is traceback message: 
current time: 2023-01-11 06:53:37
Traceback (most recent call last):
  File "autocreatereport.py", line 95, in <module>
    doc = docx.Document('/var/www/html/templates/covid_templates_v31.docx')
  File "/usr/local/lib/python3.8/dist-packages/docx/api.py", line 25, in Document
    document_part = Package.open(docx).main_document_part
  File "/usr/local/lib/python3.8/dist-packages/docx/opc/package.py", line 128, in open
    pkg_reader = PackageReader.from_file(pkg_file)
  File "/usr/local/lib/python3.8/dist-packages/docx/opc/pkgreader.py", line 32, in from_file
    phys_reader = PhysPkgReader(pkg_file)
  File "/usr/local/lib/python3.8/dist-packages/docx/opc/phys_pkg.py", line 30, in __new__
    raise PackageNotFoundError(
docx.opc.exceptions.PackageNotFoundError: Package not found at '/var/www/html/templates/covid_templates_v31.docx'

this is traceback message: 
current time: 2023-01-11 06:53:37
Traceback (most recent call last):
  File "autocreatereport.py", line 95, in <module>
    doc = docx.Document('/var/www/html/templates/covid_templates_v31.docx')
  File "/usr/local/lib/python3.8/dist-packages/docx/api.py", line 25, in Document
    document_part = Package.open(docx).main_document_part
  File "/usr/local/lib/python3.8/dist-packages/docx/opc/package.py", line 128, in open
    pkg_reader = PackageReader.from_file(pkg_file)
  File "/usr/local/lib/python3.8/dist-packages/docx/opc/pkgreader.py", line 32, in from_file
    phys_reader = PhysPkgReader(pkg_file)
  File "/usr/local/lib/python3.8/dist-packages/docx/opc/phys_pkg.py", line 30, in __new__
    raise PackageNotFoundError(
docx.opc.exceptions.PackageNotFoundError: Package not found at '/var/www/html/templates/covid_templates_v31.docx'

this is traceback message: 
current time: 2023-01-11 06:53:37
Traceback (most recent call last):
  File "autocreatereport.py", line 95, in <module>
    doc = docx.Document('/var/www/html/templates/covid_templates_v31.docx')
  File "/usr/local/lib/python3.8/dist-packages/docx/api.py", line 25, in Document
    document_part = Package.open(docx).main_document_part
  File "/usr/local/lib/python3.8/dist-packages/docx/opc/package.py", line 128, in open
    pkg_reader = PackageReader.from_file(pkg_file)
  File "/usr/local/lib/python3.8/dist-packages/docx/opc/pkgreader.py", line 32, in from_file
    phys_reader = PhysPkgReader(pkg_file)
  File "/usr/local/lib/python3.8/dist-packages/docx/opc/phys_pkg.py", line 30, in __new__
    raise PackageNotFoundError(
docx.opc.exceptions.PackageNotFoundError: Package not found at '/var/www/html/templates/covid_templates_v31.docx'

this is traceback message: 
current time: 2023-01-11 06:53:37
Traceback (most recent call last):
  File "autocreatereport.py", line 95, in <module>
    doc = docx.Document('/var/www/html/templates/covid_templates_v31.docx')
  File "/usr/local/lib/python3.8/dist-packages/docx/api.py", line 25, in Document
    document_part = Package.open(docx).main_document_part
  File "/usr/local/lib/python3.8/dist-packages/docx/opc/package.py", line 128, in open
    pkg_reader = PackageReader.from_file(pkg_file)
  File "/usr/local/lib/python3.8/dist-packages/docx/opc/pkgreader.py", line 32, in from_file
    phys_reader = PhysPkgReader(pkg_file)
  File "/usr/local/lib/python3.8/dist-packages/docx/opc/phys_pkg.py", line 30, in __new__
    raise PackageNotFoundError(
docx.opc.exceptions.PackageNotFoundError: Package not found at '/var/www/html/templates/covid_templates_v31.docx'

this is traceback message: 
current time: 2023-01-11 06:53:37
Traceback (most recent call last):
  File "autocreatereport.py", line 95, in <module>
    doc = docx.Document('/var/www/html/templates/covid_templates_v31.docx')
  File "/usr/local/lib/python3.8/dist-packages/docx/api.py", line 25, in Document
    document_part = Package.open(docx).main_document_part
  File "/usr/local/lib/python3.8/dist-packages/docx/opc/package.py", line 128, in open
    pkg_reader = PackageReader.from_file(pkg_file)
  File "/usr/local/lib/python3.8/dist-packages/docx/opc/pkgreader.py", line 32, in from_file
    phys_reader = PhysPkgReader(pkg_file)
  File "/usr/local/lib/python3.8/dist-packages/docx/opc/phys_pkg.py", line 30, in __new__
    raise PackageNotFoundError(
docx.opc.exceptions.PackageNotFoundError: Package not found at '/var/www/html/templates/covid_templates_v31.docx'

this is traceback message: 
current time: 2023-01-11 06:53:37
Traceback (most recent call last):
  File "autocreatereport.py", line 95, in <module>
    doc = docx.Document('/var/www/html/templates/covid_templates_v31.docx')
  File "/usr/local/lib/python3.8/dist-packages/docx/api.py", line 25, in Document
    document_part = Package.open(docx).main_document_part
  File "/usr/local/lib/python3.8/dist-packages/docx/opc/package.py", line 128, in open
    pkg_reader = PackageReader.from_file(pkg_file)
  File "/usr/local/lib/python3.8/dist-packages/docx/opc/pkgreader.py", line 32, in from_file
    phys_reader = PhysPkgReader(pkg_file)
  File "/usr/local/lib/python3.8/dist-packages/docx/opc/phys_pkg.py", line 30, in __new__
    raise PackageNotFoundError(
docx.opc.exceptions.PackageNotFoundError: Package not found at '/var/www/html/templates/covid_templates_v31.docx'

this is traceback message: 
current time: 2023-01-11 06:53:37
Traceback (most recent call last):
  File "autocreatereport.py", line 95, in <module>
    doc = docx.Document('/var/www/html/templates/covid_templates_v31.docx')
  File "/usr/local/lib/python3.8/dist-packages/docx/api.py", line 25, in Document
    document_part = Package.open(docx).main_document_part
  File "/usr/local/lib/python3.8/dist-packages/docx/opc/package.py", line 128, in open
    pkg_reader = PackageReader.from_file(pkg_file)
  File "/usr/local/lib/python3.8/dist-packages/docx/opc/pkgreader.py", line 32, in from_file
    phys_reader = PhysPkgReader(pkg_file)
  File "/usr/local/lib/python3.8/dist-packages/docx/opc/phys_pkg.py", line 30, in __new__
    raise PackageNotFoundError(
docx.opc.exceptions.PackageNotFoundError: Package not found at '/var/www/html/templates/covid_templates_v31.docx'

this is traceback message: 
current time: 2023-01-11 06:53:37
Traceback (most recent call last):
  File "autocreatereport.py", line 95, in <module>
    doc = docx.Document('/var/www/html/templates/covid_templates_v31.docx')
  File "/usr/local/lib/python3.8/dist-packages/docx/api.py", line 25, in Document
    document_part = Package.open(docx).main_document_part
  File "/usr/local/lib/python3.8/dist-packages/docx/opc/package.py", line 128, in open
    pkg_reader = PackageReader.from_file(pkg_file)
  File "/usr/local/lib/python3.8/dist-packages/docx/opc/pkgreader.py", line 32, in from_file
    phys_reader = PhysPkgReader(pkg_file)
  File "/usr/local/lib/python3.8/dist-packages/docx/opc/phys_pkg.py", line 30, in __new__
    raise PackageNotFoundError(
docx.opc.exceptions.PackageNotFoundError: Package not found at '/var/www/html/templates/covid_templates_v31.docx'

this is traceback message: 
current time: 2023-01-11 06:53:37
Traceback (most recent call last):
  File "autocreatereport.py", line 95, in <module>
    doc = docx.Document('/var/www/html/templates/covid_templates_v31.docx')
  File "/usr/local/lib/python3.8/dist-packages/docx/api.py", line 25, in Document
    document_part = Package.open(docx).main_document_part
  File "/usr/local/lib/python3.8/dist-packages/docx/opc/package.py", line 128, in open
    pkg_reader = PackageReader.from_file(pkg_file)
  File "/usr/local/lib/python3.8/dist-packages/docx/opc/pkgreader.py", line 32, in from_file
    phys_reader = PhysPkgReader(pkg_file)
  File "/usr/local/lib/python3.8/dist-packages/docx/opc/phys_pkg.py", line 30, in __new__
    raise PackageNotFoundError(
docx.opc.exceptions.PackageNotFoundError: Package not found at '/var/www/html/templates/covid_templates_v31.docx'

this is traceback message: 
current time: 2023-01-11 06:53:37
Traceback (most recent call last):
  File "autocreatereport.py", line 95, in <module>
    doc = docx.Document('/var/www/html/templates/covid_templates_v31.docx')
  File "/usr/local/lib/python3.8/dist-packages/docx/api.py", line 25, in Document
    document_part = Package.open(docx).main_document_part
  File "/usr/local/lib/python3.8/dist-packages/docx/opc/package.py", line 128, in open
    pkg_reader = PackageReader.from_file(pkg_file)
  File "/usr/local/lib/python3.8/dist-packages/docx/opc/pkgreader.py", line 32, in from_file
    phys_reader = PhysPkgReader(pkg_file)
  File "/usr/local/lib/python3.8/dist-packages/docx/opc/phys_pkg.py", line 30, in __new__
    raise PackageNotFoundError(
docx.opc.exceptions.PackageNotFoundError: Package not found at '/var/www/html/templates/covid_templates_v31.docx'

this is traceback message: 
current time: 2023-01-11 06:53:37
Traceback (most recent call last):
  File "autocreatereport.py", line 95, in <module>
    doc = docx.Document('/var/www/html/templates/covid_templates_v31.docx')
  File "/usr/local/lib/python3.8/dist-packages/docx/api.py", line 25, in Document
    document_part = Package.open(docx).main_document_part
  File "/usr/local/lib/python3.8/dist-packages/docx/opc/package.py", line 128, in open
    pkg_reader = PackageReader.from_file(pkg_file)
  File "/usr/local/lib/python3.8/dist-packages/docx/opc/pkgreader.py", line 32, in from_file
    phys_reader = PhysPkgReader(pkg_file)
  File "/usr/local/lib/python3.8/dist-packages/docx/opc/phys_pkg.py", line 30, in __new__
    raise PackageNotFoundError(
docx.opc.exceptions.PackageNotFoundError: Package not found at '/var/www/html/templates/covid_templates_v31.docx'

this is traceback message: 
current time: 2023-01-11 06:53:37
Traceback (most recent call last):
  File "autocreatereport.py", line 95, in <module>
    doc = docx.Document('/var/www/html/templates/covid_templates_v31.docx')
  File "/usr/local/lib/python3.8/dist-packages/docx/api.py", line 25, in Document
    document_part = Package.open(docx).main_document_part
  File "/usr/local/lib/python3.8/dist-packages/docx/opc/package.py", line 128, in open
    pkg_reader = PackageReader.from_file(pkg_file)
  File "/usr/local/lib/python3.8/dist-packages/docx/opc/pkgreader.py", line 32, in from_file
    phys_reader = PhysPkgReader(pkg_file)
  File "/usr/local/lib/python3.8/dist-packages/docx/opc/phys_pkg.py", line 30, in __new__
    raise PackageNotFoundError(
docx.opc.exceptions.PackageNotFoundError: Package not found at '/var/www/html/templates/covid_templates_v31.docx'

this is traceback message: 
current time: 2023-01-11 06:53:37
Traceback (most recent call last):
  File "autocreatereport.py", line 95, in <module>
    doc = docx.Document('/var/www/html/templates/covid_templates_v31.docx')
  File "/usr/local/lib/python3.8/dist-packages/docx/api.py", line 25, in Document
    document_part = Package.open(docx).main_document_part
  File "/usr/local/lib/python3.8/dist-packages/docx/opc/package.py", line 128, in open
    pkg_reader = PackageReader.from_file(pkg_file)
  File "/usr/local/lib/python3.8/dist-packages/docx/opc/pkgreader.py", line 32, in from_file
    phys_reader = PhysPkgReader(pkg_file)
  File "/usr/local/lib/python3.8/dist-packages/docx/opc/phys_pkg.py", line 30, in __new__
    raise PackageNotFoundError(
docx.opc.exceptions.PackageNotFoundError: Package not found at '/var/www/html/templates/covid_templates_v31.docx'

this is traceback message: 
current time: 2023-01-11 06:53:37
Traceback (most recent call last):
  File "autocreatereport.py", line 95, in <module>
    doc = docx.Document('/var/www/html/templates/covid_templates_v31.docx')
  File "/usr/local/lib/python3.8/dist-packages/docx/api.py", line 25, in Document
    document_part = Package.open(docx).main_document_part
  File "/usr/local/lib/python3.8/dist-packages/docx/opc/package.py", line 128, in open
    pkg_reader = PackageReader.from_file(pkg_file)
  File "/usr/local/lib/python3.8/dist-packages/docx/opc/pkgreader.py", line 32, in from_file
    phys_reader = PhysPkgReader(pkg_file)
  File "/usr/local/lib/python3.8/dist-packages/docx/opc/phys_pkg.py", line 30, in __new__
    raise PackageNotFoundError(
docx.opc.exceptions.PackageNotFoundError: Package not found at '/var/www/html/templates/covid_templates_v31.docx'

this is traceback message: 
current time: 2023-01-11 06:53:37
Traceback (most recent call last):
  File "autocreatereport.py", line 95, in <module>
    doc = docx.Document('/var/www/html/templates/covid_templates_v31.docx')
  File "/usr/local/lib/python3.8/dist-packages/docx/api.py", line 25, in Document
    document_part = Package.open(docx).main_document_part
  File "/usr/local/lib/python3.8/dist-packages/docx/opc/package.py", line 128, in open
    pkg_reader = PackageReader.from_file(pkg_file)
  File "/usr/local/lib/python3.8/dist-packages/docx/opc/pkgreader.py", line 32, in from_file
    phys_reader = PhysPkgReader(pkg_file)
  File "/usr/local/lib/python3.8/dist-packages/docx/opc/phys_pkg.py", line 30, in __new__
    raise PackageNotFoundError(
docx.opc.exceptions.PackageNotFoundError: Package not found at '/var/www/html/templates/covid_templates_v31.docx'

this is traceback message: 
current time: 2023-01-11 06:53:37
Traceback (most recent call last):
  File "autocreatereport.py", line 95, in <module>
    doc = docx.Document('/var/www/html/templates/covid_templates_v31.docx')
  File "/usr/local/lib/python3.8/dist-packages/docx/api.py", line 25, in Document
    document_part = Package.open(docx).main_document_part
  File "/usr/local/lib/python3.8/dist-packages/docx/opc/package.py", line 128, in open
    pkg_reader = PackageReader.from_file(pkg_file)
  File "/usr/local/lib/python3.8/dist-packages/docx/opc/pkgreader.py", line 32, in from_file
    phys_reader = PhysPkgReader(pkg_file)
  File "/usr/local/lib/python3.8/dist-packages/docx/opc/phys_pkg.py", line 30, in __new__
    raise PackageNotFoundError(
docx.opc.exceptions.PackageNotFoundError: Package not found at '/var/www/html/templates/covid_templates_v31.docx'

this is traceback message: 
current time: 2023-01-11 06:53:37
Traceback (most recent call last):
  File "autocreatereport.py", line 95, in <module>
    doc = docx.Document('/var/www/html/templates/covid_templates_v31.docx')
  File "/usr/local/lib/python3.8/dist-packages/docx/api.py", line 25, in Document
    document_part = Package.open(docx).main_document_part
  File "/usr/local/lib/python3.8/dist-packages/docx/opc/package.py", line 128, in open
    pkg_reader = PackageReader.from_file(pkg_file)
  File "/usr/local/lib/python3.8/dist-packages/docx/opc/pkgreader.py", line 32, in from_file
    phys_reader = PhysPkgReader(pkg_file)
  File "/usr/local/lib/python3.8/dist-packages/docx/opc/phys_pkg.py", line 30, in __new__
    raise PackageNotFoundError(
docx.opc.exceptions.PackageNotFoundError: Package not found at '/var/www/html/templates/covid_templates_v31.docx'

this is traceback message: 
current time: 2023-01-11 06:53:37
Traceback (most recent call last):
  File "autocreatereport.py", line 95, in <module>
    doc = docx.Document('/var/www/html/templates/covid_templates_v31.docx')
  File "/usr/local/lib/python3.8/dist-packages/docx/api.py", line 25, in Document
    document_part = Package.open(docx).main_document_part
  File "/usr/local/lib/python3.8/dist-packages/docx/opc/package.py", line 128, in open
    pkg_reader = PackageReader.from_file(pkg_file)
  File "/usr/local/lib/python3.8/dist-packages/docx/opc/pkgreader.py", line 32, in from_file
    phys_reader = PhysPkgReader(pkg_file)
  File "/usr/local/lib/python3.8/dist-packages/docx/opc/phys_pkg.py", line 30, in __new__
    raise PackageNotFoundError(
docx.opc.exceptions.PackageNotFoundError: Package not found at '/var/www/html/templates/covid_templates_v31.docx'

this is traceback message: 
current time: 2023-01-11 06:53:37
Traceback (most recent call last):
  File "autocreatereport.py", line 95, in <module>
    doc = docx.Document('/var/www/html/templates/covid_templates_v31.docx')
  File "/usr/local/lib/python3.8/dist-packages/docx/api.py", line 25, in Document
    document_part = Package.open(docx).main_document_part
  File "/usr/local/lib/python3.8/dist-packages/docx/opc/package.py", line 128, in open
    pkg_reader = PackageReader.from_file(pkg_file)
  File "/usr/local/lib/python3.8/dist-packages/docx/opc/pkgreader.py", line 32, in from_file
    phys_reader = PhysPkgReader(pkg_file)
  File "/usr/local/lib/python3.8/dist-packages/docx/opc/phys_pkg.py", line 30, in __new__
    raise PackageNotFoundError(
docx.opc.exceptions.PackageNotFoundError: Package not found at '/var/www/html/templates/covid_templates_v31.docx'
Stopped again at:
公曆 20廿三年 一月 十一日 週三 十四時53分38秒

this is traceback message: 
current time: 2023-01-12 08:19:21
Traceback (most recent call last):
  File "autocreatereport.py", line 398, in <module>
    pdf_add_pswd(input_file, output_file, pswd)
  File "autocreatereport.py", line 34, in pdf_add_pswd
    out_file = open(output_file, "wb")
PermissionError: [Errno 13] Permission denied: '/var/www/html/pdf_reports/2023-01-12/Q230112073.pdf'
Stopped at:
公曆 20廿三年 一月 十二日 週四 十六時廿一分廿八秒
Sleep for 5sec

this is traceback message: 
current time: 2023-01-19 03:04:19
Traceback (most recent call last):
  File "autocreatereport.py", line 398, in <module>
    pdf_add_pswd(input_file, output_file, pswd)
  File "autocreatereport.py", line 28, in pdf_add_pswd
    in_file = open(input_file, "rb")
FileNotFoundError: [Errno 2] No such file or directory: '/var/www/html/pdf_reports/2023-01-19/Q230119040_F125679141.pdf'
Stopped again at:
公曆 20廿三年 一月 十九日 週四 十一時四分35秒

this is ex message: 
current time: 2023-01-24 22:20:24
(2003, "Can't connect to MySQL server on 'localhost' ([Errno 111] Connection refused)")Stopped at:
公曆 20廿三年 一月 廿五日 週三 六時廿分廿五秒
Sleep for 5sec

this is ex message: 
current time: 2023-01-24 22:20:37
(2003, "Can't connect to MySQL server on 'localhost' ([Errno 111] Connection refused)")Stopped again at:
公曆 20廿三年 一月 廿五日 週三 六時廿分37秒

this is traceback message: 
current time: 2023-02-09 08:51:14
Traceback (most recent call last):
  File "autocreatereport.py", line 398, in <module>
    pdf_add_pswd(input_file, output_file, pswd)
  File "autocreatereport.py", line 33, in pdf_add_pswd
    out_pdf.encrypt(pswd)
  File "/usr/local/lib/python3.8/dist-packages/PyPDF2/pdf.py", line 424, in encrypt
    O = ByteStringObject(_alg33(owner_pwd, user_pwd, rev, keylen))
  File "/usr/local/lib/python3.8/dist-packages/PyPDF2/pdf.py", line 2906, in _alg33
    key = _alg33_1(owner_pwd, rev, keylen)
  File "/usr/local/lib/python3.8/dist-packages/PyPDF2/pdf.py", line 2935, in _alg33_1
    password = b_((password + str_(_encryption_padding))[:32])
  File "/usr/local/lib/python3.8/dist-packages/PyPDF2/utils.py", line 238, in b_
    r = s.encode('latin-1')
UnicodeEncodeError: 'latin-1' codec can't encode character '\u65e0' in position 0: ordinal not in range(256)
Stopped at:
公曆 20廿三年 二月 九日 週四 十六時51分41秒
Sleep for 5sec

this is traceback message: 
current time: 2023-02-09 08:51:50
Traceback (most recent call last):
  File "autocreatereport.py", line 398, in <module>
    pdf_add_pswd(input_file, output_file, pswd)
  File "autocreatereport.py", line 33, in pdf_add_pswd
    out_pdf.encrypt(pswd)
  File "/usr/local/lib/python3.8/dist-packages/PyPDF2/pdf.py", line 424, in encrypt
    O = ByteStringObject(_alg33(owner_pwd, user_pwd, rev, keylen))
  File "/usr/local/lib/python3.8/dist-packages/PyPDF2/pdf.py", line 2906, in _alg33
    key = _alg33_1(owner_pwd, rev, keylen)
  File "/usr/local/lib/python3.8/dist-packages/PyPDF2/pdf.py", line 2935, in _alg33_1
    password = b_((password + str_(_encryption_padding))[:32])
  File "/usr/local/lib/python3.8/dist-packages/PyPDF2/utils.py", line 238, in b_
    r = s.encode('latin-1')
UnicodeEncodeError: 'latin-1' codec can't encode character '\u65e0' in position 0: ordinal not in range(256)
Stopped again at:
公曆 20廿三年 二月 九日 週四 十六時51分50秒

this is traceback message: 
current time: 2023-02-09 09:00:15
Traceback (most recent call last):
  File "autocreatereport.py", line 398, in <module>
    pdf_add_pswd(input_file, output_file, pswd)
  File "autocreatereport.py", line 33, in pdf_add_pswd
    out_pdf.encrypt(pswd)
  File "/usr/local/lib/python3.8/dist-packages/PyPDF2/pdf.py", line 424, in encrypt
    O = ByteStringObject(_alg33(owner_pwd, user_pwd, rev, keylen))
  File "/usr/local/lib/python3.8/dist-packages/PyPDF2/pdf.py", line 2906, in _alg33
    key = _alg33_1(owner_pwd, rev, keylen)
  File "/usr/local/lib/python3.8/dist-packages/PyPDF2/pdf.py", line 2935, in _alg33_1
    password = b_((password + str_(_encryption_padding))[:32])
  File "/usr/local/lib/python3.8/dist-packages/PyPDF2/utils.py", line 238, in b_
    r = s.encode('latin-1')
UnicodeEncodeError: 'latin-1' codec can't encode character '\u65e0' in position 0: ordinal not in range(256)
Stopped at:
公曆 20廿三年 二月 九日 週四 十七時〇分十六秒
Sleep for 5sec

this is traceback message: 
current time: 2023-02-09 09:00:25
Traceback (most recent call last):
  File "autocreatereport.py", line 398, in <module>
    pdf_add_pswd(input_file, output_file, pswd)
  File "autocreatereport.py", line 33, in pdf_add_pswd
    out_pdf.encrypt(pswd)
  File "/usr/local/lib/python3.8/dist-packages/PyPDF2/pdf.py", line 424, in encrypt
    O = ByteStringObject(_alg33(owner_pwd, user_pwd, rev, keylen))
  File "/usr/local/lib/python3.8/dist-packages/PyPDF2/pdf.py", line 2906, in _alg33
    key = _alg33_1(owner_pwd, rev, keylen)
  File "/usr/local/lib/python3.8/dist-packages/PyPDF2/pdf.py", line 2935, in _alg33_1
    password = b_((password + str_(_encryption_padding))[:32])
  File "/usr/local/lib/python3.8/dist-packages/PyPDF2/utils.py", line 238, in b_
    r = s.encode('latin-1')
UnicodeEncodeError: 'latin-1' codec can't encode character '\u65e0' in position 0: ordinal not in range(256)
Stopped again at:
公曆 20廿三年 二月 九日 週四 十七時〇分廿五秒

this is traceback message: 
current time: 2023-02-20 09:23:34
Traceback (most recent call last):
  File "autocreatereport.py", line 398, in <module>
    pdf_add_pswd(input_file, output_file, pswd)
  File "autocreatereport.py", line 34, in pdf_add_pswd
    out_file = open(output_file, "wb")
PermissionError: [Errno 13] Permission denied: '/var/www/html/pdf_reports/2023-02-20/Q230220257.pdf'
Stopped at:
公曆 20廿三年 二月 廿日 週一 十七時廿三分37秒
Sleep for 5sec

this is ex message: 
current time: 2023-02-23 09:37:45
(1044, "Access denied for user 'libo_user'@'%' to database 'libodb'")Stopped again at:
公曆 20廿三年 二月 廿三日 週四 十七時37分46秒

this is ex message: 
current time: 2023-02-23 09:59:22
(1044, "Access denied for user 'libo_user'@'%' to database 'libodb'")Stopped at:
公曆 20廿三年 二月 廿三日 週四 十七時59分廿二秒
Sleep for 5sec

this is ex message: 
current time: 2023-02-23 09:59:29
(1044, "Access denied for user 'libo_user'@'%' to database 'libodb'")Stopped again at:
公曆 20廿三年 二月 廿三日 週四 十七時59分卅秒

this is ex message: 
current time: 2023-02-24 03:48:23
(2003, "Can't connect to MySQL server on 'localhost' (timed out)")Stopped at:
公曆 20廿三年 二月 廿四日 週五 十一時48分廿三秒
Sleep for 5sec

this is ex message: 
current time: 2023-02-24 03:48:59
(2003, "Can't connect to MySQL server on 'localhost' (timed out)")Stopped again at:
公曆 20廿三年 二月 廿四日 週五 十一時48分59秒

this is ex message: 
current time: 2023-02-24 05:02:29
(2003, "Can't connect to MySQL server on 'localhost' (timed out)")Stopped at:
公曆 20廿三年 二月 廿四日 週五 十三時二分廿九秒
Sleep for 5sec

this is ex message: 
current time: 2023-02-24 05:03:06
(2003, "Can't connect to MySQL server on 'localhost' (timed out)")Stopped again at:
公曆 20廿三年 二月 廿四日 週五 十三時三分六秒

this is ex message: 
current time: 2023-02-24 05:58:24
(2003, "Can't connect to MySQL server on 'localhost' ([Errno 111] Connection refused)")Stopped at:
公曆 20廿三年 二月 廿四日 週五 十三時58分廿四秒
Sleep for 5sec

this is ex message: 
current time: 2023-02-24 05:58:31
(2003, "Can't connect to MySQL server on 'localhost' ([Errno 111] Connection refused)")Stopped again at:
公曆 20廿三年 二月 廿四日 週五 十三時58分卅一秒

this is traceback message: 
current time: 2023-02-28 04:58:07
Traceback (most recent call last):
  File "autocreatereport.py", line 398, in <module>
    pdf_add_pswd(input_file, output_file, pswd)
  File "autocreatereport.py", line 34, in pdf_add_pswd
    out_file = open(output_file, "wb")
PermissionError: [Errno 13] Permission denied: '/var/www/html/pdf_reports/2023-02-28/Q230228107.pdf'
Stopped at:
公曆 20廿三年 二月 廿八日 週二 十二時58分廿八秒
Sleep for 5sec

this is traceback message: 
current time: 2023-03-02 08:37:48
Traceback (most recent call last):
  File "autocreatereport.py", line 400, in <module>
    pdf_add_pswd(input_file, output_file, pswd)
  File "autocreatereport.py", line 34, in pdf_add_pswd
    out_file = open(output_file, "wb")
PermissionError: [Errno 13] Permission denied: '/var/www/html/pdf_reports/2023-03-02/Q230302184.pdf'
Stopped at:
公曆 20廿三年 三月 二日 週四 十六時37分56秒
Sleep for 5sec
